24/11/2019 | 23:12:43 | AUKCIJA VOZILO SQLID: 200 | Prodano igracu Pejca_Suarez od admina Saco 
24/11/2019 | 23:28:08 | AUKCIJA VOZILO SQLID: 308 | Prodano igracu Mumitza_Ishtar od admina Saco 
24/11/2019 | 23:46:13 | AUKCIJA VOZILO SQLID: 348 | Prodano igracu Ino42O od admina Saco 
25/11/2019 | 02:21:26 | AUKCIJA VOZILO SQLID: 305 | Prodano igracu Carl od admina Carl 
25/11/2019 | 02:40:56 | AUKCIJA VOZILO SQLID: 297 | Prodano igracu Carl od admina Carl 
25/11/2019 | 12:53:52 | AUKCIJA VOZILO SQLID: 342 | Prodano igracu Kafa_Atwood od admina Mumitza_Ishtar 
25/11/2019 | 12:58:35 | AUKCIJA VOZILO SQLID: 338 | Prodano igracu Mustafa_Castellano od admina Mumitza_Ishtar 
25/11/2019 | 13:01:27 | AUKCIJA VOZILO SQLID: 305 | Prodano igracu Nemanja_Nemanjic od admina Mumitza_Ishtar 
25/11/2019 | 13:47:45 | AUKCIJA VOZILO SQLID: 346 | Prodano igracu Agamendon_White od admina Saco 
25/11/2019 | 16:45:05 | AUKCIJA VOZILO SQLID: 320 | Prodano igracu Lazar_Maradona od admina Saco 
25/11/2019 | 18:02:34 | AUKCIJA VOZILO SQLID: 349 | Prodano igracu Gatusso_Schoudovsky od admina Saco 
25/11/2019 | 18:54:30 | AUKCIJA VOZILO SQLID: 319 | Prodano igracu Luka_Djurkic od admina Saco 
25/11/2019 | 22:08:32 | AUKCIJA VOZILO SQLID: 299 | Prodano igracu Benedetto_Shakur od admina Carl 
25/11/2019 | 22:35:01 | AUKCIJA VOZILO SQLID: 312 | Prodano igracu Carl od admina Carl 
26/11/2019 | 17:56:38 | AUKCIJA VOZILO SQLID: 374 | Prodano igracu Ivona_Atwood od admina Saco 
26/11/2019 | 17:58:21 | AUKCIJA VOZILO SQLID: 375 | Prodano igracu Kafa_Atwood od admina Saco 
26/11/2019 | 18:12:44 | AUKCIJA VOZILO SQLID: 329 | Prodano igracu Mustafa_Castellano od admina Mumitza_Ishtar 
26/11/2019 | 18:13:39 | AUKCIJA VOZILO SQLID: 367 | Prodano igracu Humphrey_Lewrence od admina Mumitza_Ishtar 
27/11/2019 | 14:59:32 | AUKCIJA VOZILO SQLID: 381 | Prodano igracu Djukii_Verssace od admina Mumitza_Ishtar 
27/11/2019 | 16:09:35 | AUKCIJA VOZILO SQLID: 367 | Prodano igracu Humphrey_Lewrence od admina Saco 
27/11/2019 | 16:10:32 | AUKCIJA VOZILO SQLID: 374 | Prodano igracu Ivona_Atwood od admina Saco 
