24/11/2019 | 23:22:15 | Admin Kristijan -> Igrac: Ino42O | Tekst: ocel to HAHAH
24/11/2019 | 23:32:23 | Admin Kristijan -> Igrac: Ino42O | Tekst: sta si se ti udruzio protiv mn AHHAHAHA
24/11/2019 | 23:42:33 | Admin Saco -> Igrac: Depay_Wizzard | Tekst: u Victimu* :)
24/11/2019 | 23:43:09 | Admin Saco -> Igrac: Depay_Wizzard | Tekst: <3
24/11/2019 | 23:59:46 | Admin Saco -> Igrac: Pug_Max | Tekst: tako i za onaj drugi pokreces isto
25/11/2019 | 00:19:43 | Admin Carl -> Igrac: Nidza | Tekst: Nek ti on seta
25/11/2019 | 02:08:08 | Admin Kristijan -> Igrac: Laroyce_Hawkins | Tekst: Dobrodosao
25/11/2019 | 02:15:43 | Admin Teodora_Tea -> Igrac: Laroyce_Hawkins | Tekst: E ne jedi trice molim te
25/11/2019 | 02:17:09 | Admin Carl -> Igrac: Laroyce_Hawkins | Tekst: Zovi ako ta bude trebalo
25/11/2019 | 12:04:35 | Admin Mumitza_Ishtar -> Igrac: Rico_Payne | Tekst: Trenutno mozes samo 2, a ovo moze admin da daje, ubacicu da se dobij25/11/2019 | 12:05:59 | Admin Mumitza_Ishtar -> Igrac: Rico_Payne | Tekst: Javi se Kristijanu za donacije ili na forumu, a sto se tice slotova 25/11/2019 | 12:17:54 | Admin Mumitza_Ishtar -> Igrac: Djukii_Verssace | Tekst: 1v1 ste, nije RPS
25/11/2019 | 12:19:26 | Admin Mumitza_Ishtar -> Igrac: Djukii_Verssace | Tekst: moras mu se pribliziti sa tajzerom na 10m ne moze sa daljine
25/11/2019 | 12:21:55 | Admin Mumitza_Ishtar -> Igrac: Djukii_Verssace | Tekst: Ne dajes WL kada te ubije, vec ima wl..
25/11/2019 | 12:34:54 | Admin Joy_Vasquez -> Igrac: Voyan_Dowerschowsky | Tekst: siso
25/11/2019 | 12:47:10 | Admin Joy_Vasquez -> Igrac: Bork_Scary | Tekst: Dobrodosao za pomoc /n /pitaj
25/11/2019 | 12:49:36 | Admin Mumitza_Ishtar -> Igrac: Aphelios_Senpai | Tekst: ahahahahahahahaha
25/11/2019 | 13:07:28 | Admin Mumitza_Ishtar -> Igrac: Aphelios_Senpai | Tekst: Idi relog ako mozes, izgleda nije Saco nije napravio da ne moze25/11/2019 | 13:12:48 | Admin Joy_Vasquez -> Igrac: Richz_Voohunt | Tekst: aj vam da se grudvamo
25/11/2019 | 13:18:14 | Admin Mumitza_Ishtar -> Igrac: Djukii_Verssace | Tekst: 90 posto, samo srw obrise znak kad napises
25/11/2019 | 13:42:45 | Admin Joy_Vasquez -> Igrac: Djukii_Verssace | Tekst: klk dobijas  na kladionici
25/11/2019 | 13:43:36 | Admin Joy_Vasquez -> Igrac: Cvija_Colucci | Tekst: DObrodosao
25/11/2019 | 14:07:54 | Admin Saco -> Igrac: Saiyan_Barzini | Tekst: Jeste rijesili sve zadatke ti i brat? :)
25/11/2019 | 14:27:37 | Admin Kristijan -> Igrac: Ino42O | Tekst: sad ce ban
25/11/2019 | 14:27:45 | Admin Kristijan -> Igrac: Mihajlo_Scaletta | Tekst: sad ce ban
25/11/2019 | 14:46:26 | Admin Joy_Vasquez -> Igrac: Milo_Djukanovic | Tekst: des
25/11/2019 | 15:37:59 | Admin Kristijan -> Igrac: Filip_Laki | Tekst: Dobrodosao
25/11/2019 | 17:05:38 | Admin Saco -> Igrac: Jofke_Max | Tekst: nikog na ts nema...
25/11/2019 | 17:54:59 | Admin Saco -> Igrac: Bandula_Ballano | Tekst: Ako ti nitko nije rekao imas /zadaci za klip zanimljivo :P
25/11/2019 | 18:02:50 | Admin Pejca_Suarez -> Igrac: Luka_Djurkic | Tekst: jos 1h i lvl 10
25/11/2019 | 18:25:34 | Admin White -> Igrac: Haris_Barzini | Tekst: ;)
25/11/2019 | 18:31:23 | Admin Saco -> Igrac: Luka_Djurkic | Tekst: sekund
25/11/2019 | 19:10:27 | Admin Kristijan -> Igrac: Jason_Remington | Tekst: /tdsettings
25/11/2019 | 19:10:51 | Admin Pablo -> Igrac: Jason_Remington | Tekst: /toghud
25/11/2019 | 19:13:23 | Admin Pablo -> Igrac: Saco | Tekst: prestani da se kurcis 
25/11/2019 | 19:13:30 | Admin Saco -> Igrac: Pablo | Tekst: ok :(
25/11/2019 | 21:14:03 | Admin Saco -> Igrac: Nile_Castello | Tekst: isti smo
25/11/2019 | 21:14:04 | Admin Pablo -> Igrac: Nile_Castello | Tekst: <3
25/11/2019 | 21:15:36 | Admin Saco -> Igrac: Nile_Castello | Tekst: lete lete pare
25/11/2019 | 21:17:56 | Admin Pablo -> Igrac: Nile_Castello | Tekst: Bogdan je moj prijatelj
25/11/2019 | 21:19:12 | Admin Pablo -> Igrac: Nile_Castello | Tekst: Sve za pare
25/11/2019 | 21:38:52 | Admin Pablo -> Igrac: Mirza_Coler | Tekst: mozem
25/11/2019 | 22:03:31 | Admin Pejca_Suarez -> Igrac: Nemanja_Nemanjic | Tekst: uzivaj
25/11/2019 | 22:55:13 | Admin Teodora_Tea -> Igrac: Dzony_Vasquez | Tekst: Zahvaljujem puno
25/11/2019 | 23:02:36 | Admin Joy_Vasquez -> Igrac: Bill_Fostern | Tekst: ?
25/11/2019 | 23:04:08 | Admin Joy_Vasquez -> Igrac: Bill_Fostern | Tekst: Nisam èekao nego sam ga traio nisam ni znao kako izgleda mislio sam 25/11/2019 | 23:15:38 | Admin Joy_Vasquez -> Igrac: Dzony_Vasquez | Tekst: Hvala puno.
26/11/2019 | 00:07:48 | Admin Benedetto_Shakur -> Igrac: Radovan_Vuk | Tekst: Upravu si brate
26/11/2019 | 00:09:33 | Admin Benedetto_Shakur -> Igrac: Kristijan_Rage | Tekst: Nikad èuo brate moj
26/11/2019 | 01:50:31 | Admin Fetzy -> Igrac: Legija_Kanter | Tekst: trenutno su iskljucene
26/11/2019 | 09:55:35 | Admin Joy_Vasquez -> Igrac: Tica_Wilson | Tekst: Nisam voða doæi æe on poslije
26/11/2019 | 09:56:25 | Admin Joy_Vasquez -> Igrac: Tica_Wilson | Tekst: Kico afk
26/11/2019 | 15:49:21 | Admin Ivona_Atwood -> Igrac: Joker_Barzini | Tekst: cao ribo 
26/11/2019 | 15:49:26 | Admin Ivona_Atwood -> Igrac: Milo_Djukanovic | Tekst: cao ribo 
26/11/2019 | 15:49:32 | Admin Ivona_Atwood -> Igrac: Joker_Barzini | Tekst: krivi id 
26/11/2019 | 17:29:17 | Admin Pejca_Suarez -> Igrac: Nemanja_Nemanjic | Tekst: reci, sta treba druze
26/11/2019 | 17:39:58 | Admin Ghetoven -> Igrac: Vuk_Original | Tekst: /spawnchange
26/11/2019 | 17:50:05 | Admin Joy_Vasquez -> Igrac: Pira_Trki | Tekst: eldar je
26/11/2019 | 18:02:43 | Admin Joy_Vasquez -> Igrac: Selca_Trki | Tekst: Dobrodoso
26/11/2019 | 18:08:06 | Admin Fetzy -> Igrac: Stefan_Peruzzi | Tekst: ne
26/11/2019 | 18:25:20 | Admin Joy_Vasquez -> Igrac: Haris_Dark | Tekst: /tdsettings i trece idi
26/11/2019 | 18:25:27 | Admin Joy_Vasquez -> Igrac: Pira_Trki | Tekst: /posaoskillovi
26/11/2019 | 18:28:42 | Admin Joy_Vasquez -> Igrac: Selca_Trki | Tekst: /tdsettings i idi trece
26/11/2019 | 18:35:58 | Admin Pablo -> Igrac: Ficho_Collonelo | Tekst: Makar bilo i 0 igraca, botova nece bit
26/11/2019 | 18:49:46 | Admin Mumitza_Ishtar -> Igrac: Nemanja_Nemanjic | Tekst: prijavi na forumu sa dokazima
26/11/2019 | 18:54:58 | Admin Pejca_Suarez -> Igrac: Emilio_Cappone | Tekst: dodali smo za sve po 2
26/11/2019 | 18:57:42 | Admin Pablo -> Igrac: Ficho_Collonelo | Tekst: Zvali su me brzi
26/11/2019 | 19:30:29 | Admin Mumitza_Ishtar -> Igrac: Djukii_Verssace | Tekst: 500h neaktivnosti
26/11/2019 | 19:32:27 | Admin Mumitza_Ishtar -> Igrac: Jewik_Texas | Tekst: Cek hahahaha
26/11/2019 | 20:15:48 | Admin Benedetto_Shakur -> Igrac: Eric_Davidich | Tekst: Uði u vozilo
26/11/2019 | 20:16:03 | Admin Benedetto_Shakur -> Igrac: Eric_Davidich | Tekst: Wrong
26/11/2019 | 20:23:24 | Admin Fanste_Vutralone -> Igrac: Luka_Djurkic | Tekst: Invalid /report
26/11/2019 | 22:00:43 | Admin Kristijan -> Igrac: Don_Raul | Tekst: dje si legendo :P
27/11/2019 | 00:00:37 | Admin Teodora_Tea -> Igrac: Kristijan_Rage | Tekst: Pozdrav
27/11/2019 | 17:08:57 | Admin Pejca_Suarez -> Igrac: Djukii_Verssace | Tekst: nema nista od toga
27/11/2019 | 17:15:06 | Admin Pejca_Suarez -> Igrac: Djukii_Verssace | Tekst: mozdaa
27/11/2019 | 18:25:41 | Admin Fetzy -> Igrac: Stefan_Peruzzi | Tekst: jos malo braticu :)
27/11/2019 | 18:33:56 | Admin Fetzy -> Igrac: Stefan_Peruzzi | Tekst: random su nagrade.
27/11/2019 | 18:36:03 | Admin Fetzy -> Igrac: Stefan_Peruzzi | Tekst: Winewood
27/11/2019 | 18:48:00 | Admin Fetzy -> Igrac: Stefan_Peruzzi | Tekst: jesi samo friend req
27/11/2019 | 19:02:08 | Admin Pejca_Suarez -> Igrac: Marko_Kuzmanovic | Tekst: udji u auto
27/11/2019 | 19:04:25 | Admin Pejca_Suarez -> Igrac: Marko_Kuzmanovic | Tekst: udji u auto kad trazis fix
27/11/2019 | 19:57:29 | Admin Benedetto_Shakur -> Igrac: Nemanja_Somax | Tekst: Hahahahha :D
27/11/2019 | 19:58:23 | Admin Benedetto_Shakur -> Igrac: Nemanja_Somax | Tekst: Ko rizikuje taj i dobija, pokuo si opljaèkat, nekad æe ti poæ 27/11/2019 | 20:25:28 | Admin Benedetto_Shakur -> Igrac: Nemanja_Somax | Tekst: To se zove sad si jeban :P
27/11/2019 | 20:28:54 | Admin Fanste_Vutralone -> Igrac: Ana_Vujosevic | Tekst: Postovani imate taxi!
27/11/2019 | 20:53:23 | Admin Fanste_Vutralone -> Igrac: Laza_Obradovic | Tekst: Potrebani su samo lideri !
27/11/2019 | 20:53:26 | Admin Danilo_Kaybrekovin -> Igrac: Laza_Obradovic | Tekst: Nema toga kod nas.
27/11/2019 | 20:56:03 | Admin Ghetoven -> Igrac: Skull_Barzini | Tekst: Saco ce cim dode to rijesiti on zna dogovor sa Barzinijima
27/11/2019 | 20:57:30 | Admin Ghetoven -> Igrac: Skull_Barzini | Tekst: Eto ga, Barzini dogovor :D uzivaj
27/11/2019 | 21:25:28 | Admin Pablo -> Igrac: Zevs_Barzini | Tekst: tajna je :P
27/11/2019 | 21:36:55 | Admin Pablo -> Igrac: Stefi_King | Tekst: da
27/11/2019 | 21:48:21 | Admin Pablo -> Igrac: Hare_Escobar | Tekst: ne mora bas me i do al' pravila mora postovat
27/11/2019 | 21:50:37 | Admin Pablo -> Igrac: Hare_Escobar | Tekst: zavrsi s njom, portaj se
27/11/2019 | 21:51:19 | Admin Danilo_Kaybrekovin -> Igrac: Don_Castellano | Tekst: Ne pominji druge Servere!
27/11/2019 | 21:51:20 | Admin Danilo_Kaybrekovin -> Igrac: Don_Castellano | Tekst: Ne pominji druge Servere!
27/11/2019 | 21:51:21 | Admin Danilo_Kaybrekovin -> Igrac: Don_Castellano | Tekst: Ne pominji druge Servere!
27/11/2019 | 21:51:46 | Admin Danilo_Kaybrekovin -> Igrac: Ana_Vujosevic | Tekst: Pripazi na recnik
27/11/2019 | 21:52:14 | Admin Danilo_Kaybrekovin -> Igrac: Ana_Vujosevic | Tekst: Stavi zalbu na forum.
27/11/2019 | 21:54:45 | Admin Pablo -> Igrac: Ivona_Atwood | Tekst: /smsad
27/11/2019 | 21:55:55 | Admin Danilo_Kaybrekovin -> Igrac: Filip_Emic | Tekst: Vec si jednom pitao, ako budes prihvacen bices testan
27/11/2019 | 22:52:07 | Admin Teodora_Tea -> Igrac: Kristijan_Rage | Tekst: Jesam
27/11/2019 | 23:04:38 | Admin Pejca_Suarez -> Igrac: Toni_Leap | Tekst: si tu
27/11/2019 | 23:19:19 | Admin Benedetto_Shakur -> Igrac: Kristijan_Rage | Tekst: Bez oglasa ovakvih brate..
27/11/2019 | 23:44:04 | Admin Pablo -> Igrac: Ino42O | Tekst: Warn za speed 
27/11/2019 | 23:44:06 | Admin Pablo -> Igrac: Ino42O | Tekst: Warn za speed 
27/11/2019 | 23:44:06 | Admin Pablo -> Igrac: Ino42O | Tekst: Warn za speed 
27/11/2019 | 23:44:47 | Admin Jackson_Teller -> Igrac: Ino42O | Tekst: Ajde se potrudi da ne budes toliko ocigledan narocito kada ima igraca...27/11/2019 | 23:45:02 | Admin Jackson_Teller -> Igrac: Ino42O | Tekst: To nije sad
27/11/2019 | 23:45:06 | Admin Jackson_Teller -> Igrac: Ino42O | Tekst: Ali inace
27/11/2019 | 23:46:21 | Admin Benedetto_Shakur -> Igrac: Ino42O | Tekst: Koristi ti slobodno dalje od grada, nemoj u LSu...
28/11/2019 | 00:07:15 | Admin Pablo -> Igrac: Kristijan_Rage | Tekst: LN :)
28/11/2019 | 00:08:07 | Admin Ivona_Atwood -> Igrac: Vedran_Vrbic | Tekst: pa disi haah
28/11/2019 | 00:26:13 | Admin Kristijan -> Igrac: Klkopuschi_Nsuguschi | Tekst: Dobrodosao
28/11/2019 | 13:22:55 | Admin Pejca_Suarez -> Igrac: Filip_Emic | Tekst: moze
28/11/2019 | 13:26:12 | Admin Pejca_Suarez -> Igrac: Filip_Emic | Tekst: doci ce, cekaj
28/11/2019 | 15:50:51 | Admin Ghetoven -> Igrac: Zevs_Barzini | Tekst: et
28/11/2019 | 15:51:16 | Admin Ghetoven -> Igrac: Vedran_Vrbic | Tekst: pokusaj aopet
28/11/2019 | 15:51:41 | Admin Ghetoven -> Igrac: Vedran_Vrbic | Tekst: inace ako se to desi imas /refresh
28/11/2019 | 15:53:43 | Admin Ghetoven -> Igrac: Melaa_Mujkich | Tekst: inace bit ce sad u nedelju to sredeno, kad bude update nece trebat vise28/11/2019 | 17:01:58 | Admin Ivona_Atwood -> Igrac: Adnan_Gotti | Tekst: sta treba
28/11/2019 | 19:59:16 | Admin Pablo -> Igrac: Momenzi_Brt | Tekst: RK
28/11/2019 | 20:15:44 | Admin Pejca_Suarez -> Igrac: Toni_Leap | Tekst: gde si sine
28/11/2019 | 20:15:46 | Admin Kristijan -> Igrac: Momenzi_Brt | Tekst: nemoj ga ahhaha
28/11/2019 | 20:15:50 | Admin Pejca_Suarez -> Igrac: Toni_Leap | Tekst: za malo na dgl event da stignes
28/11/2019 | 20:24:49 | Admin Pablo -> Igrac: Marko_Kuzmanovic | Tekst: na 30 + igraca
28/11/2019 | 22:01:18 | Admin Pejca_Suarez -> Igrac: Jusuf_Barzini | Tekst: da
28/11/2019 | 22:33:36 | Admin Benedetto_Shakur -> Igrac: Kiro_Kircov | Tekst: Ne, sve je  zauzeto.
28/11/2019 | 22:48:55 | Admin Benedetto_Shakur -> Igrac: Stefi_King | Tekst: Ne moe niko u Sheriff, ima dovoljno u Sheriffu.
