25/11/2019 | 17:24:06 | GAMEMASTER Ahmet_Castellano -> Igrac: Nick_White | Tekst: Hvala na pohvali <3 !
25/11/2019 | 19:08:15 | GAMEMASTER Melaa_Mujkich -> Igrac: Ana_Vujosevic | Tekst: na eventu si freez si
26/11/2019 | 16:59:39 | GAMEMASTER Ahmet_Castellano -> Igrac: Haris_Barzini | Tekst: nece bit,bit ce izbacen
26/11/2019 | 17:58:24 | GAMEMASTER Ahmet_Castellano -> Igrac: Jusuf_Barzini | Tekst: u electric shopu
26/11/2019 | 18:35:46 | GAMEMASTER Ahmet_Castellano -> Igrac: Ficho_Collonelo | Tekst: tako je :D
26/11/2019 | 18:51:54 | GAMEMASTER Ahmet_Castellano -> Igrac: Saiyan_Barzini | Tekst: POZZ FOR YOUTUBE :) :)
26/11/2019 | 18:51:55 | GAMEMASTER Ahmet_Castellano -> Igrac: Saiyan_Barzini | Tekst: POZZ FOR YOUTUBE :) :)
26/11/2019 | 19:28:22 | GAMEMASTER Ahmet_Castellano -> Igrac: Kafa_Atwood | Tekst: reci Caponetu za mene,ako nisi vidio Richza haha
27/11/2019 | 13:39:16 | GAMEMASTER Ahmet_Castellano -> Igrac: Kafa_Atwood | Tekst: nastavi mustafi
27/11/2019 | 13:39:18 | GAMEMASTER Ahmet_Castellano -> Igrac: Kafa_Atwood | Tekst: nastavi mustafi
27/11/2019 | 13:39:46 | GAMEMASTER Ahmet_Castellano -> Igrac: Kafa_Atwood | Tekst: ces mu skinuti ?
27/11/2019 | 13:39:53 | GAMEMASTER Kafa_Atwood -> Igrac: Ahmet_Castellano | Tekst: ne
27/11/2019 | 14:39:46 | GAMEMASTER Ahmet_Castellano -> Igrac: Marko_Kuzmanovic | Tekst: gdje si
27/11/2019 | 18:07:23 | GAMEMASTER Mustafa_Castellano -> Igrac: Wizard_Castello | Tekst: ne moze imas wl
27/11/2019 | 19:02:28 | GAMEMASTER Ahmet_Castellano -> Igrac: Pejca_Suarez | Tekst: jel 
27/11/2019 | 21:21:44 | GAMEMASTER Ahmet_Castellano -> Igrac: Don_Castellano | Tekst: Ne,u electric shopu
28/11/2019 | 15:26:17 | GAMEMASTER Ahmet_Castellano -> Igrac: Phoenix_Cappone | Tekst: /napustitdm napisi
28/11/2019 | 15:26:20 | GAMEMASTER Ahmet_Castellano -> Igrac: Phoenix_Cappone | Tekst: /napustitdm napisi
28/11/2019 | 18:28:14 | GAMEMASTER Ahmet_Castellano -> Igrac: Marko_Kuzmanovic | Tekst: Uzivaj :) 
28/11/2019 | 18:37:52 | GAMEMASTER Ahmet_Castellano -> Igrac: Marko_Kuzmanovic | Tekst: Evo
28/11/2019 | 19:40:48 | GAMEMASTER Ahmet_Castellano -> Igrac: Marko_Kuzmanovic | Tekst: evo
28/11/2019 | 20:16:55 | GAMEMASTER Ahmet_Castellano -> Igrac: Filip_Emic | Tekst: Pomerice te on valjdad
28/11/2019 | 20:16:58 | GAMEMASTER Ahmet_Castellano -> Igrac: Filip_Emic | Tekst: Pomerice te on valjda :)
28/11/2019 | 20:19:19 | GAMEMASTER Ahmet_Castellano -> Igrac: Filip_Emic | Tekst: ode ti pregledat konkurs na forum i doci ce
28/11/2019 | 20:26:44 | GAMEMASTER Ahmet_Castellano -> Igrac: Maki_Maestro | Tekst: Otvoren je konkurs na forumu /forum !
28/11/2019 | 21:41:14 | GAMEMASTER Ahmet_Castellano -> Igrac: Mustafa_Castellano | Tekst: saiyan Barzini
28/11/2019 | 21:56:58 | GAMEMASTER Ahmet_Castellano -> Igrac: Mustafa_Castellano | Tekst: /o Hint,nalazi se blizu teniskih terena !
