25/11/2019 | 00:09:13 | Igrac Elitna_Corelli je kupio dozvolu za oruzje
25/11/2019 | 00:15:13 | Igrac Jofke_Max je kupio dozvolu za oruzje
25/11/2019 | 00:20:27 | Igrac Pug_Max je kupio dozvolu za oruzje
25/11/2019 | 01:00:54 | Igrac Toni_Leap je kupio dozvolu za oruzje
25/11/2019 | 03:12:33 | Igrac Jhonny_Marley je kupio dozvolu za oruzje
25/11/2019 | 06:35:07 | Igrac Rico_Payne je kupio dozvolu za oruzje
25/11/2019 | 09:07:50 | Igrac Stefan_Peruzzi je kupio dozvolu za oruzje
25/11/2019 | 09:39:18 | Igrac Mihajlo_Miha je kupio dozvolu za oruzje
25/11/2019 | 10:09:51 | Igrac Kristijan_Rage je kupio dozvolu za oruzje
25/11/2019 | 10:15:12 | Igrac Vedad_Vedoxx je kupio dozvolu za oruzje
25/11/2019 | 10:35:51 | Igrac Jackson_Teller je kupio dozvolu za oruzje
25/11/2019 | 12:38:29 | Igrac Voyan_Dowerschowsky je kupio dozvolu za oruzje
25/11/2019 | 12:40:41 | Igrac Laroyce_Hawkins je kupio dozvolu za oruzje
25/11/2019 | 13:00:51 | Igrac Azur_Sehix je kupio dozvolu za oruzje
25/11/2019 | 13:03:57 | Igrac Bill_Fostern je kupio dozvolu za oruzje
25/11/2019 | 15:51:44 | Igrac Wolverin_Gotti je kupio dozvolu za oruzje
25/11/2019 | 16:29:52 | Igrac Coondor_Vasqueez je kupio dozvolu za oruzje
25/11/2019 | 16:44:33 | Igrac Stefki_Barzini je kupio dozvolu za oruzje
25/11/2019 | 16:55:23 | Igrac Stela_Barzini je kupio dozvolu za oruzje
25/11/2019 | 17:28:30 | Igrac Donald_Cobain je kupio dozvolu za oruzje
25/11/2019 | 17:29:26 | Igrac Dylan_Payne je kupio dozvolu za oruzje
25/11/2019 | 18:28:58 | Igrac Kurt_Cobain je kupio dozvolu za oruzje
25/11/2019 | 18:31:17 | Igrac Trky_Morunjo je kupio dozvolu za oruzje
25/11/2019 | 18:42:23 | Igrac Stefan_Motikanovic je kupio dozvolu za oruzje
25/11/2019 | 18:50:13 | Igrac Milos_Polimac je kupio dozvolu za oruzje
25/11/2019 | 19:00:15 | Igrac Ana_Vujosevic je kupio dozvolu za oruzje
25/11/2019 | 19:31:18 | Igrac Medic_Gallardo je kupio dozvolu za oruzje
25/11/2019 | 19:47:24 | Igrac Samed_Pawno je kupio dozvolu za oruzje
25/11/2019 | 22:05:53 | Igrac Stefi_King je kupio dozvolu za oruzje
25/11/2019 | 22:12:37 | Igrac Leo_Close je kupio dozvolu za oruzje
25/11/2019 | 23:43:17 | Igrac Pablo je kupio dozvolu za oruzje
25/11/2019 | 23:43:25 | Igrac Eric_Davidich je kupio dozvolu za oruzje
26/11/2019 | 10:33:14 | Igrac Emiir_Boss je kupio dozvolu za oruzje
26/11/2019 | 13:47:58 | Igrac Marko_Kuzmanovic je kupio dozvolu za oruzje
26/11/2019 | 17:08:16 | Igrac Kristijan_Henderson je kupio dozvolu za oruzje
26/11/2019 | 19:34:41 | Igrac Zloy_Bling je kupio dozvolu za oruzje
26/11/2019 | 22:33:06 | Igrac Phoenix_Cappone je kupio dozvolu za oruzje
26/11/2019 | 23:27:15 | Igrac Cosa_Boos je kupio dozvolu za oruzje
27/11/2019 | 14:20:26 | Igrac Kafa_Atwood je kupio dozvolu za oruzje
27/11/2019 | 16:07:13 | Igrac Nikola_Drobnjak je kupio dozvolu za oruzje
27/11/2019 | 19:02:07 | Igrac Vaniamin_Lesnichy je kupio dozvolu za oruzje
27/11/2019 | 19:25:32 | Igrac Refa_Corleone je kupio dozvolu za oruzje
27/11/2019 | 20:35:53 | Igrac Zevs_Barzini je kupio dozvolu za oruzje
27/11/2019 | 21:31:52 | Igrac Jusuf_Barzini je kupio dozvolu za oruzje
27/11/2019 | 21:42:24 | Igrac Skull_Barzini je kupio dozvolu za oruzje
28/11/2019 | 03:45:43 | Igrac Al_Capone je kupio dozvolu za oruzje
28/11/2019 | 13:25:58 | Igrac Ogisa_Capone je kupio dozvolu za oruzje
28/11/2019 | 13:26:58 | Igrac Filip_Emic je kupio dozvolu za oruzje
28/11/2019 | 16:17:48 | Igrac Karlo_Zakhaew je kupio dozvolu za oruzje
28/11/2019 | 16:48:01 | Igrac Vedran_Vrbic je kupio dozvolu za oruzje
28/11/2019 | 18:25:54 | Igrac Rob_Cohen je kupio dozvolu za oruzje
28/11/2019 | 22:00:26 | Igrac Nikola_Kokanovic je kupio dozvolu za oruzje
