24/11/2019 | 23:13:18 | Admin Saco je dao 300000$ igracu Pejca_Suarez.
24/11/2019 | 23:13:38 | Admin Saco je dao 200000$ igracu Pejca_Suarez.
24/11/2019 | 23:24:29 | Admin Saco je dao 500000$ igracu Zeka_Barzini.
25/11/2019 | 14:18:55 | Admin Saco je dao 1000000$ igracu Saiyan_Barzini.
25/11/2019 | 14:44:50 | Admin Saco je dao 150000$ igracu Jusuf_Barzini.
25/11/2019 | 16:31:10 | Admin Saco je dao 150000$ igracu Stefki_Barzini.
25/11/2019 | 16:50:22 | Admin Saco je dao 150000$ igracu Stela_Barzini.
25/11/2019 | 17:00:47 | Admin Saco je dao 150000$ igracu Jusufina_Barzini.
25/11/2019 | 17:10:02 | Admin Saco je dao 5000000$ igracu Saco.
25/11/2019 | 19:04:12 | Admin Saco je dao 50000$ igracu El_Max.
25/11/2019 | 20:08:54 | Admin Kristijan je dao 150000$ igracu Pug_Max.
25/11/2019 | 20:17:03 | Admin Ghetoven je dao 1000000$ igracu Ghetoven.
25/11/2019 | 20:30:34 | Admin Saco je dao 1700000$ igracu Saco.
25/11/2019 | 21:26:17 | Admin Saco je dao 1000000$ igracu Danilo_Kaybrekovin.
25/11/2019 | 23:31:18 | Admin Mumitza_Ishtar je dao 3000000$ igracu Mumitza_Ishtar.
26/11/2019 | 00:39:27 | Admin White je dao 5000000$ igracu White.
26/11/2019 | 01:39:52 | Admin White je dao 5000$ igracu Legija_Kanter.
26/11/2019 | 01:40:00 | Admin White je dao 5000$ igracu Legija_Kanter.
26/11/2019 | 19:24:23 | Admin Mumitza_Ishtar je dao 75000$ igracu Emilio_Cappone.
27/11/2019 | 15:02:12 | Admin Mumitza_Ishtar je dao 50000$ igracu Ahmet_Castellano.
27/11/2019 | 17:02:55 | Admin Saco je dao 50000$ igracu Djukii_Verssace.
27/11/2019 | 20:11:59 | Admin Ghetoven je dao 10000$ igracu Djukii_Verssace.
27/11/2019 | 20:57:15 | Admin Ghetoven je dao 150000$ igracu Skull_Barzini.
28/11/2019 | 15:50:47 | Admin Ghetoven je dao 150000$ igracu Zevs_Barzini.
28/11/2019 | 20:17:15 | Admin Kristijan je dao 100000$ igracu Ahmet_Corelli.
