25/11/2019 | 14:41:23 | Admin Saco je jailovao igraca Richz_Voohunt | Razlog: reko sam ne
25/11/2019 | 19:19:21 | Admin Richz_Voohunt je jailovao igraca Richz_Voohunt | Razlog: test.
25/11/2019 | 19:22:17 | Admin Richz_Voohunt je jailovao igraca Error_Torwil | Razlog: PA-Kafa.
25/11/2019 | 20:02:45 | Admin Richz_Voohunt je jailovao igraca Stefan_Motikanovic | Razlog: CK
25/11/2019 | 20:13:26 | Admin Christopher_Mahoney je jailovao igraca Slavko_Max | Razlog: invaskq/report
25/11/2019 | 21:29:41 | Admin Richz_Voohunt je jailovao igraca Richz_Voohunt | Razlog: test
26/11/2019 | 01:15:07 | Admin Saco je jailovao igraca Fetzy | Razlog: cheat
26/11/2019 | 02:50:23 | Admin Danilo_Kaybrekovin je jailovao igraca Danilo_Kaybrekovin | Razlog: Test
26/11/2019 | 14:00:13 | Admin Kafa_Atwood je jailovao igraca Djukii_Verssace | Razlog: NONRP
26/11/2019 | 15:08:57 | Admin Richz_Voohunt je jailovao igraca Jusuf_Barzini | Razlog: Ponaanje
26/11/2019 | 15:28:52 | Admin Richz_Voohunt je jailovao igraca Jusuf_Barzini | Razlog: TK + PVE
26/11/2019 | 16:39:26 | Admin Richz_Voohunt je jailovao igraca Nemanja_Nemanjic | Razlog: NonRP
26/11/2019 | 18:00:03 | Admin Saco je jailovao igraca Ivona_Atwood | Razlog: sta radis?
26/11/2019 | 19:25:44 | Admin Pablo je jailovao igraca Pablo | Razlog: Zapalio kladionicu *10 godina mitrovice
26/11/2019 | 19:26:19 | Admin Richz_Voohunt je jailovao igraca Rico_Payne | Razlog: RPS
26/11/2019 | 20:18:03 | Admin Richz_Voohunt je jailovao igraca Stefi_King | Razlog: Abuse.
27/11/2019 | 16:30:42 | Admin Benedetto_Shakur je jailovao igraca Djukii_Verssace | Razlog: RPS
27/11/2019 | 20:24:46 | Admin Benedetto_Shakur je jailovao igraca Zeka_Barzini | Razlog: DM Ahmet
27/11/2019 | 20:28:55 | Admin Benedetto_Shakur je jailovao igraca Djukii_Verssace | Razlog: Tazz Vs Gun
27/11/2019 | 21:42:55 | Admin Hare_Escobar je jailovao igraca Ana_Vujosevic | Razlog: LOS.PD.NONRP
