24/11/2019 | 23:07:58 | Igrac Vuk_Original je kupio vozilo Landstalker u salonu ID 0
25/11/2019 | 10:59:44 | Igrac Gatusso_Schoudovsky je kupio vozilo Jester u salonu ID 0
25/11/2019 | 12:22:22 | Igrac Emrah_Coral je kupio vozilo Turismo u salonu ID 0
25/11/2019 | 12:45:14 | Igrac Adnan_Gotti je kupio vozilo Jester u salonu ID 0
25/11/2019 | 12:54:57 | Igrac Mumitza_Ishtar je kupio vozilo Pizzaboy u salonu ID 3
25/11/2019 | 14:40:42 | Igrac Ivona_Atwood je kupio vozilo Banshee u salonu ID 0
25/11/2019 | 15:31:00 | Igrac Nemanja_Nemanjic je kupio vozilo Bullet u salonu ID 0
25/11/2019 | 16:39:41 | Igrac Latore_Wallace je kupio vozilo Jester u salonu ID 0
25/11/2019 | 16:40:28 | Igrac Richz_Voohunt je kupio vozilo BF-400 u salonu ID 3
25/11/2019 | 16:41:18 | Igrac Richz_Voohunt je kupio vozilo Freeway u salonu ID 3
25/11/2019 | 17:19:22 | Igrac Kafa_Atwood je kupio vozilo Freeway u salonu ID 3
25/11/2019 | 17:42:45 | Igrac Error_Torwil je kupio vozilo Hustler u salonu ID 1
25/11/2019 | 18:01:29 | Igrac Donald_Cobain je kupio vozilo Admiral u salonu ID 0
25/11/2019 | 18:58:11 | Igrac Rico_Payne je kupio vozilo Bullet u salonu ID 0
25/11/2019 | 19:04:14 | Igrac Max_Barzini je kupio vozilo Comet u salonu ID 0
25/11/2019 | 20:29:09 | Igrac Saiyan_Barzini je kupio vozilo Elegy u salonu ID 0
25/11/2019 | 20:30:52 | Igrac Saco je kupio vozilo Sultan u salonu ID 0
25/11/2019 | 20:59:49 | Igrac Nile_Castello je kupio vozilo FCR-900 u salonu ID 3
25/11/2019 | 22:08:44 | Igrac Haris_Barzini je kupio vozilo Cheetah u salonu ID 0
25/11/2019 | 22:12:09 | Igrac Humphrey_Lewrence je kupio vozilo Uranus u salonu ID 0
25/11/2019 | 23:11:23 | Igrac Joy_Vasquez je kupio vozilo Maverick u salonu ID 5
26/11/2019 | 11:09:40 | Igrac Luka_Djurkic je kupio vozilo Euros u salonu ID 1
26/11/2019 | 11:42:28 | Igrac Milos_Polimac je kupio vozilo Sunrise u salonu ID 2
26/11/2019 | 11:53:15 | Igrac Luka_Djurkic je kupio vozilo Beagle u salonu ID 4
26/11/2019 | 13:37:03 | Igrac Mario_Marich je kupio vozilo Comet u salonu ID 0
26/11/2019 | 17:12:52 | Igrac Jusuf_Barzini je kupio vozilo Banshee u salonu ID 0
26/11/2019 | 18:46:13 | Igrac Pejca_Suarez je kupio vozilo Huntley u salonu ID 0
26/11/2019 | 18:46:31 | Igrac Richz_Voohunt je kupio vozilo Cheetah u salonu ID 0
26/11/2019 | 18:52:13 | Igrac Begovic je kupio vozilo Comet u salonu ID 0
26/11/2019 | 18:53:00 | Igrac Begovic je kupio vozilo Super GT u salonu ID 0
26/11/2019 | 19:01:06 | Igrac Emilio_Cappone je kupio vozilo Sultan u salonu ID 0
26/11/2019 | 20:06:17 | Igrac Djukii_Verssace je kupio vozilo Turismo u salonu ID 0
26/11/2019 | 20:28:32 | Igrac Kurt_Cobain je kupio vozilo Landstalker u salonu ID 0
26/11/2019 | 22:15:42 | Igrac Stefi_King je kupio vozilo Admiral u salonu ID 0
26/11/2019 | 23:00:02 | Igrac Carl je kupio vozilo Stafford u salonu ID 0
27/11/2019 | 00:49:14 | Igrac Toni_Leap je kupio vozilo Sultan u salonu ID 0
27/11/2019 | 13:01:08 | Igrac Hamza_Trki je kupio vozilo Super GT u salonu ID 0
27/11/2019 | 13:47:59 | Igrac Phoenix_Cappone je kupio vozilo Uranus u salonu ID 0
27/11/2019 | 14:01:07 | Igrac Marko_Kuzmanovic je kupio vozilo Turismo u salonu ID 0
27/11/2019 | 14:15:40 | Igrac Melaa_Mujkich je kupio vozilo Comet u salonu ID 0
27/11/2019 | 16:37:20 | Igrac Error_Torwil je kupio vozilo Infernus u salonu ID 0
27/11/2019 | 17:02:07 | Igrac Error_Torwil je kupio vozilo Bullet u salonu ID 0
27/11/2019 | 17:04:00 | Igrac Zeka_Barzini je kupio vozilo Cheetah u salonu ID 0
27/11/2019 | 17:24:32 | Igrac Humphrey_Lewrence je kupio vozilo Elegy u salonu ID 0
27/11/2019 | 17:44:24 | Igrac Adnan_Gotti je kupio vozilo Elegy u salonu ID 0
27/11/2019 | 21:46:26 | Igrac Trky_Morunjo je kupio vozilo Infernus u salonu ID 0
27/11/2019 | 22:00:25 | Igrac Eric_Davidich je kupio vozilo Majestic u salonu ID 1
28/11/2019 | 16:57:31 | Igrac Vedran_Vrbic je kupio vozilo Launch u salonu ID 6
28/11/2019 | 21:01:08 | Igrac Jewik_Texas je kupio vozilo Freeway u salonu ID 3
