25/11/2019 | 15:13:27 | Spec Admin Richz_Voohunt je kikovao igraca Dzoni_Celine | Razlog: Ponaanje.
25/11/2019 | 16:04:00 | Spec Admin Richz_Voohunt je kikovao igraca Jofke_Max | Razlog: Spam.
25/11/2019 | 16:04:12 | Admin Kristijan je kikovao igraca Richz_Voohunt | Razlog: .
25/11/2019 | 16:51:52 | Spec Admin Richz_Voohunt je kikovao igraca Lazar_Maradona | Razlog: Traio
25/11/2019 | 17:06:57 | Spec Admin Richz_Voohunt je kikovao igraca Laroyce_Hawkins | Razlog: 0
25/11/2019 | 17:57:02 | Spec Admin Richz_Voohunt je kikovao igraca Melaa_Mujkich | Razlog: Traio
25/11/2019 | 19:00:17 | Spec Admin Richz_Voohunt je kikovao igraca Vedad_Vedoxx | Razlog: Relog.
25/11/2019 | 19:26:21 | Spec Admin Kafa_Atwood je kikovao igraca Error_Torwil | Razlog: ti to 
26/11/2019 | 15:22:24 | Spec Admin Richz_Voohunt je kikovao igraca Radovan_Vuk | Razlog: Relog.
26/11/2019 | 16:36:28 | Spec Admin Richz_Voohunt je kikovao igraca Klara_Kovacic | Razlog: Relog
26/11/2019 | 18:07:35 | Spec Admin Richz_Voohunt je kikovao igraca Bill_Fostern | Razlog: Ako je sranje idi negdje drugo
26/11/2019 | 18:08:39 | Spec Admin Richz_Voohunt je kikovao igraca Coki_Barzini | Razlog: AFKWL
26/11/2019 | 20:18:21 | Spec Admin Richz_Voohunt je kikovao igraca Stefi_King | Razlog: Relog
26/11/2019 | 20:31:19 | Spec Admin Richz_Voohunt je kikovao igraca Error_Torwil | Razlog: afkwl
26/11/2019 | 20:31:32 | Spec Admin Richz_Voohunt je kikovao igraca Zeka_Barzini | Razlog: afkwl
26/11/2019 | 23:20:34 | Admin Benedetto_Shakur je kikovao igraca Leo_Close | Razlog: PA IDI
26/11/2019 | 23:42:40 | Admin Carl je kikovao igraca Legija_Kanter | Razlog: VA
27/11/2019 | 13:30:46 | Admin Kafa_Atwood je kikovao igraca Key_Wayne | Razlog: smiri zivce
27/11/2019 | 13:31:46 | Admin Kafa_Atwood je kikovao igraca Key_Wayne | Razlog: i ti ces mene
27/11/2019 | 13:32:32 | Spec Admin Key_Wayne je kikovao igraca Kafa_Atwood | Razlog: bezi
27/11/2019 | 13:36:43 | Admin Kafa_Atwood je kikovao igraca Key_Wayne | Razlog: .
27/11/2019 | 13:37:42 | Spec Admin Key_Wayne je kikovao igraca Kafa_Atwood | Razlog: aj 
27/11/2019 | 13:39:06 | Admin Kafa_Atwood je kikovao igraca Key_Wayne | Razlog: .
27/11/2019 | 13:39:34 | Admin Kafa_Atwood je kikovao igraca Key_Wayne | Razlog: .
27/11/2019 | 13:40:05 | Admin Kafa_Atwood je kikovao igraca Key_Wayne | Razlog: Djes
27/11/2019 | 13:58:17 | Admin Ivona_Atwood je kikovao igraca Ahmet_Castellano | Razlog: aj ohladi
28/11/2019 | 16:36:33 | Admin Kafa_Atwood je kikovao igraca Starcevic_Barzini | Razlog: .
28/11/2019 | 16:36:35 | Admin Kafa_Atwood je kikovao igraca Vuk_Original | Razlog: .
28/11/2019 | 16:37:45 | Admin Kafa_Atwood je kikovao igraca Zeka_Barzini | Razlog: .
28/11/2019 | 16:37:47 | Admin Kafa_Atwood je kikovao igraca Anel_Cenway | Razlog: .
28/11/2019 | 17:06:36 | Admin Kafa_Atwood je kikovao igraca Anel_Cenway | Razlog: Meni mater
28/11/2019 | 17:07:43 | Admin Kafa_Atwood je kikovao igraca Anel_Cenway | Razlog: au meni mater
28/11/2019 | 17:08:34 | Admin Kafa_Atwood je kikovao igraca Anel_Cenway | Razlog: Velika greska
28/11/2019 | 17:11:10 | Admin Kafa_Atwood je kikovao igraca Anel_Cenway | Razlog: mn mater velika greka
