24/11/2019 | 23:09:31 | Admin Mumitza_Ishtar | Igrac: Mumitza_Ishtar | Level Admin: 0
24/11/2019 | 23:33:03 | Admin Kristijan | Igrac: Ivona_Atwood | Level Admina: 1
25/11/2019 | 01:13:05 | Admin Mumitza_Ishtar | Igrac: Mumitza_Ishtar | Level Admina: 8
25/11/2019 | 02:41:29 | Admin White | Igrac: Christopher_Mahoney | Level Admina: 5
25/11/2019 | 02:43:02 | Admin White | Igrac: Christopher_Mahoney | Level Admina: 5
25/11/2019 | 14:19:44 | Admin White | Igrac: Jackson_Teller | Level Admina: 1
25/11/2019 | 14:22:24 | Admin Kristijan | Igrac: White | Level Admina: 1
25/11/2019 | 14:23:38 | Admin Kristijan | Igrac: White | Level Admina: 7
25/11/2019 | 18:29:40 | Admin Kristijan | Igrac: El_Max | Level Admina: 6
25/11/2019 | 18:29:45 | Admin Kristijan | Igrac: El_Max | Level Admin: 0
25/11/2019 | 21:23:59 | Admin Saco | Igrac: Danilo_Kaybrekovin | Level Admina: 1
25/11/2019 | 21:25:11 | Admin Saco | Igrac: Danilo_Kaybrekovin | Level Admin: 0
25/11/2019 | 21:33:32 | Admin Saco | Igrac: Momenzi_Brt | Level Admina: 1
25/11/2019 | 21:34:10 | Admin Saco | Igrac: Momenzi_Brt | Level Admin: 0
26/11/2019 | 00:02:04 | Admin Kristijan | Igrac: Benedetto_Shakur | Level Admina: 1
26/11/2019 | 00:42:03 | Admin White | Igrac: Christopher_Mahoney | Level Admina: 7
26/11/2019 | 00:42:07 | Admin White | Igrac: Christopher_Mahoney | Level Admina: 6
26/11/2019 | 00:43:09 | Admin White | Igrac: Milos_Polimac | Level Admina: 8
26/11/2019 | 00:43:15 | Admin White | Igrac: Milos_Polimac | Level Admin: 0
26/11/2019 | 00:43:24 | Admin White | Igrac: White | Level Admina: 8
26/11/2019 | 00:43:50 | Admin White | Igrac: White | Level Admina: 7
26/11/2019 | 01:53:28 | Admin White | Igrac: White | Level Admina: 8
26/11/2019 | 01:53:34 | Admin White | Igrac: White | Level Admina: 7
26/11/2019 | 18:54:16 | Admin Mumitza_Ishtar | Igrac: Fanste_Vutralone | Level Admina: 1
27/11/2019 | 20:11:47 | Admin White | Igrac: Danilo_Kaybrekovin | Level Admina: 1
27/11/2019 | 20:12:05 | Admin White | Igrac: Pejca_Suarez | Level Admin: 0
27/11/2019 | 20:12:07 | Admin White | Igrac: Pejca_Suarez | Level Admina: 3
28/11/2019 | 17:51:52 | Admin Kristijan | Igrac: Haris_Corelli | Level Admina: 1
28/11/2019 | 19:36:02 | Admin White | Igrac: White | Level Admina: 8
28/11/2019 | 19:36:15 | Admin White | Igrac: White | Level Admina: 7
28/11/2019 | 19:37:50 | Admin White | Igrac: Ana_Vujosevic | Level Admina: 1
28/11/2019 | 19:37:54 | Admin White | Igrac: Ana_Vujosevic | Level Admin: 0
