24/11/2019 | 23:09:41 | Igrac Vuk_Original -> Igrac: Teodora_Tea | Novac: 2000
24/11/2019 | 23:21:46 | Igrac Carl -> Igrac: Jofke_Max | Novac: 5000
24/11/2019 | 23:21:47 | Igrac Carl -> Igrac: Jofke_Max | Novac: 5000
24/11/2019 | 23:21:48 | Igrac Carl -> Igrac: Jofke_Max | Novac: 5000
24/11/2019 | 23:21:49 | Igrac Carl -> Igrac: Jofke_Max | Novac: 5000
24/11/2019 | 23:21:50 | Igrac Carl -> Igrac: Jofke_Max | Novac: 5000
24/11/2019 | 23:21:50 | Igrac Carl -> Igrac: Jofke_Max | Novac: 5000
24/11/2019 | 23:21:51 | Igrac Carl -> Igrac: Jofke_Max | Novac: 5000
24/11/2019 | 23:21:51 | Igrac Carl -> Igrac: Jofke_Max | Novac: 5000
24/11/2019 | 23:21:51 | Igrac Carl -> Igrac: Jofke_Max | Novac: 5000
24/11/2019 | 23:21:52 | Igrac Carl -> Igrac: Jofke_Max | Novac: 5000
24/11/2019 | 23:21:52 | Igrac Carl -> Igrac: Jofke_Max | Novac: 5000
24/11/2019 | 23:43:13 | Igrac Zeka_Barzini -> Igrac: Carl | Novac: 100
25/11/2019 | 03:18:55 | Igrac Joker_Barzini -> Igrac: Saiyan_Barzini | Novac: 5000
25/11/2019 | 03:18:58 | Igrac Joker_Barzini -> Igrac: Saiyan_Barzini | Novac: 5000
25/11/2019 | 06:25:43 | Igrac Djukii_Verssace -> Igrac: Rico_Payne | Novac: 5000
25/11/2019 | 06:25:46 | Igrac Djukii_Verssace -> Igrac: Rico_Payne | Novac: 5000
25/11/2019 | 06:25:49 | Igrac Djukii_Verssace -> Igrac: Rico_Payne | Novac: 5000
25/11/2019 | 06:25:51 | Igrac Djukii_Verssace -> Igrac: Rico_Payne | Novac: 5000
25/11/2019 | 06:25:53 | Igrac Djukii_Verssace -> Igrac: Rico_Payne | Novac: 5000
25/11/2019 | 06:25:55 | Igrac Djukii_Verssace -> Igrac: Rico_Payne | Novac: 5000
25/11/2019 | 06:25:57 | Igrac Djukii_Verssace -> Igrac: Rico_Payne | Novac: 5000
25/11/2019 | 08:31:38 | Igrac Djukii_Verssace -> Igrac: Rico_Payne | Novac: 1
25/11/2019 | 11:50:00 | Igrac Tica_Wilson -> Igrac: Djukii_Verssace | Novac: 1
25/11/2019 | 13:02:01 | Igrac Richz_Voohunt -> Igrac: Laroyce_Hawkins | Novac: 5000
25/11/2019 | 13:45:29 | Igrac Vuk_Original -> Igrac: Saiyan_Barzini | Novac: 100
25/11/2019 | 13:47:15 | Igrac Vuk_Original -> Igrac: Saiyan_Barzini | Novac: 10
25/11/2019 | 13:58:14 | Igrac Vuk_Original -> Igrac: Saiyan_Barzini | Novac: 1
25/11/2019 | 13:58:19 | Igrac Richz_Voohunt -> Igrac: Saiyan_Barzini | Novac: 1
25/11/2019 | 13:58:21 | Igrac Richz_Voohunt -> Igrac: Saiyan_Barzini | Novac: 1
25/11/2019 | 13:58:24 | Igrac Vuk_Original -> Igrac: Saiyan_Barzini | Novac: 1
25/11/2019 | 13:58:26 | Igrac Vuk_Original -> Igrac: Saiyan_Barzini | Novac: 1
25/11/2019 | 13:58:28 | Igrac Vuk_Original -> Igrac: Saiyan_Barzini | Novac: 1
25/11/2019 | 14:14:58 | Igrac Vuk_Original -> Igrac: Saiyan_Barzini | Novac: 1000
25/11/2019 | 14:39:30 | Igrac White -> Igrac: Humphrey_Lewrence | Novac: 5000
25/11/2019 | 14:39:35 | Igrac White -> Igrac: Adnan_Gotti | Novac: 5000
25/11/2019 | 14:47:58 | Igrac White -> Igrac: Humphrey_Lewrence | Novac: 5000
25/11/2019 | 14:47:58 | Igrac White -> Igrac: Humphrey_Lewrence | Novac: 5000
25/11/2019 | 15:01:35 | Igrac Richz_Voohunt -> Igrac: Kafa_Atwood | Novac: 5000
25/11/2019 | 15:01:36 | Igrac Richz_Voohunt -> Igrac: Kafa_Atwood | Novac: 5000
25/11/2019 | 15:01:40 | Igrac Kafa_Atwood -> Igrac: Ivona_Atwood | Novac: 15
25/11/2019 | 15:01:43 | Igrac Kafa_Atwood -> Igrac: Ivona_Atwood | Novac: 5000
25/11/2019 | 15:01:44 | Igrac Richz_Voohunt -> Igrac: Ivona_Atwood | Novac: 5000
25/11/2019 | 15:01:45 | Igrac Kafa_Atwood -> Igrac: Ivona_Atwood | Novac: 5000
25/11/2019 | 15:01:45 | Igrac Richz_Voohunt -> Igrac: Ivona_Atwood | Novac: 5000
25/11/2019 | 15:01:45 | Igrac Richz_Voohunt -> Igrac: Ivona_Atwood | Novac: 5000
25/11/2019 | 15:01:45 | Igrac Kafa_Atwood -> Igrac: Ivona_Atwood | Novac: 5000
25/11/2019 | 15:06:33 | Igrac Kafa_Atwood -> Igrac: Richz_Voohunt | Novac: 1500
25/11/2019 | 15:07:17 | Igrac Kafa_Atwood -> Igrac: Richz_Voohunt | Novac: 1500
25/11/2019 | 15:22:58 | Igrac Rico_Payne -> Igrac: Error_Torwil | Novac: 5000
25/11/2019 | 15:23:14 | Igrac Rico_Payne -> Igrac: Error_Torwil | Novac: 5000
25/11/2019 | 15:23:25 | Igrac Rico_Payne -> Igrac: Error_Torwil | Novac: 5000
25/11/2019 | 15:40:29 | Igrac Durex_Paunovic -> Igrac: Saiyan_Barzini | Novac: 5000
25/11/2019 | 15:40:32 | Igrac Durex_Paunovic -> Igrac: Saiyan_Barzini | Novac: 5000
25/11/2019 | 15:40:51 | Igrac Durex_Paunovic -> Igrac: Saiyan_Barzini | Novac: 5000
25/11/2019 | 15:40:53 | Igrac Durex_Paunovic -> Igrac: Saiyan_Barzini | Novac: 5000
25/11/2019 | 15:40:55 | Igrac Durex_Paunovic -> Igrac: Saiyan_Barzini | Novac: 5000
25/11/2019 | 15:45:50 | Igrac Saiyan_Barzini -> Igrac: Latore_Wallace | Novac: 5000
25/11/2019 | 15:45:52 | Igrac Saiyan_Barzini -> Igrac: Latore_Wallace | Novac: 5000
25/11/2019 | 15:45:54 | Igrac Saiyan_Barzini -> Igrac: Latore_Wallace | Novac: 5000
25/11/2019 | 15:45:56 | Igrac Saiyan_Barzini -> Igrac: Latore_Wallace | Novac: 5000
25/11/2019 | 17:21:19 | Igrac Saco -> Igrac: Error_Torwil | Novac: 5000
25/11/2019 | 17:23:16 | Igrac Ahmet_Castellano -> Igrac: Nick_White | Novac: 5000
25/11/2019 | 17:23:17 | Igrac Ahmet_Castellano -> Igrac: Nick_White | Novac: 5000
25/11/2019 | 17:23:17 | Igrac Ahmet_Castellano -> Igrac: Nick_White | Novac: 5000
25/11/2019 | 17:23:18 | Igrac Ahmet_Castellano -> Igrac: Nick_White | Novac: 5000
25/11/2019 | 17:23:18 | Igrac Ahmet_Castellano -> Igrac: Nick_White | Novac: 5000
25/11/2019 | 17:23:19 | Igrac Ahmet_Castellano -> Igrac: Nick_White | Novac: 5000
25/11/2019 | 17:23:19 | Igrac Ahmet_Castellano -> Igrac: Nick_White | Novac: 5000
25/11/2019 | 17:23:20 | Igrac Ahmet_Castellano -> Igrac: Nick_White | Novac: 5000
25/11/2019 | 17:23:20 | Igrac Ahmet_Castellano -> Igrac: Nick_White | Novac: 5000
25/11/2019 | 17:23:21 | Igrac Ahmet_Castellano -> Igrac: Nick_White | Novac: 5000
25/11/2019 | 17:23:21 | Igrac Ahmet_Castellano -> Igrac: Nick_White | Novac: 5000
25/11/2019 | 17:23:22 | Igrac Ahmet_Castellano -> Igrac: Nick_White | Novac: 5000
25/11/2019 | 17:23:22 | Igrac Ahmet_Castellano -> Igrac: Nick_White | Novac: 5000
25/11/2019 | 17:23:23 | Igrac Ahmet_Castellano -> Igrac: Nick_White | Novac: 5000
25/11/2019 | 17:23:23 | Igrac Ahmet_Castellano -> Igrac: Nick_White | Novac: 5000
25/11/2019 | 17:23:24 | Igrac Ahmet_Castellano -> Igrac: Nick_White | Novac: 5000
25/11/2019 | 17:23:24 | Igrac Ahmet_Castellano -> Igrac: Nick_White | Novac: 5000
25/11/2019 | 17:23:25 | Igrac Ahmet_Castellano -> Igrac: Nick_White | Novac: 5000
25/11/2019 | 17:23:25 | Igrac Ahmet_Castellano -> Igrac: Nick_White | Novac: 5000
25/11/2019 | 17:23:25 | Igrac Ahmet_Castellano -> Igrac: Nick_White | Novac: 5000
25/11/2019 | 17:23:26 | Igrac Ahmet_Castellano -> Igrac: Nick_White | Novac: 5000
25/11/2019 | 17:23:27 | Igrac Ahmet_Castellano -> Igrac: Nick_White | Novac: 5000
25/11/2019 | 17:23:27 | Igrac Ahmet_Castellano -> Igrac: Nick_White | Novac: 5000
25/11/2019 | 17:23:28 | Igrac Ahmet_Castellano -> Igrac: Nick_White | Novac: 5000
25/11/2019 | 17:23:28 | Igrac Ahmet_Castellano -> Igrac: Nick_White | Novac: 5000
25/11/2019 | 17:23:29 | Igrac Ahmet_Castellano -> Igrac: Nick_White | Novac: 5000
25/11/2019 | 17:23:30 | Igrac Ahmet_Castellano -> Igrac: Nick_White | Novac: 5000
25/11/2019 | 17:23:31 | Igrac Ahmet_Castellano -> Igrac: Nick_White | Novac: 5000
25/11/2019 | 17:23:31 | Igrac Ahmet_Castellano -> Igrac: Nick_White | Novac: 5000
25/11/2019 | 17:23:32 | Igrac Ahmet_Castellano -> Igrac: Nick_White | Novac: 5000
25/11/2019 | 17:23:33 | Igrac Ahmet_Castellano -> Igrac: Nick_White | Novac: 5000
25/11/2019 | 17:23:33 | Igrac Ahmet_Castellano -> Igrac: Nick_White | Novac: 5000
25/11/2019 | 17:23:35 | Igrac Ahmet_Castellano -> Igrac: Nick_White | Novac: 5000
25/11/2019 | 17:23:36 | Igrac Ahmet_Castellano -> Igrac: Nick_White | Novac: 5000
25/11/2019 | 17:23:37 | Igrac Ahmet_Castellano -> Igrac: Nick_White | Novac: 5000
25/11/2019 | 17:23:38 | Igrac Ahmet_Castellano -> Igrac: Nick_White | Novac: 5000
25/11/2019 | 17:23:39 | Igrac Ahmet_Castellano -> Igrac: Nick_White | Novac: 5000
25/11/2019 | 17:23:39 | Igrac Ahmet_Castellano -> Igrac: Nick_White | Novac: 5000
25/11/2019 | 17:23:40 | Igrac Ahmet_Castellano -> Igrac: Nick_White | Novac: 5000
25/11/2019 | 17:23:41 | Igrac Ahmet_Castellano -> Igrac: Nick_White | Novac: 5000
25/11/2019 | 17:23:43 | Igrac Ahmet_Castellano -> Igrac: Nick_White | Novac: 5000
25/11/2019 | 17:23:43 | Igrac Ahmet_Castellano -> Igrac: Nick_White | Novac: 5000
25/11/2019 | 17:23:45 | Igrac Ahmet_Castellano -> Igrac: Nick_White | Novac: 5000
25/11/2019 | 17:23:45 | Igrac Ahmet_Castellano -> Igrac: Nick_White | Novac: 5000
25/11/2019 | 17:23:46 | Igrac Ahmet_Castellano -> Igrac: Nick_White | Novac: 5000
25/11/2019 | 17:23:47 | Igrac Ahmet_Castellano -> Igrac: Nick_White | Novac: 5000
25/11/2019 | 17:23:47 | Igrac Ahmet_Castellano -> Igrac: Nick_White | Novac: 5000
25/11/2019 | 17:23:48 | Igrac Ahmet_Castellano -> Igrac: Nick_White | Novac: 5000
25/11/2019 | 17:23:49 | Igrac Ahmet_Castellano -> Igrac: Nick_White | Novac: 5000
25/11/2019 | 17:23:49 | Igrac Ahmet_Castellano -> Igrac: Nick_White | Novac: 5000
25/11/2019 | 17:23:50 | Igrac Ahmet_Castellano -> Igrac: Nick_White | Novac: 5000
25/11/2019 | 17:23:51 | Igrac Ahmet_Castellano -> Igrac: Nick_White | Novac: 5000
25/11/2019 | 17:23:51 | Igrac Ahmet_Castellano -> Igrac: Nick_White | Novac: 5000
25/11/2019 | 17:23:52 | Igrac Ahmet_Castellano -> Igrac: Nick_White | Novac: 5000
25/11/2019 | 18:01:50 | Igrac John_Cobain -> Igrac: Donald_Cobain | Novac: 5000
25/11/2019 | 18:01:52 | Igrac John_Cobain -> Igrac: Donald_Cobain | Novac: 5000
25/11/2019 | 18:01:54 | Igrac John_Cobain -> Igrac: Donald_Cobain | Novac: 5000
25/11/2019 | 18:01:56 | Igrac John_Cobain -> Igrac: Donald_Cobain | Novac: 5000
25/11/2019 | 18:01:58 | Igrac John_Cobain -> Igrac: Donald_Cobain | Novac: 5000
25/11/2019 | 18:02:00 | Igrac John_Cobain -> Igrac: Donald_Cobain | Novac: 5000
25/11/2019 | 18:08:22 | Igrac Pug_Max -> Igrac: Yean_Goold | Novac: 5000
25/11/2019 | 18:08:24 | Igrac Pug_Max -> Igrac: Yean_Goold | Novac: 5000
25/11/2019 | 18:08:26 | Igrac Pug_Max -> Igrac: Yean_Goold | Novac: 5000
25/11/2019 | 18:08:28 | Igrac Pug_Max -> Igrac: Yean_Goold | Novac: 5000
25/11/2019 | 18:08:30 | Igrac Pug_Max -> Igrac: Yean_Goold | Novac: 5000
25/11/2019 | 18:08:32 | Igrac Pug_Max -> Igrac: Yean_Goold | Novac: 5000
25/11/2019 | 18:08:34 | Igrac Pug_Max -> Igrac: Yean_Goold | Novac: 5000
25/11/2019 | 18:08:36 | Igrac Pug_Max -> Igrac: Yean_Goold | Novac: 5000
25/11/2019 | 18:08:38 | Igrac Pug_Max -> Igrac: Yean_Goold | Novac: 5000
25/11/2019 | 18:08:40 | Igrac Pug_Max -> Igrac: Yean_Goold | Novac: 5000
25/11/2019 | 18:08:42 | Igrac Pug_Max -> Igrac: Yean_Goold | Novac: 5000
25/11/2019 | 18:08:44 | Igrac Pug_Max -> Igrac: Yean_Goold | Novac: 5000
25/11/2019 | 18:08:46 | Igrac Pug_Max -> Igrac: Yean_Goold | Novac: 5000
25/11/2019 | 18:08:48 | Igrac Pug_Max -> Igrac: Yean_Goold | Novac: 5000
25/11/2019 | 18:08:50 | Igrac Pug_Max -> Igrac: Yean_Goold | Novac: 5000
25/11/2019 | 18:08:52 | Igrac Pug_Max -> Igrac: Yean_Goold | Novac: 5000
25/11/2019 | 18:08:54 | Igrac Pug_Max -> Igrac: Yean_Goold | Novac: 5000
25/11/2019 | 18:08:56 | Igrac Pug_Max -> Igrac: Yean_Goold | Novac: 5000
25/11/2019 | 18:08:58 | Igrac Pug_Max -> Igrac: Yean_Goold | Novac: 5000
25/11/2019 | 18:09:00 | Igrac Pug_Max -> Igrac: Yean_Goold | Novac: 5000
25/11/2019 | 18:09:02 | Igrac Pug_Max -> Igrac: Yean_Goold | Novac: 5000
25/11/2019 | 18:09:04 | Igrac Pug_Max -> Igrac: Yean_Goold | Novac: 5000
25/11/2019 | 18:09:06 | Igrac Pug_Max -> Igrac: Yean_Goold | Novac: 5000
25/11/2019 | 18:09:09 | Igrac Pug_Max -> Igrac: Yean_Goold | Novac: 5000
25/11/2019 | 18:09:12 | Igrac Pug_Max -> Igrac: Yean_Goold | Novac: 4388
25/11/2019 | 18:13:41 | Igrac Pug_Max -> Igrac: Yean_Goold | Novac: 5000
25/11/2019 | 18:13:43 | Igrac Pug_Max -> Igrac: Yean_Goold | Novac: 5000
25/11/2019 | 18:13:45 | Igrac Pug_Max -> Igrac: Yean_Goold | Novac: 5000
25/11/2019 | 18:13:47 | Igrac Pug_Max -> Igrac: Yean_Goold | Novac: 5000
25/11/2019 | 18:13:50 | Igrac Pug_Max -> Igrac: Yean_Goold | Novac: 5000
25/11/2019 | 18:13:53 | Igrac Pug_Max -> Igrac: Yean_Goold | Novac: 5000
25/11/2019 | 18:13:56 | Igrac Pug_Max -> Igrac: Yean_Goold | Novac: 5000
25/11/2019 | 18:13:59 | Igrac Pug_Max -> Igrac: Yean_Goold | Novac: 5000
25/11/2019 | 18:14:02 | Igrac Pug_Max -> Igrac: Yean_Goold | Novac: 5000
25/11/2019 | 18:14:04 | Igrac Pug_Max -> Igrac: Yean_Goold | Novac: 5000
25/11/2019 | 18:14:06 | Igrac Pug_Max -> Igrac: Yean_Goold | Novac: 5000
25/11/2019 | 18:14:08 | Igrac Pug_Max -> Igrac: Yean_Goold | Novac: 5000
25/11/2019 | 18:14:10 | Igrac Pug_Max -> Igrac: Yean_Goold | Novac: 5000
25/11/2019 | 18:14:13 | Igrac Pug_Max -> Igrac: Yean_Goold | Novac: 5000
25/11/2019 | 18:14:16 | Igrac Pug_Max -> Igrac: Yean_Goold | Novac: 5000
25/11/2019 | 18:14:18 | Igrac Pug_Max -> Igrac: Yean_Goold | Novac: 5000
25/11/2019 | 18:14:20 | Igrac Pug_Max -> Igrac: Yean_Goold | Novac: 5000
25/11/2019 | 18:14:23 | Igrac Pug_Max -> Igrac: Yean_Goold | Novac: 1000
25/11/2019 | 18:14:26 | Igrac Pug_Max -> Igrac: Yean_Goold | Novac: 5000
25/11/2019 | 18:24:28 | Igrac Kurt_Cobain -> Igrac: Pablo | Novac: 312
25/11/2019 | 18:24:57 | Igrac Richz_Voohunt -> Igrac: Latore_Wallace | Novac: 5000
25/11/2019 | 18:24:57 | Igrac Richz_Voohunt -> Igrac: Latore_Wallace | Novac: 5000
25/11/2019 | 18:24:58 | Igrac Richz_Voohunt -> Igrac: Latore_Wallace | Novac: 5000
25/11/2019 | 18:24:58 | Igrac Richz_Voohunt -> Igrac: Latore_Wallace | Novac: 5000
25/11/2019 | 18:24:59 | Igrac Richz_Voohunt -> Igrac: Latore_Wallace | Novac: 5000
25/11/2019 | 18:24:59 | Igrac Richz_Voohunt -> Igrac: Latore_Wallace | Novac: 5000
25/11/2019 | 18:38:02 | Igrac Pug_Max -> Igrac: Jofke_Max | Novac: 5000
25/11/2019 | 18:38:04 | Igrac Pug_Max -> Igrac: Jofke_Max | Novac: 5000
25/11/2019 | 18:38:06 | Igrac Pug_Max -> Igrac: Jofke_Max | Novac: 5000
25/11/2019 | 18:38:08 | Igrac Pug_Max -> Igrac: Jofke_Max | Novac: 5000
25/11/2019 | 18:38:10 | Igrac Pug_Max -> Igrac: Jofke_Max | Novac: 5000
25/11/2019 | 18:38:12 | Igrac Pug_Max -> Igrac: Jofke_Max | Novac: 5000
25/11/2019 | 18:38:15 | Igrac Pug_Max -> Igrac: Jofke_Max | Novac: 5000
25/11/2019 | 18:38:17 | Igrac Pug_Max -> Igrac: Jofke_Max | Novac: 5000
25/11/2019 | 18:38:22 | Igrac Pug_Max -> Igrac: Jofke_Max | Novac: 1000
25/11/2019 | 19:08:44 | Igrac Saco -> Igrac: Ana_Vujosevic | Novac: 5000
25/11/2019 | 19:08:45 | Igrac Saco -> Igrac: Ana_Vujosevic | Novac: 5000
25/11/2019 | 19:12:26 | Igrac Saco -> Igrac: Medic_Don | Novac: 5000
25/11/2019 | 19:12:26 | Igrac Saco -> Igrac: Medic_Don | Novac: 5000
25/11/2019 | 19:16:01 | Igrac Saco -> Igrac: Error_Torwil | Novac: 5000
25/11/2019 | 19:16:01 | Igrac Saco -> Igrac: Error_Torwil | Novac: 5000
25/11/2019 | 19:53:10 | Igrac Saco -> Igrac: Starcevic_Barzini | Novac: 5000
25/11/2019 | 19:53:11 | Igrac Saco -> Igrac: Starcevic_Barzini | Novac: 5000
25/11/2019 | 19:53:11 | Igrac Saco -> Igrac: Starcevic_Barzini | Novac: 5000
25/11/2019 | 19:53:12 | Igrac Saco -> Igrac: Starcevic_Barzini | Novac: 5000
25/11/2019 | 19:53:13 | Igrac Saco -> Igrac: Starcevic_Barzini | Novac: 5000
25/11/2019 | 19:53:13 | Igrac Saco -> Igrac: Starcevic_Barzini | Novac: 5000
25/11/2019 | 19:53:13 | Igrac Saco -> Igrac: Starcevic_Barzini | Novac: 5000
25/11/2019 | 19:53:13 | Igrac Saco -> Igrac: Starcevic_Barzini | Novac: 5000
25/11/2019 | 19:53:13 | Igrac Saco -> Igrac: Starcevic_Barzini | Novac: 5000
25/11/2019 | 19:53:14 | Igrac Saco -> Igrac: Starcevic_Barzini | Novac: 5000
25/11/2019 | 19:53:14 | Igrac Saco -> Igrac: Starcevic_Barzini | Novac: 5000
25/11/2019 | 21:03:18 | Igrac Saiyan_Barzini -> Igrac: Saco | Novac: 500
25/11/2019 | 21:03:28 | Igrac Starcevic_Barzini -> Igrac: Saco | Novac: 1000
25/11/2019 | 21:20:49 | Igrac Zeka_Barzini -> Igrac: Saiyan_Barzini | Novac: 5000
25/11/2019 | 21:20:51 | Igrac Zeka_Barzini -> Igrac: Saiyan_Barzini | Novac: 5000
25/11/2019 | 21:20:53 | Igrac Zeka_Barzini -> Igrac: Saiyan_Barzini | Novac: 5000
25/11/2019 | 21:20:55 | Igrac Zeka_Barzini -> Igrac: Saiyan_Barzini | Novac: 5000
25/11/2019 | 21:21:03 | Igrac Zeka_Barzini -> Igrac: Saiyan_Barzini | Novac: 5000
25/11/2019 | 21:21:05 | Igrac Zeka_Barzini -> Igrac: Saiyan_Barzini | Novac: 5000
25/11/2019 | 21:21:07 | Igrac Zeka_Barzini -> Igrac: Saiyan_Barzini | Novac: 5000
25/11/2019 | 21:21:10 | Igrac Zeka_Barzini -> Igrac: Saiyan_Barzini | Novac: 5000
25/11/2019 | 21:21:16 | Igrac Haris_Barzini -> Igrac: Saiyan_Barzini | Novac: 7
25/11/2019 | 21:21:18 | Igrac Zeka_Barzini -> Igrac: Saiyan_Barzini | Novac: 5000
25/11/2019 | 21:21:21 | Igrac Zeka_Barzini -> Igrac: Saiyan_Barzini | Novac: 5000
25/11/2019 | 21:22:00 | Igrac Saiyan_Barzini -> Igrac: Luka_Djurkic | Novac: 5000
25/11/2019 | 21:22:02 | Igrac Saiyan_Barzini -> Igrac: Luka_Djurkic | Novac: 5000
25/11/2019 | 21:22:04 | Igrac Saiyan_Barzini -> Igrac: Luka_Djurkic | Novac: 5000
25/11/2019 | 21:22:06 | Igrac Saiyan_Barzini -> Igrac: Luka_Djurkic | Novac: 5000
25/11/2019 | 21:22:08 | Igrac Saiyan_Barzini -> Igrac: Luka_Djurkic | Novac: 5000
25/11/2019 | 21:22:10 | Igrac Saiyan_Barzini -> Igrac: Luka_Djurkic | Novac: 5000
25/11/2019 | 21:22:12 | Igrac Saiyan_Barzini -> Igrac: Luka_Djurkic | Novac: 5000
25/11/2019 | 21:22:14 | Igrac Saiyan_Barzini -> Igrac: Luka_Djurkic | Novac: 5000
25/11/2019 | 21:22:16 | Igrac Saiyan_Barzini -> Igrac: Luka_Djurkic | Novac: 5000
25/11/2019 | 21:22:22 | Igrac Saiyan_Barzini -> Igrac: Haris_Barzini | Novac: 5000
25/11/2019 | 21:22:25 | Igrac Saiyan_Barzini -> Igrac: Haris_Barzini | Novac: 5000
25/11/2019 | 21:22:27 | Igrac Saiyan_Barzini -> Igrac: Haris_Barzini | Novac: 5000
25/11/2019 | 21:22:29 | Igrac Saiyan_Barzini -> Igrac: Haris_Barzini | Novac: 5000
25/11/2019 | 21:22:31 | Igrac Saiyan_Barzini -> Igrac: Haris_Barzini | Novac: 5000
25/11/2019 | 21:22:33 | Igrac Saiyan_Barzini -> Igrac: Haris_Barzini | Novac: 5000
25/11/2019 | 21:22:35 | Igrac Saiyan_Barzini -> Igrac: Haris_Barzini | Novac: 5000
25/11/2019 | 21:22:37 | Igrac Saiyan_Barzini -> Igrac: Haris_Barzini | Novac: 5000
25/11/2019 | 21:22:39 | Igrac Saiyan_Barzini -> Igrac: Haris_Barzini | Novac: 5000
25/11/2019 | 21:22:43 | Igrac Saiyan_Barzini -> Igrac: Haris_Barzini | Novac: 5000
25/11/2019 | 22:57:40 | Igrac Kristijan_Rage -> Igrac: Toni_Leap | Novac: 5000
25/11/2019 | 22:57:42 | Igrac Kristijan_Rage -> Igrac: Toni_Leap | Novac: 5000
25/11/2019 | 22:57:46 | Igrac Kristijan_Rage -> Igrac: Toni_Leap | Novac: 5000
25/11/2019 | 22:57:48 | Igrac Kristijan_Rage -> Igrac: Toni_Leap | Novac: 5000
26/11/2019 | 01:44:57 | Igrac Saco -> Igrac: Tea_Escobar | Novac: 5000
26/11/2019 | 01:44:57 | Igrac Saco -> Igrac: Tea_Escobar | Novac: 5000
26/11/2019 | 14:23:57 | Igrac Kafa_Atwood -> Igrac: Error_Torwil | Novac: 5000
26/11/2019 | 14:26:07 | Igrac Kafa_Atwood -> Igrac: Error_Torwil | Novac: 5000
26/11/2019 | 14:26:07 | Igrac Kafa_Atwood -> Igrac: Error_Torwil | Novac: 5000
26/11/2019 | 14:26:08 | Igrac Kafa_Atwood -> Igrac: Error_Torwil | Novac: 5000
26/11/2019 | 14:48:41 | Igrac Key_Wayne -> Igrac: Latore_Wallace | Novac: 500
26/11/2019 | 15:24:33 | Igrac Haris_Barzini -> Igrac: Jusuf_Barzini | Novac: 1
26/11/2019 | 15:24:35 | Igrac Haris_Barzini -> Igrac: Jusuf_Barzini | Novac: 1
26/11/2019 | 15:24:38 | Igrac Haris_Barzini -> Igrac: Jusuf_Barzini | Novac: 1
26/11/2019 | 15:24:40 | Igrac Haris_Barzini -> Igrac: Jusuf_Barzini | Novac: 1
26/11/2019 | 15:24:43 | Igrac Haris_Barzini -> Igrac: Jusuf_Barzini | Novac: 1
26/11/2019 | 15:24:50 | Igrac Haris_Barzini -> Igrac: Jusuf_Barzini | Novac: 19
26/11/2019 | 17:15:30 | Igrac Kafa_Atwood -> Igrac: Pejca_Suarez | Novac: 5000
26/11/2019 | 17:15:31 | Igrac Kafa_Atwood -> Igrac: Pejca_Suarez | Novac: 5000
26/11/2019 | 17:15:33 | Igrac Kafa_Atwood -> Igrac: Ivona_Atwood | Novac: 5000
26/11/2019 | 17:15:34 | Igrac Kafa_Atwood -> Igrac: Ivona_Atwood | Novac: 5000
26/11/2019 | 17:15:34 | Igrac Kafa_Atwood -> Igrac: Ivona_Atwood | Novac: 5000
26/11/2019 | 17:15:35 | Igrac Kafa_Atwood -> Igrac: Ivona_Atwood | Novac: 5000
26/11/2019 | 17:15:35 | Igrac Kafa_Atwood -> Igrac: Ivona_Atwood | Novac: 5000
26/11/2019 | 17:15:38 | Igrac Kafa_Atwood -> Igrac: Mustafa_Castellano | Novac: 5000
26/11/2019 | 17:15:38 | Igrac Kafa_Atwood -> Igrac: Mustafa_Castellano | Novac: 5000
26/11/2019 | 17:15:39 | Igrac Kafa_Atwood -> Igrac: Mustafa_Castellano | Novac: 5000
26/11/2019 | 17:15:40 | Igrac Kafa_Atwood -> Igrac: Mustafa_Castellano | Novac: 5000
26/11/2019 | 17:15:40 | Igrac Kafa_Atwood -> Igrac: Mustafa_Castellano | Novac: 5000
26/11/2019 | 17:15:40 | Igrac Kafa_Atwood -> Igrac: Mustafa_Castellano | Novac: 5000
26/11/2019 | 17:15:41 | Igrac Kafa_Atwood -> Igrac: Mustafa_Castellano | Novac: 5000
26/11/2019 | 17:15:41 | Igrac Kafa_Atwood -> Igrac: Mustafa_Castellano | Novac: 5000
26/11/2019 | 17:15:41 | Igrac Kafa_Atwood -> Igrac: Mustafa_Castellano | Novac: 5000
26/11/2019 | 17:15:41 | Igrac Kafa_Atwood -> Igrac: Mustafa_Castellano | Novac: 5000
26/11/2019 | 17:21:57 | Igrac Kafa_Atwood -> Igrac: Ivona_Atwood | Novac: 5000
26/11/2019 | 17:21:58 | Igrac Kafa_Atwood -> Igrac: Ivona_Atwood | Novac: 5000
26/11/2019 | 17:21:58 | Igrac Kafa_Atwood -> Igrac: Ivona_Atwood | Novac: 5000
26/11/2019 | 17:21:59 | Igrac Kafa_Atwood -> Igrac: Ivona_Atwood | Novac: 5000
26/11/2019 | 17:21:59 | Igrac Kafa_Atwood -> Igrac: Ivona_Atwood | Novac: 5000
26/11/2019 | 17:22:00 | Igrac Kafa_Atwood -> Igrac: Ivona_Atwood | Novac: 5000
26/11/2019 | 17:22:00 | Igrac Kafa_Atwood -> Igrac: Ivona_Atwood | Novac: 5000
26/11/2019 | 17:22:19 | Igrac Mustafa_Castellano -> Igrac: Ivona_Atwood | Novac: 5000
26/11/2019 | 17:22:20 | Igrac Mustafa_Castellano -> Igrac: Ivona_Atwood | Novac: 5000
26/11/2019 | 17:22:20 | Igrac Mustafa_Castellano -> Igrac: Ivona_Atwood | Novac: 5000
26/11/2019 | 17:22:21 | Igrac Mustafa_Castellano -> Igrac: Ivona_Atwood | Novac: 5000
26/11/2019 | 17:22:22 | Igrac Mustafa_Castellano -> Igrac: Ivona_Atwood | Novac: 5000
26/11/2019 | 17:22:23 | Igrac Mustafa_Castellano -> Igrac: Ivona_Atwood | Novac: 5000
26/11/2019 | 17:22:23 | Igrac Mustafa_Castellano -> Igrac: Ivona_Atwood | Novac: 5000
26/11/2019 | 17:22:24 | Igrac Mustafa_Castellano -> Igrac: Ivona_Atwood | Novac: 5000
26/11/2019 | 17:22:25 | Igrac Mustafa_Castellano -> Igrac: Ivona_Atwood | Novac: 5000
26/11/2019 | 17:22:27 | Igrac Mustafa_Castellano -> Igrac: Ivona_Atwood | Novac: 5000
26/11/2019 | 17:22:28 | Igrac Mustafa_Castellano -> Igrac: Ivona_Atwood | Novac: 5000
26/11/2019 | 17:22:36 | Igrac Kafa_Atwood -> Igrac: Ivona_Atwood | Novac: 5000
26/11/2019 | 17:22:36 | Igrac Kafa_Atwood -> Igrac: Ivona_Atwood | Novac: 5000
26/11/2019 | 17:22:36 | Igrac Kafa_Atwood -> Igrac: Ivona_Atwood | Novac: 5000
26/11/2019 | 17:22:37 | Igrac Kafa_Atwood -> Igrac: Ivona_Atwood | Novac: 5000
26/11/2019 | 17:22:37 | Igrac Kafa_Atwood -> Igrac: Ivona_Atwood | Novac: 5000
26/11/2019 | 17:22:37 | Igrac Kafa_Atwood -> Igrac: Ivona_Atwood | Novac: 5000
26/11/2019 | 17:22:37 | Igrac Kafa_Atwood -> Igrac: Ivona_Atwood | Novac: 5000
26/11/2019 | 17:22:38 | Igrac Kafa_Atwood -> Igrac: Ivona_Atwood | Novac: 5000
26/11/2019 | 17:22:38 | Igrac Kafa_Atwood -> Igrac: Ivona_Atwood | Novac: 5000
26/11/2019 | 17:22:38 | Igrac Mustafa_Castellano -> Igrac: Ivona_Atwood | Novac: 5000
26/11/2019 | 17:22:39 | Igrac Kafa_Atwood -> Igrac: Ivona_Atwood | Novac: 5000
26/11/2019 | 17:22:39 | Igrac Mustafa_Castellano -> Igrac: Ivona_Atwood | Novac: 5000
26/11/2019 | 17:22:39 | Igrac Kafa_Atwood -> Igrac: Ivona_Atwood | Novac: 5000
26/11/2019 | 17:22:39 | Igrac Kafa_Atwood -> Igrac: Ivona_Atwood | Novac: 5000
26/11/2019 | 17:22:39 | Igrac Kafa_Atwood -> Igrac: Ivona_Atwood | Novac: 5000
26/11/2019 | 17:22:40 | Igrac Mustafa_Castellano -> Igrac: Ivona_Atwood | Novac: 5000
26/11/2019 | 17:22:40 | Igrac Kafa_Atwood -> Igrac: Ivona_Atwood | Novac: 5000
26/11/2019 | 17:22:40 | Igrac Kafa_Atwood -> Igrac: Ivona_Atwood | Novac: 5000
26/11/2019 | 17:22:40 | Igrac Kafa_Atwood -> Igrac: Ivona_Atwood | Novac: 5000
26/11/2019 | 17:22:40 | Igrac Kafa_Atwood -> Igrac: Ivona_Atwood | Novac: 5000
26/11/2019 | 17:22:40 | Igrac Mustafa_Castellano -> Igrac: Ivona_Atwood | Novac: 5000
26/11/2019 | 17:22:40 | Igrac Kafa_Atwood -> Igrac: Ivona_Atwood | Novac: 5000
26/11/2019 | 17:22:40 | Igrac Kafa_Atwood -> Igrac: Ivona_Atwood | Novac: 5000
26/11/2019 | 17:22:41 | Igrac Kafa_Atwood -> Igrac: Ivona_Atwood | Novac: 5000
26/11/2019 | 17:22:41 | Igrac Mustafa_Castellano -> Igrac: Ivona_Atwood | Novac: 5000
26/11/2019 | 17:22:41 | Igrac Kafa_Atwood -> Igrac: Ivona_Atwood | Novac: 5000
26/11/2019 | 17:22:41 | Igrac Kafa_Atwood -> Igrac: Ivona_Atwood | Novac: 5000
26/11/2019 | 17:22:41 | Igrac Kafa_Atwood -> Igrac: Ivona_Atwood | Novac: 5000
26/11/2019 | 17:22:41 | Igrac Mustafa_Castellano -> Igrac: Ivona_Atwood | Novac: 5000
26/11/2019 | 17:22:44 | Igrac Mustafa_Castellano -> Igrac: Ivona_Atwood | Novac: 5000
26/11/2019 | 17:22:44 | Igrac Mustafa_Castellano -> Igrac: Ivona_Atwood | Novac: 5000
26/11/2019 | 17:22:46 | Igrac Mustafa_Castellano -> Igrac: Ivona_Atwood | Novac: 5000
26/11/2019 | 17:22:54 | Igrac Ahmet_Castellano -> Igrac: Pejca_Suarez | Novac: 5000
26/11/2019 | 17:22:55 | Igrac Ahmet_Castellano -> Igrac: Pejca_Suarez | Novac: 5000
26/11/2019 | 18:10:34 | Igrac Kafa_Atwood -> Igrac: Error_Torwil | Novac: 5000
26/11/2019 | 18:10:34 | Igrac Kafa_Atwood -> Igrac: Error_Torwil | Novac: 5000
26/11/2019 | 18:10:57 | Igrac Kafa_Atwood -> Igrac: Ivona_Atwood | Novac: 5000
26/11/2019 | 18:10:57 | Igrac Kafa_Atwood -> Igrac: Ivona_Atwood | Novac: 5000
26/11/2019 | 18:18:06 | Igrac Richz_Voohunt -> Igrac: Error_Torwil | Novac: 5000
26/11/2019 | 18:18:07 | Igrac Richz_Voohunt -> Igrac: Error_Torwil | Novac: 5000
26/11/2019 | 18:20:09 | Igrac Ahmet_Castellano -> Igrac: Mustafa_Castellano | Novac: 5000
26/11/2019 | 19:05:58 | Igrac Pablo -> Igrac: Ana_Vujosevic | Novac: 5000
26/11/2019 | 19:05:59 | Igrac Pablo -> Igrac: Ana_Vujosevic | Novac: 5000
26/11/2019 | 19:10:48 | Igrac Mumitza_Ishtar -> Igrac: Kafa_Atwood | Novac: 69
26/11/2019 | 19:25:05 | Igrac Mumitza_Ishtar -> Igrac: Fetzy | Novac: 49
26/11/2019 | 19:25:08 | Igrac Mumitza_Ishtar -> Igrac: Fetzy | Novac: 69
26/11/2019 | 20:04:36 | Igrac Starcevic_Barzini -> Igrac: Gatusso_Schoudovsky | Novac: 5000
26/11/2019 | 20:43:17 | Igrac Starcevic_Barzini -> Igrac: Marko_Kuzmanovic | Novac: 5000
26/11/2019 | 20:43:19 | Igrac Starcevic_Barzini -> Igrac: Marko_Kuzmanovic | Novac: 5000
26/11/2019 | 20:43:21 | Igrac Starcevic_Barzini -> Igrac: Marko_Kuzmanovic | Novac: 5000
26/11/2019 | 20:43:23 | Igrac Starcevic_Barzini -> Igrac: Marko_Kuzmanovic | Novac: 5000
26/11/2019 | 21:13:03 | Igrac Legija_Kanter -> Igrac: Tea_Escobar | Novac: 1000
26/11/2019 | 21:16:25 | Igrac Legija_Kanter -> Igrac: Saiyan_Barzini | Novac: 5000
26/11/2019 | 21:16:29 | Igrac Legija_Kanter -> Igrac: Saiyan_Barzini | Novac: 5000
26/11/2019 | 21:55:55 | Igrac Tea_Escobar -> Igrac: Legija_Kanter | Novac: 500
26/11/2019 | 21:57:20 | Igrac Tea_Escobar -> Igrac: Legija_Kanter | Novac: 5000
26/11/2019 | 21:57:22 | Igrac Tea_Escobar -> Igrac: Legija_Kanter | Novac: 5000
26/11/2019 | 21:57:24 | Igrac Tea_Escobar -> Igrac: Legija_Kanter | Novac: 5000
26/11/2019 | 21:57:28 | Igrac Tea_Escobar -> Igrac: Legija_Kanter | Novac: 5000
26/11/2019 | 22:14:38 | Igrac Ahmet_Castellano -> Igrac: Jewik_Texas | Novac: 1000
26/11/2019 | 22:58:15 | Igrac Zeka_Barzini -> Igrac: Legija_Kanter | Novac: 1
26/11/2019 | 22:58:31 | Igrac Zeka_Barzini -> Igrac: Legija_Kanter | Novac: 2000
26/11/2019 | 23:22:14 | Igrac Zeka_Barzini -> Igrac: Saiyan_Barzini | Novac: 1
26/11/2019 | 23:22:56 | Igrac Zeka_Barzini -> Igrac: Legija_Kanter | Novac: 1000
27/11/2019 | 13:25:20 | Igrac Kafa_Atwood -> Igrac: Melaa_Mujkich | Novac: 5000
27/11/2019 | 13:25:46 | Igrac Kafa_Atwood -> Igrac: Melaa_Mujkich | Novac: 5000
27/11/2019 | 13:38:37 | Igrac Ahmet_Castellano -> Igrac: Marko_Kuzmanovic | Novac: 5000
27/11/2019 | 13:38:38 | Igrac Ahmet_Castellano -> Igrac: Marko_Kuzmanovic | Novac: 5000
27/11/2019 | 13:38:38 | Igrac Ahmet_Castellano -> Igrac: Marko_Kuzmanovic | Novac: 5000
27/11/2019 | 13:38:40 | Igrac Ahmet_Castellano -> Igrac: Marko_Kuzmanovic | Novac: 5000
27/11/2019 | 13:38:40 | Igrac Ahmet_Castellano -> Igrac: Marko_Kuzmanovic | Novac: 5000
27/11/2019 | 13:38:42 | Igrac Ahmet_Castellano -> Igrac: Marko_Kuzmanovic | Novac: 5000
27/11/2019 | 13:38:42 | Igrac Ahmet_Castellano -> Igrac: Marko_Kuzmanovic | Novac: 5000
27/11/2019 | 13:38:43 | Igrac Ahmet_Castellano -> Igrac: Marko_Kuzmanovic | Novac: 5000
27/11/2019 | 13:38:43 | Igrac Ahmet_Castellano -> Igrac: Marko_Kuzmanovic | Novac: 5000
27/11/2019 | 13:38:44 | Igrac Ahmet_Castellano -> Igrac: Marko_Kuzmanovic | Novac: 5000
27/11/2019 | 14:30:01 | Igrac Ahmet_Castellano -> Igrac: Marko_Kuzmanovic | Novac: 5000
27/11/2019 | 14:30:27 | Igrac Ahmet_Castellano -> Igrac: Marko_Kuzmanovic | Novac: 5000
27/11/2019 | 14:30:30 | Igrac Ahmet_Castellano -> Igrac: Marko_Kuzmanovic | Novac: 5000
27/11/2019 | 14:30:31 | Igrac Ahmet_Castellano -> Igrac: Marko_Kuzmanovic | Novac: 5000
27/11/2019 | 14:30:31 | Igrac Ahmet_Castellano -> Igrac: Marko_Kuzmanovic | Novac: 5000
27/11/2019 | 14:30:32 | Igrac Ahmet_Castellano -> Igrac: Marko_Kuzmanovic | Novac: 5000
27/11/2019 | 14:30:32 | Igrac Ahmet_Castellano -> Igrac: Marko_Kuzmanovic | Novac: 5000
27/11/2019 | 14:32:37 | Igrac Kafa_Atwood -> Igrac: Ivona_Atwood | Novac: 5000
27/11/2019 | 14:32:37 | Igrac Kafa_Atwood -> Igrac: Ivona_Atwood | Novac: 5000
27/11/2019 | 14:32:40 | Igrac Ahmet_Castellano -> Igrac: Jusuf_Barzini | Novac: 5000
27/11/2019 | 14:32:40 | Igrac Ahmet_Castellano -> Igrac: Jusuf_Barzini | Novac: 5000
27/11/2019 | 14:32:41 | Igrac Ahmet_Castellano -> Igrac: Jusuf_Barzini | Novac: 5000
27/11/2019 | 14:32:41 | Igrac Ahmet_Castellano -> Igrac: Jusuf_Barzini | Novac: 5000
27/11/2019 | 15:02:24 | Igrac Vuk_Original -> Igrac: Legija_Kanter | Novac: 5000
27/11/2019 | 15:02:30 | Igrac Vuk_Original -> Igrac: Legija_Kanter | Novac: 5000
27/11/2019 | 15:02:33 | Igrac Vuk_Original -> Igrac: Legija_Kanter | Novac: 5000
27/11/2019 | 15:03:50 | Igrac Kafa_Atwood -> Igrac: Mustafa_Castellano | Novac: 5000
27/11/2019 | 15:03:50 | Igrac Kafa_Atwood -> Igrac: Mustafa_Castellano | Novac: 5000
27/11/2019 | 16:14:35 | Igrac Legija_Kanter -> Igrac: Tea_Escobar | Novac: 100
27/11/2019 | 16:45:29 | Igrac Kafa_Atwood -> Igrac: Ivona_Atwood | Novac: 5000
27/11/2019 | 16:45:29 | Igrac Kafa_Atwood -> Igrac: Ivona_Atwood | Novac: 5000
27/11/2019 | 17:24:16 | Igrac Tea_Escobar -> Igrac: Legija_Kanter | Novac: 5000
27/11/2019 | 20:18:08 | Igrac Nemanja_Somax -> Igrac: Hamza_Trki | Novac: 1000
27/11/2019 | 20:18:12 | Igrac Nemanja_Somax -> Igrac: Hamza_Trki | Novac: 1000
27/11/2019 | 20:35:34 | Igrac Ahmet_Castellano -> Igrac: Andrey_Eskylon | Novac: 5000
27/11/2019 | 20:35:34 | Igrac Ahmet_Castellano -> Igrac: Andrey_Eskylon | Novac: 5000
27/11/2019 | 20:35:39 | Igrac Ahmet_Castellano -> Igrac: Andrey_Eskylon | Novac: 5000
27/11/2019 | 20:35:39 | Igrac Ahmet_Castellano -> Igrac: Andrey_Eskylon | Novac: 5000
27/11/2019 | 20:35:40 | Igrac Ahmet_Castellano -> Igrac: Andrey_Eskylon | Novac: 5000
27/11/2019 | 20:35:40 | Igrac Ahmet_Castellano -> Igrac: Andrey_Eskylon | Novac: 5000
27/11/2019 | 20:35:41 | Igrac Ahmet_Castellano -> Igrac: Andrey_Eskylon | Novac: 5000
27/11/2019 | 20:35:41 | Igrac Ahmet_Castellano -> Igrac: Andrey_Eskylon | Novac: 5000
27/11/2019 | 20:35:42 | Igrac Ahmet_Castellano -> Igrac: Andrey_Eskylon | Novac: 5000
27/11/2019 | 20:35:42 | Igrac Ahmet_Castellano -> Igrac: Andrey_Eskylon | Novac: 5000
27/11/2019 | 20:35:43 | Igrac Ahmet_Castellano -> Igrac: Andrey_Eskylon | Novac: 5000
27/11/2019 | 20:35:43 | Igrac Ahmet_Castellano -> Igrac: Andrey_Eskylon | Novac: 5000
27/11/2019 | 20:35:44 | Igrac Ahmet_Castellano -> Igrac: Andrey_Eskylon | Novac: 5000
27/11/2019 | 20:35:52 | Igrac Ahmet_Castellano -> Igrac: Andrey_Eskylon | Novac: 5000
27/11/2019 | 20:35:53 | Igrac Ahmet_Castellano -> Igrac: Andrey_Eskylon | Novac: 5000
27/11/2019 | 20:35:53 | Igrac Ahmet_Castellano -> Igrac: Andrey_Eskylon | Novac: 5000
27/11/2019 | 20:35:54 | Igrac Ahmet_Castellano -> Igrac: Andrey_Eskylon | Novac: 5000
27/11/2019 | 20:35:54 | Igrac Ahmet_Castellano -> Igrac: Andrey_Eskylon | Novac: 5000
27/11/2019 | 20:35:55 | Igrac Ahmet_Castellano -> Igrac: Andrey_Eskylon | Novac: 5000
27/11/2019 | 20:35:55 | Igrac Ahmet_Castellano -> Igrac: Andrey_Eskylon | Novac: 5000
27/11/2019 | 20:35:56 | Igrac Ahmet_Castellano -> Igrac: Andrey_Eskylon | Novac: 5000
27/11/2019 | 20:35:56 | Igrac Ahmet_Castellano -> Igrac: Andrey_Eskylon | Novac: 5000
27/11/2019 | 20:35:57 | Igrac Ahmet_Castellano -> Igrac: Andrey_Eskylon | Novac: 5000
27/11/2019 | 20:35:57 | Igrac Ahmet_Castellano -> Igrac: Andrey_Eskylon | Novac: 5000
27/11/2019 | 20:35:57 | Igrac Ahmet_Castellano -> Igrac: Andrey_Eskylon | Novac: 5000
27/11/2019 | 20:35:58 | Igrac Ahmet_Castellano -> Igrac: Andrey_Eskylon | Novac: 5000
27/11/2019 | 20:35:58 | Igrac Ahmet_Castellano -> Igrac: Andrey_Eskylon | Novac: 5000
27/11/2019 | 20:35:59 | Igrac Ahmet_Castellano -> Igrac: Andrey_Eskylon | Novac: 5000
27/11/2019 | 20:35:59 | Igrac Ahmet_Castellano -> Igrac: Andrey_Eskylon | Novac: 5000
27/11/2019 | 20:36:00 | Igrac Ahmet_Castellano -> Igrac: Andrey_Eskylon | Novac: 5000
27/11/2019 | 21:23:31 | Igrac Marko_Kuzmanovic -> Igrac: Legija_Kanter | Novac: 5000
27/11/2019 | 21:46:57 | Igrac Nemanja_Somax -> Igrac: Legija_Kanter | Novac: 5000
27/11/2019 | 21:47:07 | Igrac Nemanja_Somax -> Igrac: Legija_Kanter | Novac: 5000
27/11/2019 | 21:47:09 | Igrac Nemanja_Somax -> Igrac: Legija_Kanter | Novac: 5000
27/11/2019 | 21:47:11 | Igrac Nemanja_Somax -> Igrac: Legija_Kanter | Novac: 5000
27/11/2019 | 21:47:13 | Igrac Nemanja_Somax -> Igrac: Legija_Kanter | Novac: 5000
27/11/2019 | 21:47:15 | Igrac Nemanja_Somax -> Igrac: Legija_Kanter | Novac: 5000
27/11/2019 | 21:47:17 | Igrac Nemanja_Somax -> Igrac: Legija_Kanter | Novac: 5000
27/11/2019 | 21:47:19 | Igrac Nemanja_Somax -> Igrac: Legija_Kanter | Novac: 5000
27/11/2019 | 21:47:21 | Igrac Nemanja_Somax -> Igrac: Legija_Kanter | Novac: 5000
27/11/2019 | 21:47:23 | Igrac Nemanja_Somax -> Igrac: Legija_Kanter | Novac: 5000
27/11/2019 | 21:47:25 | Igrac Nemanja_Somax -> Igrac: Legija_Kanter | Novac: 5000
27/11/2019 | 21:47:27 | Igrac Nemanja_Somax -> Igrac: Legija_Kanter | Novac: 5000
27/11/2019 | 21:47:30 | Igrac Nemanja_Somax -> Igrac: Legija_Kanter | Novac: 5000
27/11/2019 | 21:47:32 | Igrac Nemanja_Somax -> Igrac: Legija_Kanter | Novac: 5000
27/11/2019 | 21:47:34 | Igrac Nemanja_Somax -> Igrac: Legija_Kanter | Novac: 5000
27/11/2019 | 21:47:36 | Igrac Nemanja_Somax -> Igrac: Legija_Kanter | Novac: 5000
27/11/2019 | 21:47:38 | Igrac Nemanja_Somax -> Igrac: Legija_Kanter | Novac: 5000
27/11/2019 | 21:47:40 | Igrac Nemanja_Somax -> Igrac: Legija_Kanter | Novac: 5000
27/11/2019 | 21:47:42 | Igrac Nemanja_Somax -> Igrac: Legija_Kanter | Novac: 5000
27/11/2019 | 21:47:47 | Igrac Nemanja_Somax -> Igrac: Legija_Kanter | Novac: 5000
27/11/2019 | 21:47:51 | Igrac Nemanja_Somax -> Igrac: Legija_Kanter | Novac: 5000
27/11/2019 | 21:47:54 | Igrac Nemanja_Somax -> Igrac: Legija_Kanter | Novac: 5000
27/11/2019 | 21:47:56 | Igrac Nemanja_Somax -> Igrac: Legija_Kanter | Novac: 5000
27/11/2019 | 21:47:58 | Igrac Nemanja_Somax -> Igrac: Legija_Kanter | Novac: 5000
27/11/2019 | 21:48:00 | Igrac Nemanja_Somax -> Igrac: Legija_Kanter | Novac: 5000
27/11/2019 | 21:48:04 | Igrac Nemanja_Somax -> Igrac: Legija_Kanter | Novac: 2018
27/11/2019 | 21:49:07 | Igrac Marko_Kuzmanovic -> Igrac: Nemanja_Somax | Novac: 5000
27/11/2019 | 21:49:10 | Igrac Marko_Kuzmanovic -> Igrac: Nemanja_Somax | Novac: 5000
27/11/2019 | 21:49:12 | Igrac Marko_Kuzmanovic -> Igrac: Nemanja_Somax | Novac: 5000
27/11/2019 | 21:49:15 | Igrac Marko_Kuzmanovic -> Igrac: Nemanja_Somax | Novac: 5000
27/11/2019 | 22:25:08 | Igrac Haris_Barzini -> Igrac: Skull_Barzini | Novac: 209
28/11/2019 | 01:01:39 | Igrac Benedetto_Shakur -> Igrac: Vedran_Vrbic | Novac: 5000
28/11/2019 | 01:01:40 | Igrac Benedetto_Shakur -> Igrac: Vedran_Vrbic | Novac: 5000
28/11/2019 | 01:01:40 | Igrac Benedetto_Shakur -> Igrac: Vedran_Vrbic | Novac: 5000
28/11/2019 | 01:01:40 | Igrac Benedetto_Shakur -> Igrac: Vedran_Vrbic | Novac: 5000
28/11/2019 | 01:01:41 | Igrac Benedetto_Shakur -> Igrac: Vedran_Vrbic | Novac: 5000
28/11/2019 | 01:01:41 | Igrac Benedetto_Shakur -> Igrac: Vedran_Vrbic | Novac: 5000
28/11/2019 | 01:01:41 | Igrac Benedetto_Shakur -> Igrac: Vedran_Vrbic | Novac: 5000
28/11/2019 | 01:01:41 | Igrac Benedetto_Shakur -> Igrac: Vedran_Vrbic | Novac: 5000
28/11/2019 | 01:01:41 | Igrac Benedetto_Shakur -> Igrac: Vedran_Vrbic | Novac: 5000
28/11/2019 | 01:01:42 | Igrac Benedetto_Shakur -> Igrac: Vedran_Vrbic | Novac: 5000
28/11/2019 | 01:01:42 | Igrac Benedetto_Shakur -> Igrac: Vedran_Vrbic | Novac: 5000
28/11/2019 | 01:01:42 | Igrac Benedetto_Shakur -> Igrac: Vedran_Vrbic | Novac: 5000
28/11/2019 | 01:01:42 | Igrac Benedetto_Shakur -> Igrac: Vedran_Vrbic | Novac: 5000
28/11/2019 | 01:01:43 | Igrac Benedetto_Shakur -> Igrac: Vedran_Vrbic | Novac: 5000
28/11/2019 | 01:01:43 | Igrac Benedetto_Shakur -> Igrac: Vedran_Vrbic | Novac: 5000
28/11/2019 | 01:01:43 | Igrac Benedetto_Shakur -> Igrac: Vedran_Vrbic | Novac: 5000
28/11/2019 | 01:01:43 | Igrac Benedetto_Shakur -> Igrac: Vedran_Vrbic | Novac: 5000
28/11/2019 | 01:01:43 | Igrac Benedetto_Shakur -> Igrac: Vedran_Vrbic | Novac: 5000
28/11/2019 | 01:01:44 | Igrac Benedetto_Shakur -> Igrac: Vedran_Vrbic | Novac: 5000
28/11/2019 | 01:01:44 | Igrac Benedetto_Shakur -> Igrac: Vedran_Vrbic | Novac: 5000
28/11/2019 | 01:01:44 | Igrac Benedetto_Shakur -> Igrac: Vedran_Vrbic | Novac: 5000
28/11/2019 | 01:01:44 | Igrac Benedetto_Shakur -> Igrac: Vedran_Vrbic | Novac: 5000
28/11/2019 | 01:01:45 | Igrac Benedetto_Shakur -> Igrac: Vedran_Vrbic | Novac: 5000
28/11/2019 | 01:01:47 | Igrac Benedetto_Shakur -> Igrac: Vedran_Vrbic | Novac: 5000
28/11/2019 | 01:01:48 | Igrac Benedetto_Shakur -> Igrac: Vedran_Vrbic | Novac: 5000
28/11/2019 | 01:01:48 | Igrac Benedetto_Shakur -> Igrac: Vedran_Vrbic | Novac: 5000
28/11/2019 | 01:01:49 | Igrac Benedetto_Shakur -> Igrac: Vedran_Vrbic | Novac: 5000
28/11/2019 | 01:01:49 | Igrac Benedetto_Shakur -> Igrac: Vedran_Vrbic | Novac: 5000
28/11/2019 | 01:01:49 | Igrac Benedetto_Shakur -> Igrac: Vedran_Vrbic | Novac: 5000
28/11/2019 | 01:01:51 | Igrac Benedetto_Shakur -> Igrac: Vedran_Vrbic | Novac: 5000
28/11/2019 | 01:01:51 | Igrac Benedetto_Shakur -> Igrac: Vedran_Vrbic | Novac: 5000
28/11/2019 | 01:01:51 | Igrac Benedetto_Shakur -> Igrac: Vedran_Vrbic | Novac: 5000
28/11/2019 | 01:01:53 | Igrac Benedetto_Shakur -> Igrac: Vedran_Vrbic | Novac: 5000
28/11/2019 | 01:01:54 | Igrac Benedetto_Shakur -> Igrac: Vedran_Vrbic | Novac: 5000
28/11/2019 | 01:01:54 | Igrac Benedetto_Shakur -> Igrac: Vedran_Vrbic | Novac: 5000
28/11/2019 | 01:01:54 | Igrac Benedetto_Shakur -> Igrac: Vedran_Vrbic | Novac: 5000
28/11/2019 | 01:01:54 | Igrac Benedetto_Shakur -> Igrac: Vedran_Vrbic | Novac: 5000
28/11/2019 | 01:01:55 | Igrac Benedetto_Shakur -> Igrac: Vedran_Vrbic | Novac: 5000
28/11/2019 | 01:01:55 | Igrac Benedetto_Shakur -> Igrac: Vedran_Vrbic | Novac: 5000
28/11/2019 | 01:01:55 | Igrac Benedetto_Shakur -> Igrac: Vedran_Vrbic | Novac: 5000
28/11/2019 | 01:01:55 | Igrac Benedetto_Shakur -> Igrac: Vedran_Vrbic | Novac: 5000
28/11/2019 | 01:01:56 | Igrac Benedetto_Shakur -> Igrac: Vedran_Vrbic | Novac: 5000
28/11/2019 | 01:01:56 | Igrac Benedetto_Shakur -> Igrac: Vedran_Vrbic | Novac: 5000
28/11/2019 | 01:01:58 | Igrac Benedetto_Shakur -> Igrac: Vedran_Vrbic | Novac: 5000
28/11/2019 | 01:01:58 | Igrac Benedetto_Shakur -> Igrac: Vedran_Vrbic | Novac: 5000
28/11/2019 | 01:01:59 | Igrac Benedetto_Shakur -> Igrac: Vedran_Vrbic | Novac: 5000
28/11/2019 | 01:01:59 | Igrac Benedetto_Shakur -> Igrac: Vedran_Vrbic | Novac: 5000
28/11/2019 | 01:01:59 | Igrac Benedetto_Shakur -> Igrac: Vedran_Vrbic | Novac: 5000
28/11/2019 | 01:02:01 | Igrac Benedetto_Shakur -> Igrac: Vedran_Vrbic | Novac: 5000
28/11/2019 | 01:02:04 | Igrac Benedetto_Shakur -> Igrac: Vedran_Vrbic | Novac: 5000
28/11/2019 | 01:02:04 | Igrac Benedetto_Shakur -> Igrac: Vedran_Vrbic | Novac: 5000
28/11/2019 | 01:02:05 | Igrac Benedetto_Shakur -> Igrac: Vedran_Vrbic | Novac: 5000
28/11/2019 | 01:02:05 | Igrac Benedetto_Shakur -> Igrac: Vedran_Vrbic | Novac: 5000
28/11/2019 | 01:02:05 | Igrac Benedetto_Shakur -> Igrac: Vedran_Vrbic | Novac: 5000
28/11/2019 | 01:02:05 | Igrac Benedetto_Shakur -> Igrac: Vedran_Vrbic | Novac: 5000
28/11/2019 | 01:02:06 | Igrac Benedetto_Shakur -> Igrac: Vedran_Vrbic | Novac: 5000
28/11/2019 | 01:02:06 | Igrac Benedetto_Shakur -> Igrac: Vedran_Vrbic | Novac: 5000
28/11/2019 | 01:02:06 | Igrac Benedetto_Shakur -> Igrac: Vedran_Vrbic | Novac: 5000
28/11/2019 | 01:02:06 | Igrac Benedetto_Shakur -> Igrac: Vedran_Vrbic | Novac: 5000
28/11/2019 | 01:02:07 | Igrac Benedetto_Shakur -> Igrac: Vedran_Vrbic | Novac: 5000
28/11/2019 | 01:02:07 | Igrac Benedetto_Shakur -> Igrac: Vedran_Vrbic | Novac: 5000
28/11/2019 | 01:02:10 | Igrac Benedetto_Shakur -> Igrac: Vedran_Vrbic | Novac: 5000
28/11/2019 | 01:02:10 | Igrac Benedetto_Shakur -> Igrac: Vedran_Vrbic | Novac: 5000
28/11/2019 | 01:02:11 | Igrac Benedetto_Shakur -> Igrac: Vedran_Vrbic | Novac: 5000
28/11/2019 | 01:02:11 | Igrac Benedetto_Shakur -> Igrac: Vedran_Vrbic | Novac: 5000
28/11/2019 | 01:02:11 | Igrac Benedetto_Shakur -> Igrac: Vedran_Vrbic | Novac: 5000
28/11/2019 | 01:02:12 | Igrac Benedetto_Shakur -> Igrac: Vedran_Vrbic | Novac: 5000
28/11/2019 | 01:02:13 | Igrac Benedetto_Shakur -> Igrac: Vedran_Vrbic | Novac: 5000
28/11/2019 | 01:02:14 | Igrac Benedetto_Shakur -> Igrac: Vedran_Vrbic | Novac: 5000
28/11/2019 | 01:02:14 | Igrac Benedetto_Shakur -> Igrac: Vedran_Vrbic | Novac: 5000
28/11/2019 | 01:02:14 | Igrac Benedetto_Shakur -> Igrac: Vedran_Vrbic | Novac: 5000
28/11/2019 | 01:02:15 | Igrac Benedetto_Shakur -> Igrac: Vedran_Vrbic | Novac: 5000
28/11/2019 | 01:02:15 | Igrac Benedetto_Shakur -> Igrac: Vedran_Vrbic | Novac: 5000
28/11/2019 | 01:02:15 | Igrac Benedetto_Shakur -> Igrac: Vedran_Vrbic | Novac: 5000
28/11/2019 | 01:02:16 | Igrac Benedetto_Shakur -> Igrac: Vedran_Vrbic | Novac: 5000
28/11/2019 | 01:02:16 | Igrac Benedetto_Shakur -> Igrac: Vedran_Vrbic | Novac: 5000
28/11/2019 | 01:02:17 | Igrac Benedetto_Shakur -> Igrac: Vedran_Vrbic | Novac: 5000
28/11/2019 | 13:35:54 | Igrac Phoenix_Cappone -> Igrac: Ana_Vujosevic | Novac: 1000
28/11/2019 | 13:35:57 | Igrac Phoenix_Cappone -> Igrac: Ana_Vujosevic | Novac: 1000
28/11/2019 | 13:36:00 | Igrac Phoenix_Cappone -> Igrac: Ana_Vujosevic | Novac: 1000
28/11/2019 | 13:36:02 | Igrac Phoenix_Cappone -> Igrac: Ana_Vujosevic | Novac: 1000
28/11/2019 | 13:36:04 | Igrac Phoenix_Cappone -> Igrac: Ana_Vujosevic | Novac: 1000
28/11/2019 | 14:41:30 | Igrac Ahmet_Castellano -> Igrac: Marko_Kuzmanovic | Novac: 5000
28/11/2019 | 14:41:31 | Igrac Ahmet_Castellano -> Igrac: Marko_Kuzmanovic | Novac: 5000
28/11/2019 | 14:41:31 | Igrac Ahmet_Castellano -> Igrac: Marko_Kuzmanovic | Novac: 5000
28/11/2019 | 14:41:32 | Igrac Ahmet_Castellano -> Igrac: Marko_Kuzmanovic | Novac: 5000
28/11/2019 | 14:41:33 | Igrac Ahmet_Castellano -> Igrac: Marko_Kuzmanovic | Novac: 5000
28/11/2019 | 14:41:33 | Igrac Ahmet_Castellano -> Igrac: Marko_Kuzmanovic | Novac: 5000
28/11/2019 | 14:41:34 | Igrac Ahmet_Castellano -> Igrac: Marko_Kuzmanovic | Novac: 5000
28/11/2019 | 14:41:34 | Igrac Ahmet_Castellano -> Igrac: Marko_Kuzmanovic | Novac: 5000
28/11/2019 | 14:41:35 | Igrac Ahmet_Castellano -> Igrac: Marko_Kuzmanovic | Novac: 5000
28/11/2019 | 14:41:35 | Igrac Ahmet_Castellano -> Igrac: Marko_Kuzmanovic | Novac: 5000
28/11/2019 | 14:41:36 | Igrac Ahmet_Castellano -> Igrac: Marko_Kuzmanovic | Novac: 5000
28/11/2019 | 14:41:36 | Igrac Ahmet_Castellano -> Igrac: Marko_Kuzmanovic | Novac: 5000
28/11/2019 | 14:41:36 | Igrac Ahmet_Castellano -> Igrac: Marko_Kuzmanovic | Novac: 5000
28/11/2019 | 14:41:37 | Igrac Ahmet_Castellano -> Igrac: Marko_Kuzmanovic | Novac: 5000
28/11/2019 | 14:41:38 | Igrac Ahmet_Castellano -> Igrac: Marko_Kuzmanovic | Novac: 5000
28/11/2019 | 15:39:36 | Igrac Saiyan_Barzini -> Igrac: Stela_Barzini | Novac: 5000
28/11/2019 | 15:39:38 | Igrac Saiyan_Barzini -> Igrac: Stela_Barzini | Novac: 5000
28/11/2019 | 15:39:40 | Igrac Saiyan_Barzini -> Igrac: Stela_Barzini | Novac: 5000
28/11/2019 | 15:39:42 | Igrac Saiyan_Barzini -> Igrac: Stela_Barzini | Novac: 5000
28/11/2019 | 15:39:44 | Igrac Saiyan_Barzini -> Igrac: Stela_Barzini | Novac: 5000
28/11/2019 | 15:39:46 | Igrac Saiyan_Barzini -> Igrac: Stela_Barzini | Novac: 5000
28/11/2019 | 15:39:50 | Igrac Saiyan_Barzini -> Igrac: Stela_Barzini | Novac: 5000
28/11/2019 | 15:39:52 | Igrac Saiyan_Barzini -> Igrac: Stela_Barzini | Novac: 5000
28/11/2019 | 15:39:54 | Igrac Saiyan_Barzini -> Igrac: Stela_Barzini | Novac: 5000
28/11/2019 | 15:39:57 | Igrac Saiyan_Barzini -> Igrac: Stela_Barzini | Novac: 5000
28/11/2019 | 15:39:59 | Igrac Saiyan_Barzini -> Igrac: Stela_Barzini | Novac: 5000
28/11/2019 | 15:40:01 | Igrac Saiyan_Barzini -> Igrac: Stela_Barzini | Novac: 5000
28/11/2019 | 15:40:03 | Igrac Saiyan_Barzini -> Igrac: Stela_Barzini | Novac: 5000
28/11/2019 | 15:40:05 | Igrac Saiyan_Barzini -> Igrac: Stela_Barzini | Novac: 5000
28/11/2019 | 15:40:08 | Igrac Saiyan_Barzini -> Igrac: Stela_Barzini | Novac: 5000
28/11/2019 | 15:40:10 | Igrac Saiyan_Barzini -> Igrac: Stela_Barzini | Novac: 5000
28/11/2019 | 15:40:12 | Igrac Saiyan_Barzini -> Igrac: Stela_Barzini | Novac: 5000
28/11/2019 | 15:40:15 | Igrac Saiyan_Barzini -> Igrac: Stela_Barzini | Novac: 5000
28/11/2019 | 15:40:17 | Igrac Saiyan_Barzini -> Igrac: Stela_Barzini | Novac: 5000
28/11/2019 | 15:40:19 | Igrac Saiyan_Barzini -> Igrac: Stela_Barzini | Novac: 5000
28/11/2019 | 15:40:21 | Igrac Saiyan_Barzini -> Igrac: Stela_Barzini | Novac: 5000
28/11/2019 | 15:40:23 | Igrac Saiyan_Barzini -> Igrac: Stela_Barzini | Novac: 5000
28/11/2019 | 15:40:25 | Igrac Saiyan_Barzini -> Igrac: Stela_Barzini | Novac: 5000
28/11/2019 | 15:40:27 | Igrac Saiyan_Barzini -> Igrac: Stela_Barzini | Novac: 5000
28/11/2019 | 15:40:29 | Igrac Saiyan_Barzini -> Igrac: Stela_Barzini | Novac: 5000
28/11/2019 | 15:40:32 | Igrac Saiyan_Barzini -> Igrac: Stela_Barzini | Novac: 5000
28/11/2019 | 15:40:34 | Igrac Saiyan_Barzini -> Igrac: Stela_Barzini | Novac: 5000
28/11/2019 | 15:40:38 | Igrac Saiyan_Barzini -> Igrac: Stela_Barzini | Novac: 5000
28/11/2019 | 15:40:41 | Igrac Saiyan_Barzini -> Igrac: Stela_Barzini | Novac: 5000
28/11/2019 | 15:40:44 | Igrac Saiyan_Barzini -> Igrac: Stela_Barzini | Novac: 5000
28/11/2019 | 15:40:47 | Igrac Saiyan_Barzini -> Igrac: Stela_Barzini | Novac: 5000
28/11/2019 | 15:40:50 | Igrac Saiyan_Barzini -> Igrac: Stela_Barzini | Novac: 5000
28/11/2019 | 15:40:52 | Igrac Saiyan_Barzini -> Igrac: Stela_Barzini | Novac: 5000
28/11/2019 | 15:40:55 | Igrac Saiyan_Barzini -> Igrac: Stela_Barzini | Novac: 5000
28/11/2019 | 15:40:57 | Igrac Saiyan_Barzini -> Igrac: Stela_Barzini | Novac: 5000
28/11/2019 | 15:40:59 | Igrac Saiyan_Barzini -> Igrac: Stela_Barzini | Novac: 5000
28/11/2019 | 15:41:01 | Igrac Saiyan_Barzini -> Igrac: Stela_Barzini | Novac: 5000
28/11/2019 | 15:41:03 | Igrac Saiyan_Barzini -> Igrac: Stela_Barzini | Novac: 5000
28/11/2019 | 15:41:05 | Igrac Saiyan_Barzini -> Igrac: Stela_Barzini | Novac: 5000
28/11/2019 | 15:41:08 | Igrac Saiyan_Barzini -> Igrac: Stela_Barzini | Novac: 5000
28/11/2019 | 15:41:10 | Igrac Saiyan_Barzini -> Igrac: Stela_Barzini | Novac: 5000
28/11/2019 | 15:41:12 | Igrac Saiyan_Barzini -> Igrac: Stela_Barzini | Novac: 5000
28/11/2019 | 15:41:14 | Igrac Saiyan_Barzini -> Igrac: Stela_Barzini | Novac: 5000
28/11/2019 | 15:41:16 | Igrac Saiyan_Barzini -> Igrac: Stela_Barzini | Novac: 5000
28/11/2019 | 15:41:18 | Igrac Saiyan_Barzini -> Igrac: Stela_Barzini | Novac: 5000
28/11/2019 | 15:41:20 | Igrac Saiyan_Barzini -> Igrac: Stela_Barzini | Novac: 5000
28/11/2019 | 15:41:22 | Igrac Saiyan_Barzini -> Igrac: Stela_Barzini | Novac: 5000
28/11/2019 | 15:41:24 | Igrac Saiyan_Barzini -> Igrac: Stela_Barzini | Novac: 5000
28/11/2019 | 15:41:26 | Igrac Saiyan_Barzini -> Igrac: Stela_Barzini | Novac: 5000
28/11/2019 | 15:41:29 | Igrac Saiyan_Barzini -> Igrac: Stela_Barzini | Novac: 5000
28/11/2019 | 15:41:31 | Igrac Saiyan_Barzini -> Igrac: Stela_Barzini | Novac: 5000
28/11/2019 | 15:41:33 | Igrac Saiyan_Barzini -> Igrac: Stela_Barzini | Novac: 5000
28/11/2019 | 15:41:35 | Igrac Saiyan_Barzini -> Igrac: Stela_Barzini | Novac: 5000
28/11/2019 | 15:41:37 | Igrac Saiyan_Barzini -> Igrac: Stela_Barzini | Novac: 5000
28/11/2019 | 15:41:39 | Igrac Saiyan_Barzini -> Igrac: Stela_Barzini | Novac: 5000
28/11/2019 | 15:41:41 | Igrac Saiyan_Barzini -> Igrac: Stela_Barzini | Novac: 5000
28/11/2019 | 15:41:44 | Igrac Saiyan_Barzini -> Igrac: Stela_Barzini | Novac: 5000
28/11/2019 | 15:41:46 | Igrac Saiyan_Barzini -> Igrac: Stela_Barzini | Novac: 5000
28/11/2019 | 15:41:48 | Igrac Saiyan_Barzini -> Igrac: Stela_Barzini | Novac: 5000
28/11/2019 | 15:41:50 | Igrac Saiyan_Barzini -> Igrac: Stela_Barzini | Novac: 5000
28/11/2019 | 16:28:17 | Igrac Saiyan_Barzini -> Igrac: Starcevic_Barzini | Novac: 5000
28/11/2019 | 16:56:37 | Igrac Kafa_Atwood -> Igrac: Melaa_Mujkich | Novac: 5000
28/11/2019 | 16:56:37 | Igrac Kafa_Atwood -> Igrac: Melaa_Mujkich | Novac: 5000
28/11/2019 | 16:56:38 | Igrac Kafa_Atwood -> Igrac: Melaa_Mujkich | Novac: 5000
28/11/2019 | 16:56:38 | Igrac Kafa_Atwood -> Igrac: Melaa_Mujkich | Novac: 5000
28/11/2019 | 17:04:47 | Igrac Melaa_Mujkich -> Igrac: Ana_Vujosevic | Novac: 5000
28/11/2019 | 17:04:48 | Igrac Melaa_Mujkich -> Igrac: Ana_Vujosevic | Novac: 5000
28/11/2019 | 18:40:25 | Igrac Ahmet_Castellano -> Igrac: Marko_Kuzmanovic | Novac: 5000
28/11/2019 | 18:40:26 | Igrac Ahmet_Castellano -> Igrac: Marko_Kuzmanovic | Novac: 5000
28/11/2019 | 18:45:37 | Igrac Marko_Kuzmanovic -> Igrac: Ahmet_Castellano | Novac: 5000
28/11/2019 | 18:45:39 | Igrac Marko_Kuzmanovic -> Igrac: Ahmet_Castellano | Novac: 5000
28/11/2019 | 18:45:46 | Igrac Ahmet_Castellano -> Igrac: Marko_Kuzmanovic | Novac: 5000
28/11/2019 | 18:45:47 | Igrac Ahmet_Castellano -> Igrac: Marko_Kuzmanovic | Novac: 5000
28/11/2019 | 18:45:47 | Igrac Ahmet_Castellano -> Igrac: Marko_Kuzmanovic | Novac: 5000
28/11/2019 | 18:55:19 | Igrac Marko_Kuzmanovic -> Igrac: Vule_Boss | Novac: 5000
28/11/2019 | 18:55:21 | Igrac Marko_Kuzmanovic -> Igrac: Vule_Boss | Novac: 5000
28/11/2019 | 19:39:44 | Igrac White -> Igrac: Ana_Vujosevic | Novac: 5000
28/11/2019 | 19:39:46 | Igrac White -> Igrac: Mustafa_Castellano | Novac: 5000
28/11/2019 | 19:39:49 | Igrac White -> Igrac: Melaa_Mujkich | Novac: 5000
28/11/2019 | 20:02:34 | Igrac Zeka_Barzini -> Igrac: Saiyan_Barzini | Novac: 1
28/11/2019 | 20:02:37 | Igrac Zeka_Barzini -> Igrac: Saiyan_Barzini | Novac: 1
28/11/2019 | 20:02:40 | Igrac Zeka_Barzini -> Igrac: Saiyan_Barzini | Novac: 1
28/11/2019 | 20:02:42 | Igrac Zeka_Barzini -> Igrac: Saiyan_Barzini | Novac: 1
28/11/2019 | 20:02:44 | Igrac Zeka_Barzini -> Igrac: Saiyan_Barzini | Novac: 1
28/11/2019 | 20:11:51 | Igrac Vuk_Original -> Igrac: Ahmet_Castellano | Novac: 5000
28/11/2019 | 20:11:58 | Igrac Ahmet_Castellano -> Igrac: Vuk_Original | Novac: 5000
28/11/2019 | 20:11:58 | Igrac Ahmet_Castellano -> Igrac: Vuk_Original | Novac: 5000
28/11/2019 | 20:11:59 | Igrac Ahmet_Castellano -> Igrac: Vuk_Original | Novac: 5000
28/11/2019 | 20:11:59 | Igrac Ahmet_Castellano -> Igrac: Vuk_Original | Novac: 5000
28/11/2019 | 20:12:00 | Igrac Ahmet_Castellano -> Igrac: Vuk_Original | Novac: 5000
28/11/2019 | 20:12:00 | Igrac Ahmet_Castellano -> Igrac: Vuk_Original | Novac: 5000
28/11/2019 | 20:12:01 | Igrac Ahmet_Castellano -> Igrac: Vuk_Original | Novac: 5000
28/11/2019 | 20:12:01 | Igrac Ahmet_Castellano -> Igrac: Vuk_Original | Novac: 5000
28/11/2019 | 20:48:30 | Igrac Fetzy -> Igrac: Mustafa_Castellano | Novac: 5000
28/11/2019 | 20:48:31 | Igrac Fetzy -> Igrac: Mustafa_Castellano | Novac: 5000
28/11/2019 | 20:48:32 | Igrac Fetzy -> Igrac: Mustafa_Castellano | Novac: 5000
28/11/2019 | 20:48:32 | Igrac Fetzy -> Igrac: Mustafa_Castellano | Novac: 5000
28/11/2019 | 20:48:33 | Igrac Fetzy -> Igrac: Mustafa_Castellano | Novac: 5000
28/11/2019 | 20:48:33 | Igrac Fetzy -> Igrac: Mustafa_Castellano | Novac: 5000
28/11/2019 | 20:48:36 | Igrac Fetzy -> Igrac: Mustafa_Castellano | Novac: 5000
28/11/2019 | 20:48:37 | Igrac Fetzy -> Igrac: Mustafa_Castellano | Novac: 5000
28/11/2019 | 20:48:37 | Igrac Fetzy -> Igrac: Mustafa_Castellano | Novac: 5000
28/11/2019 | 20:48:38 | Igrac Fetzy -> Igrac: Mustafa_Castellano | Novac: 5000
28/11/2019 | 20:54:09 | Igrac Mustafa_Castellano -> Igrac: Jewik_Texas | Novac: 5000
28/11/2019 | 20:54:10 | Igrac Mustafa_Castellano -> Igrac: Jewik_Texas | Novac: 5000
28/11/2019 | 20:54:11 | Igrac Mustafa_Castellano -> Igrac: Jewik_Texas | Novac: 5000
28/11/2019 | 20:54:13 | Igrac Mustafa_Castellano -> Igrac: Jewik_Texas | Novac: 5000
28/11/2019 | 20:54:14 | Igrac Mustafa_Castellano -> Igrac: Jewik_Texas | Novac: 5000
28/11/2019 | 20:54:14 | Igrac Mustafa_Castellano -> Igrac: Jewik_Texas | Novac: 5000
28/11/2019 | 20:54:15 | Igrac Mustafa_Castellano -> Igrac: Jewik_Texas | Novac: 5000
28/11/2019 | 20:54:17 | Igrac Mustafa_Castellano -> Igrac: Jewik_Texas | Novac: 5000
28/11/2019 | 20:54:17 | Igrac Mustafa_Castellano -> Igrac: Jewik_Texas | Novac: 5000
28/11/2019 | 20:54:18 | Igrac Mustafa_Castellano -> Igrac: Jewik_Texas | Novac: 5000
28/11/2019 | 21:42:23 | Igrac Mustafa_Castellano -> Igrac: Saiyan_Barzini | Novac: 5000
28/11/2019 | 21:42:29 | Igrac Mustafa_Castellano -> Igrac: Saiyan_Barzini | Novac: 5000
28/11/2019 | 21:42:47 | Igrac Mustafa_Castellano -> Igrac: Saiyan_Barzini | Novac: 5000
28/11/2019 | 21:42:48 | Igrac Mustafa_Castellano -> Igrac: Saiyan_Barzini | Novac: 5000
28/11/2019 | 21:43:15 | Igrac Mustafa_Castellano -> Igrac: Saiyan_Barzini | Novac: 5000
28/11/2019 | 21:43:16 | Igrac Mustafa_Castellano -> Igrac: Saiyan_Barzini | Novac: 5000
28/11/2019 | 21:43:16 | Igrac Mustafa_Castellano -> Igrac: Saiyan_Barzini | Novac: 5000
28/11/2019 | 21:44:32 | Igrac Saiyan_Barzini -> Igrac: Melaa_Mujkich | Novac: 5000
28/11/2019 | 21:44:34 | Igrac Saiyan_Barzini -> Igrac: Melaa_Mujkich | Novac: 5000
28/11/2019 | 21:44:36 | Igrac Saiyan_Barzini -> Igrac: Melaa_Mujkich | Novac: 5000
28/11/2019 | 21:44:38 | Igrac Saiyan_Barzini -> Igrac: Melaa_Mujkich | Novac: 5000
28/11/2019 | 21:44:40 | Igrac Saiyan_Barzini -> Igrac: Melaa_Mujkich | Novac: 5000
28/11/2019 | 21:44:42 | Igrac Saiyan_Barzini -> Igrac: Melaa_Mujkich | Novac: 5000
28/11/2019 | 21:53:30 | Igrac Melaa_Mujkich -> Igrac: Saiyan_Barzini | Novac: 5000
28/11/2019 | 21:53:32 | Igrac Melaa_Mujkich -> Igrac: Saiyan_Barzini | Novac: 5000
28/11/2019 | 21:53:35 | Igrac Melaa_Mujkich -> Igrac: Saiyan_Barzini | Novac: 5000
28/11/2019 | 21:53:37 | Igrac Melaa_Mujkich -> Igrac: Saiyan_Barzini | Novac: 5000
28/11/2019 | 21:53:41 | Igrac Melaa_Mujkich -> Igrac: Saiyan_Barzini | Novac: 5000
28/11/2019 | 21:53:43 | Igrac Melaa_Mujkich -> Igrac: Saiyan_Barzini | Novac: 5000
28/11/2019 | 21:53:47 | Igrac Melaa_Mujkich -> Igrac: Saiyan_Barzini | Novac: 5000
28/11/2019 | 21:53:49 | Igrac Melaa_Mujkich -> Igrac: Saiyan_Barzini | Novac: 5000
28/11/2019 | 21:53:51 | Igrac Melaa_Mujkich -> Igrac: Saiyan_Barzini | Novac: 5000
28/11/2019 | 21:53:53 | Igrac Melaa_Mujkich -> Igrac: Saiyan_Barzini | Novac: 5000
28/11/2019 | 21:58:59 | Igrac Ahmet_Castellano -> Igrac: Saiyan_Barzini | Novac: 5000
28/11/2019 | 21:59:00 | Igrac Ahmet_Castellano -> Igrac: Saiyan_Barzini | Novac: 5000
28/11/2019 | 21:59:00 | Igrac Ahmet_Castellano -> Igrac: Saiyan_Barzini | Novac: 5000
28/11/2019 | 21:59:01 | Igrac Ahmet_Castellano -> Igrac: Saiyan_Barzini | Novac: 5000
28/11/2019 | 21:59:02 | Igrac Ahmet_Castellano -> Igrac: Saiyan_Barzini | Novac: 5000
28/11/2019 | 21:59:03 | Igrac Ahmet_Castellano -> Igrac: Saiyan_Barzini | Novac: 5000
28/11/2019 | 21:59:04 | Igrac Ahmet_Castellano -> Igrac: Saiyan_Barzini | Novac: 5000
28/11/2019 | 21:59:05 | Igrac Ahmet_Castellano -> Igrac: Saiyan_Barzini | Novac: 5000
28/11/2019 | 21:59:06 | Igrac Ahmet_Castellano -> Igrac: Saiyan_Barzini | Novac: 5000
28/11/2019 | 21:59:06 | Igrac Ahmet_Castellano -> Igrac: Saiyan_Barzini | Novac: 5000
28/11/2019 | 21:59:07 | Igrac Ahmet_Castellano -> Igrac: Saiyan_Barzini | Novac: 5000
28/11/2019 | 21:59:08 | Igrac Ahmet_Castellano -> Igrac: Saiyan_Barzini | Novac: 5000
28/11/2019 | 22:00:09 | Igrac Mustafa_Castellano -> Igrac: Saiyan_Barzini | Novac: 5000
28/11/2019 | 22:00:09 | Igrac Mustafa_Castellano -> Igrac: Saiyan_Barzini | Novac: 5000
28/11/2019 | 22:00:10 | Igrac Mustafa_Castellano -> Igrac: Saiyan_Barzini | Novac: 5000
28/11/2019 | 22:00:13 | Igrac Mustafa_Castellano -> Igrac: Saiyan_Barzini | Novac: 5000
28/11/2019 | 22:00:14 | Igrac Mustafa_Castellano -> Igrac: Saiyan_Barzini | Novac: 5000
28/11/2019 | 22:00:15 | Igrac Mustafa_Castellano -> Igrac: Saiyan_Barzini | Novac: 5000
