25/11/2019 | 12:56:20 | Igrac Joy_Vasquez je prodao firmu ID 18 na buy
25/11/2019 | 13:13:18 | Igrac Djukii_Verssace je prodao imovinu ID 155 igracu Rico_Payne za 1200000
25/11/2019 | 14:15:22 | Igrac Saco je prodao firmu ID 11 na buy
25/11/2019 | 14:18:37 | Igrac Saiyan_Barzini je prodao firmu ID 0 na buy
25/11/2019 | 14:19:18 | Igrac Kafa_Atwood je prodao imovinu ID 220 igracu Ivona_Atwood za 1
25/11/2019 | 17:16:09 | Igrac Luka_Djurkic je prodao imovinu ID 239 igracu Lazar_Maradona za 280000
25/11/2019 | 19:51:26 | Igrac Melaa_Mujkich je prodao firmu ID 30 na buy
25/11/2019 | 21:24:26 | Igrac Richz_Voohunt je prodao firmu ID 22 igracu Ahmet_Castellano za 1000000
25/11/2019 | 23:31:31 | Igrac Mumitza_Ishtar je prodao firmu ID 32 igracu Momenzi_Brt za 1
26/11/2019 | 12:24:12 | Igrac Milos_Polimac je prodao imovinu ID 104 na buy
26/11/2019 | 13:27:22 | Igrac Mario_Marich je prodao firmu ID 11 na buy
26/11/2019 | 14:17:37 | Igrac Ahmet_Castellano je prodao firmu ID 22 igracu Pejca_Suarez za 1000000
26/11/2019 | 14:50:23 | Igrac Latore_Wallace je prodao firmu ID 18 na buy
26/11/2019 | 14:53:11 | Igrac Starcevic_Barzini je prodao firmu ID 19 na buy
26/11/2019 | 15:11:42 | Igrac Pug_Max je prodao imovinu ID 188 igracu Jofke_Max za 600000
26/11/2019 | 15:38:15 | Igrac Nemanja_Nemanjic je prodao firmu ID 25 na buy
26/11/2019 | 18:30:00 | Igrac Humphrey_Lewrence je prodao imovinu ID 410 igracu Ahmet_Castellano za 1500000
26/11/2019 | 18:30:12 | Igrac Richz_Voohunt je prodao imovinu ID 224 na buy
26/11/2019 | 18:38:49 | Igrac Begovic je prodao imovinu ID 170 igracu Richz_Voohunt za 2000000
26/11/2019 | 20:01:21 | Igrac Djukii_Verssace je prodao firmu ID 23 igracu Vuk_Original za 800000
26/11/2019 | 20:04:17 | Igrac Gatusso_Schoudovsky je prodao imovinu ID 171 igracu Starcevic_Barzini za 750000
26/11/2019 | 20:10:32 | Igrac Richz_Voohunt je prodao imovinu ID 170 na buy
26/11/2019 | 20:43:07 | Igrac Starcevic_Barzini je prodao imovinu ID 403 igracu Marko_Kuzmanovic za 20000
27/11/2019 | 12:04:38 | Igrac Luka_Djurkic je prodao imovinu ID 173 na buy
27/11/2019 | 14:05:17 | Igrac Ahmet_Castellano je prodao imovinu ID 410 igracu Mirza_Kelic za 1300000
27/11/2019 | 14:49:55 | Igrac Kafa_Atwood je prodao imovinu ID 163 igracu Ahmet_Castellano za 1
27/11/2019 | 16:45:33 | Igrac Error_Torwil je prodao firmu ID 7 igracu Legija_Kanter za 1500000
27/11/2019 | 16:57:45 | Igrac Kafa_Atwood je prodao imovinu ID 151 igracu Error_Torwil za 1
27/11/2019 | 17:19:23 | Igrac Adnan_Gotti je prodao imovinu ID 405 na buy
27/11/2019 | 17:29:09 | Igrac Error_Torwil je prodao imovinu ID 151 na buy
28/11/2019 | 11:49:41 | Igrac Milos_Polimac je prodao firmu ID 11 na buy
28/11/2019 | 11:54:09 | Igrac Milos_Polimac je prodao imovinu ID 177 na buy
28/11/2019 | 15:40:06 | Igrac Ahmet_Castellano je prodao imovinu ID 163 igracu Melaa_Mujkich za 1
28/11/2019 | 17:30:54 | Igrac Ivona_Atwood je prodao imovinu ID 150 igracu Vedran_Vrbic za 1
28/11/2019 | 19:33:14 | Igrac Vuk_Original je prodao firmu ID 23 igracu Melaa_Mujkich za 1
28/11/2019 | 19:33:45 | Igrac Melaa_Mujkich je prodao firmu ID 23 igracu Vuk_Original za 1
