25/11/2019 | 12:48:12 | Richz_Voohunt je dao rep+ igracu Saiyan_Barzini. Razlog: Yt ;)
25/11/2019 | 12:48:14 | Richz_Voohunt je dao rep+ igracu Saiyan_Barzini. Razlog: Yt ;)
25/11/2019 | 12:48:16 | Richz_Voohunt je dao rep+ igracu Saiyan_Barzini. Razlog: Yt ;)
25/11/2019 | 12:48:18 | Richz_Voohunt je dao rep+ igracu Saiyan_Barzini. Razlog: Yt ;)
25/11/2019 | 12:48:20 | Richz_Voohunt je dao rep+ igracu Saiyan_Barzini. Razlog: Yt ;)
25/11/2019 | 13:22:18 | Richz_Voohunt je dao rep+ igracu Saiyan_Barzini. Razlog: OCEMO LAJV
25/11/2019 | 13:22:20 | Richz_Voohunt je dao rep+ igracu Saiyan_Barzini. Razlog: OCEMO LAJV
25/11/2019 | 13:22:22 | Richz_Voohunt je dao rep+ igracu Saiyan_Barzini. Razlog: OCEMO LAJV
25/11/2019 | 13:22:24 | Richz_Voohunt je dao rep+ igracu Saiyan_Barzini. Razlog: OCEMO LAJV
25/11/2019 | 13:22:26 | Richz_Voohunt je dao rep+ igracu Saiyan_Barzini. Razlog: OCEMO LAJV
25/11/2019 | 13:22:28 | Richz_Voohunt je dao rep+ igracu Saiyan_Barzini. Razlog: OCEMO LAJV
25/11/2019 | 13:22:30 | Richz_Voohunt je dao rep+ igracu Saiyan_Barzini. Razlog: OCEMO LAJV
25/11/2019 | 13:22:32 | Richz_Voohunt je dao rep+ igracu Saiyan_Barzini. Razlog: OCEMO LAJV
25/11/2019 | 13:58:33 | Richz_Voohunt je dao rep+ igracu Saiyan_Barzini. Razlog: LAJV GGRMI
25/11/2019 | 13:58:38 | Richz_Voohunt je dao rep+ igracu Saiyan_Barzini. Razlog: LAJV GGRMI
25/11/2019 | 13:58:40 | Richz_Voohunt je dao rep+ igracu Saiyan_Barzini. Razlog: LAJV GGRMI
25/11/2019 | 14:02:33 | Richz_Voohunt je dao rep- igracu Saiyan_Barzini. Razlog: Neda UPPCoin.
25/11/2019 | 15:00:05 | Richz_Voohunt je dao rep+ igracu Saiyan_Barzini. Razlog: poz me
25/11/2019 | 15:55:54 | Richz_Voohunt je dao rep+ igracu Luka_Djurkic. Razlog: BRAVO DOKTORE
25/11/2019 | 15:55:55 | Richz_Voohunt je dao rep+ igracu Luka_Djurkic. Razlog: BRAVO DOKTORE
25/11/2019 | 15:55:55 | Richz_Voohunt je dao rep+ igracu Luka_Djurkic. Razlog: BRAVO DOKTORE
25/11/2019 | 15:55:56 | Richz_Voohunt je dao rep+ igracu Luka_Djurkic. Razlog: BRAVO DOKTORE
25/11/2019 | 15:55:56 | Richz_Voohunt je dao rep+ igracu Luka_Djurkic. Razlog: BRAVO DOKTORE
25/11/2019 | 15:55:57 | Richz_Voohunt je dao rep+ igracu Luka_Djurkic. Razlog: BRAVO DOKTORE
25/11/2019 | 16:21:25 | Richz_Voohunt je dao rep+ igracu Saiyan_Barzini. Razlog: Slabo GS jarane.
25/11/2019 | 16:21:45 | Richz_Voohunt je dao rep+ igracu Saiyan_Barzini. Razlog: aim se.
