25/11/2019 | 03:16:15 | Igrac Saiyan_Barzini -> Igrac: Joker_Barzini | Novac: 1
25/11/2019 | 03:16:30 | Igrac Saiyan_Barzini -> Igrac: Joker_Barzini | Novac: 181597
25/11/2019 | 11:59:01 | Igrac Menso_Coral -> Igrac: Emrah_Coral | Novac: 100000
25/11/2019 | 12:10:33 | Igrac Menso_Coral -> Igrac: Emrah_Coral | Novac: 100000
25/11/2019 | 14:38:04 | Igrac Kafa_Atwood -> Igrac: Ivona_Atwood | Novac: 99900
25/11/2019 | 14:57:34 | Igrac Richz_Voohunt -> Igrac: Kafa_Atwood | Novac: 100000
25/11/2019 | 15:58:29 | Igrac Error_Torwil -> Igrac: Latore_Wallace | Novac: 500000
25/11/2019 | 16:36:17 | Igrac Error_Torwil -> Igrac: Latore_Wallace | Novac: 1238275
25/11/2019 | 16:47:46 | Igrac Latore_Wallace -> Igrac: Error_Torwil | Novac: 540195
25/11/2019 | 16:47:54 | Igrac Latore_Wallace -> Igrac: Error_Torwil | Novac: 100000
25/11/2019 | 17:01:16 | Igrac Richz_Voohunt -> Igrac: Melaa_Mujkich | Novac: 400000
25/11/2019 | 18:18:57 | Igrac Dylan_Payne -> Igrac: Rico_Payne | Novac: 926468
25/11/2019 | 19:47:15 | Igrac Kafa_Atwood -> Igrac: Ivona_Atwood | Novac: 100000
25/11/2019 | 20:14:44 | Igrac Richz_Voohunt -> Igrac: Kafa_Atwood | Novac: 50000
25/11/2019 | 21:26:42 | Igrac Saiyan_Barzini -> Igrac: Starcevic_Barzini | Novac: 50000
25/11/2019 | 21:45:35 | Igrac Haris_Barzini -> Igrac: Starcevic_Barzini | Novac: 10000
26/11/2019 | 17:19:09 | Igrac Kafa_Atwood -> Igrac: Ivona_Atwood | Novac: 400000
26/11/2019 | 18:13:42 | Igrac Kafa_Atwood -> Igrac: Ivona_Atwood | Novac: 100000
26/11/2019 | 18:13:50 | Igrac Kafa_Atwood -> Igrac: Richz_Voohunt | Novac: 100000
26/11/2019 | 18:14:21 | Igrac Richz_Voohunt -> Igrac: Kafa_Atwood | Novac: 100000
26/11/2019 | 18:14:31 | Igrac Kafa_Atwood -> Igrac: Richz_Voohunt | Novac: 100000
26/11/2019 | 18:21:15 | Igrac Zeka_Barzini -> Igrac: Saiyan_Barzini | Novac: 100000
26/11/2019 | 18:59:06 | Igrac Saiyan_Barzini -> Igrac: Djukii_Verssace | Novac: 200000
26/11/2019 | 19:46:26 | Igrac Saiyan_Barzini -> Igrac: Adnan_Gotti | Novac: 50000
26/11/2019 | 19:53:26 | Igrac Ahmet_Castellano -> Igrac: Richz_Voohunt | Novac: 1000000
26/11/2019 | 20:00:13 | Igrac Starcevic_Barzini -> Igrac: Gatusso_Schoudovsky | Novac: 400000
26/11/2019 | 21:44:01 | Igrac Nile_Castello -> Igrac: Marko_Kuzmanovic | Novac: 1000000
26/11/2019 | 21:44:21 | Igrac Nile_Castello -> Igrac: Legija_Kanter | Novac: 1000000
26/11/2019 | 22:03:02 | Igrac Tea_Escobar -> Igrac: Legija_Kanter | Novac: 1350000
27/11/2019 | 15:22:21 | Igrac Ahmet_Castellano -> Igrac: Kafa_Atwood | Novac: 1000000
27/11/2019 | 15:22:46 | Igrac Kafa_Atwood -> Igrac: Ivona_Atwood | Novac: 400000
27/11/2019 | 15:23:34 | Igrac Kafa_Atwood -> Igrac: Ivona_Atwood | Novac: 20000
27/11/2019 | 15:38:18 | Igrac Marko_Kuzmanovic -> Igrac: Legija_Kanter | Novac: 100000
27/11/2019 | 22:13:03 | Igrac Pablo -> Igrac: Eric_Davidich | Novac: 100000
28/11/2019 | 14:54:04 | Igrac Mirza_Kelic -> Igrac: Saiyan_Barzini | Novac: 1
28/11/2019 | 14:54:05 | Igrac Mirza_Kelic -> Igrac: Saiyan_Barzini | Novac: 1
28/11/2019 | 14:54:20 | Igrac Mirza_Kelic -> Igrac: Saiyan_Barzini | Novac: 1
28/11/2019 | 15:02:29 | Igrac Toni_Bolano -> Igrac: Error_Torwil | Novac: 957327
28/11/2019 | 15:28:53 | Igrac Zeka_Barzini -> Igrac: Saiyan_Barzini | Novac: 1
28/11/2019 | 15:28:59 | Igrac Zeka_Barzini -> Igrac: Saiyan_Barzini | Novac: 100000
28/11/2019 | 15:29:16 | Igrac Zeka_Barzini -> Igrac: Saiyan_Barzini | Novac: 100000
28/11/2019 | 15:31:19 | Igrac Marko_Kuzmanovic -> Igrac: Saiyan_Barzini | Novac: 100000
28/11/2019 | 16:40:02 | Igrac Ana_Vujosevic -> Igrac: Kafa_Atwood | Novac: 100000
28/11/2019 | 16:40:14 | Igrac Ana_Vujosevic -> Igrac: Melaa_Mujkich | Novac: 100000
28/11/2019 | 16:40:44 | Igrac Kafa_Atwood -> Igrac: Ana_Vujosevic | Novac: 200000
28/11/2019 | 17:24:55 | Igrac Momenzi_Brt -> Igrac: Ivona_Atwood | Novac: 200000
28/11/2019 | 21:42:13 | Igrac Ahmet_Castellano -> Igrac: Saiyan_Barzini | Novac: 50000
