24/11/2019 | 18:55:26 | [DAO] Richz_Voohunt je dao rep+ igracu Saiyan_Barzini. Razlog: Ugledan lider
25/11/2019 | 12:48:12 | [DAO] Richz_Voohunt je dao rep+ igracu Saiyan_Barzini. Razlog: Yt ;)
25/11/2019 | 12:48:14 | [DAO] Richz_Voohunt je dao rep+ igracu Saiyan_Barzini. Razlog: Yt ;)
25/11/2019 | 12:48:16 | [DAO] Richz_Voohunt je dao rep+ igracu Saiyan_Barzini. Razlog: Yt ;)
25/11/2019 | 12:48:18 | [DAO] Richz_Voohunt je dao rep+ igracu Saiyan_Barzini. Razlog: Yt ;)
25/11/2019 | 12:48:20 | [DAO] Richz_Voohunt je dao rep+ igracu Saiyan_Barzini. Razlog: Yt ;)
25/11/2019 | 13:22:18 | [DAO] Richz_Voohunt je dao rep+ igracu Saiyan_Barzini. Razlog: OCEMO LAJV
25/11/2019 | 13:22:20 | [DAO] Richz_Voohunt je dao rep+ igracu Saiyan_Barzini. Razlog: OCEMO LAJV
25/11/2019 | 13:22:22 | [DAO] Richz_Voohunt je dao rep+ igracu Saiyan_Barzini. Razlog: OCEMO LAJV
25/11/2019 | 13:22:24 | [DAO] Richz_Voohunt je dao rep+ igracu Saiyan_Barzini. Razlog: OCEMO LAJV
25/11/2019 | 13:22:26 | [DAO] Richz_Voohunt je dao rep+ igracu Saiyan_Barzini. Razlog: OCEMO LAJV
25/11/2019 | 13:22:28 | [DAO] Richz_Voohunt je dao rep+ igracu Saiyan_Barzini. Razlog: OCEMO LAJV
25/11/2019 | 13:22:30 | [DAO] Richz_Voohunt je dao rep+ igracu Saiyan_Barzini. Razlog: OCEMO LAJV
25/11/2019 | 13:22:32 | [DAO] Richz_Voohunt je dao rep+ igracu Saiyan_Barzini. Razlog: OCEMO LAJV
25/11/2019 | 13:58:33 | [DAO] Richz_Voohunt je dao rep+ igracu Saiyan_Barzini. Razlog: LAJV GGRMI
25/11/2019 | 13:58:38 | [DAO] Richz_Voohunt je dao rep+ igracu Saiyan_Barzini. Razlog: LAJV GGRMI
25/11/2019 | 13:58:40 | [DAO] Richz_Voohunt je dao rep+ igracu Saiyan_Barzini. Razlog: LAJV GGRMI
25/11/2019 | 14:02:33 | [DAO] Richz_Voohunt je dao rep- igracu Saiyan_Barzini. Razlog: Neda UPPCoin.
25/11/2019 | 15:00:05 | [DAO] Richz_Voohunt je dao rep+ igracu Saiyan_Barzini. Razlog: poz me
25/11/2019 | 15:55:54 | [DAO] Richz_Voohunt je dao rep+ igracu Luka_Djurkic. Razlog: BRAVO DOKTORE
25/11/2019 | 15:55:55 | [DAO] Richz_Voohunt je dao rep+ igracu Luka_Djurkic. Razlog: BRAVO DOKTORE
25/11/2019 | 15:55:55 | [DAO] Richz_Voohunt je dao rep+ igracu Luka_Djurkic. Razlog: BRAVO DOKTORE
25/11/2019 | 15:55:56 | [DAO] Richz_Voohunt je dao rep+ igracu Luka_Djurkic. Razlog: BRAVO DOKTORE
25/11/2019 | 15:55:56 | [DAO] Richz_Voohunt je dao rep+ igracu Luka_Djurkic. Razlog: BRAVO DOKTORE
25/11/2019 | 15:55:57 | [DAO] Richz_Voohunt je dao rep+ igracu Luka_Djurkic. Razlog: BRAVO DOKTORE
25/11/2019 | 16:21:25 | [DAO] Richz_Voohunt je dao rep+ igracu Saiyan_Barzini. Razlog: Slabo GS jarane.
25/11/2019 | 16:21:45 | [DAO] Richz_Voohunt je dao rep+ igracu Saiyan_Barzini. Razlog: aim se.
