29/11/2019 | 14:47:06 | Admin Pejca_Suarez -> Igrac: Ahmet_Castellano | Tekst: tek je dobio
29/11/2019 | 21:15:48 | Admin Kristijan -> Igrac: Cobra_Cappone | Tekst: U nedelju u 21h 
29/11/2019 | 21:15:48 | Admin Fetzy -> Igrac: Djukii_Verssace | Tekst: nemoj da ides taz na gun, ovo ti je opomea
29/11/2019 | 21:15:52 | Admin Kristijan -> Igrac: Starcevic_Barzini | Tekst: U nedelju u 21h 
29/11/2019 | 21:15:52 | Admin Fetzy -> Igrac: Djukii_Verssace | Tekst: sledeci put ides u jail
29/11/2019 | 21:31:34 | Admin Ivona_Atwood -> Igrac: Antonio_Capone | Tekst: hvala <3
29/11/2019 | 23:55:35 | Admin Pejca_Suarez -> Igrac: Toni_Leap | Tekst: samo radi poso trebace ti
29/11/2019 | 23:57:13 | Admin Pejca_Suarez -> Igrac: Toni_Leap | Tekst: pa da 
30/11/2019 | 11:55:53 | Admin Pejca_Suarez -> Igrac: Toni_Leap | Tekst: cepaj poso
30/11/2019 | 11:56:01 | Admin Pejca_Suarez -> Igrac: Toni_Leap | Tekst: posle ce se druzimo
30/11/2019 | 11:56:18 | Admin Pejca_Suarez -> Igrac: Toni_Leap | Tekst: video sam
30/11/2019 | 12:13:42 | Admin Pejca_Suarez -> Igrac: Luka_Djurkic | Tekst: skini r3 samp verziju nece ti crash
30/11/2019 | 12:14:21 | Admin Pejca_Suarez -> Igrac: Luka_Djurkic | Tekst: moguce :D
30/11/2019 | 12:21:55 | Admin Pejca_Suarez -> Igrac: Luka_Djurkic | Tekst: 3x je ako sad ne skupis nikad neces :D
30/11/2019 | 12:22:27 | Admin Pejca_Suarez -> Igrac: Luka_Djurkic | Tekst: lagano
30/11/2019 | 12:23:05 | Admin Pejca_Suarez -> Igrac: Luka_Djurkic | Tekst: sultan, inf, huntley, villa, el.shop
30/11/2019 | 12:33:05 | Admin Pejca_Suarez -> Igrac: Toni_Leap | Tekst: 2m
30/11/2019 | 12:33:57 | Admin Pejca_Suarez -> Igrac: Toni_Leap | Tekst: pa da hahaha
30/11/2019 | 12:34:07 | Admin Pejca_Suarez -> Igrac: Toni_Leap | Tekst: ja tek 43 skilla na ubera
30/11/2019 | 12:46:09 | Admin Pejca_Suarez -> Igrac: Toni_Leap | Tekst: idem da platim net
30/11/2019 | 12:46:17 | Admin Pejca_Suarez -> Igrac: Toni_Leap | Tekst: ti samo sljakaj ja kasnije dolaizm
30/11/2019 | 15:07:28 | Admin Carl -> Igrac: Starcevic_Barzini | Tekst: Ja mislim da Pejca vodi GMove
30/11/2019 | 15:20:58 | Admin Carl -> Igrac: Sara_Escobar | Tekst: Dobrodola !
30/11/2019 | 16:54:15 | Admin Teodora_Tea -> Igrac: Starcevic_Barzini | Tekst: Ne
30/11/2019 | 17:25:12 | Admin Pejca_Suarez -> Igrac: Toni_Leap | Tekst: ej
30/11/2019 | 17:25:16 | Admin Pejca_Suarez -> Igrac: Toni_Leap | Tekst: idi goto do laze id 20
30/11/2019 | 18:24:03 | Admin Pablo -> Igrac: Nile_Castello | Tekst: hahaha <3
30/11/2019 | 18:35:19 | Admin Ghetoven -> Igrac: Mickey_Edwards | Tekst: alo slovenac
30/11/2019 | 18:51:35 | Admin Ghetoven -> Igrac: Kristijan | Tekst: more
30/11/2019 | 18:52:22 | Admin Ghetoven -> Igrac: Luka_Djurkic | Tekst: gasi taj auto shit
30/11/2019 | 18:59:58 | Admin Ghetoven -> Igrac: Humphrey_Lewrence | Tekst: drugi ima
30/11/2019 | 19:31:38 | Admin Mumitza_Ishtar -> Igrac: Kristijan_Rage | Tekst: Banovan!
30/11/2019 | 19:36:53 | Admin Mumitza_Ishtar -> Igrac: Filip_Miller | Tekst: sacu doci
30/11/2019 | 19:38:36 | Admin Fetzy -> Igrac: Eryk_Clark | Tekst: dosta para
30/11/2019 | 19:46:53 | Admin Teodora_Tea -> Igrac: Kristijan_Rage | Tekst: Poz
30/11/2019 | 20:05:10 | Admin Mumitza_Ishtar -> Igrac: Kristijan_Rage | Tekst: zz xD
30/11/2019 | 20:28:35 | Admin Ivona_Atwood -> Igrac: Momenzi | Tekst: vidi fb ;D
30/11/2019 | 20:59:38 | Admin Benedetto_Shakur -> Igrac: Bilan_Mitevski | Tekst: Ne.
30/11/2019 | 21:00:12 | Admin Benedetto_Shakur -> Igrac: Phoenix_Cappone | Tekst: /music brate.
30/11/2019 | 21:06:19 | Admin Mumitza_Ishtar -> Igrac: Bilan_Mitevski | Tekst: Ne DMa, ima WL i puca se sa PDom
30/11/2019 | 21:14:12 | Admin Ivona_Atwood -> Igrac: Frank_Costello | Tekst: barem 50 reklama i tag me
30/11/2019 | 21:15:00 | Admin Ivona_Atwood -> Igrac: Frank_Costello | Tekst: Ivona Atwood na fb 
30/11/2019 | 21:20:28 | Admin Mumitza_Ishtar -> Igrac: Narko_Faithful | Tekst: jailan
30/11/2019 | 21:45:23 | Admin Mumitza_Ishtar -> Igrac: Radovan_Vuk | Tekst: Bice aukcija sutra
30/11/2019 | 22:13:31 | Admin Mumitza_Ishtar -> Igrac: Phoenix_Cappone | Tekst: Sorry, pogresan ID
30/11/2019 | 22:18:27 | Admin Pejca_Suarez -> Igrac: Toni_Leap | Tekst: IDEMO
30/11/2019 | 22:18:28 | Admin Pejca_Suarez -> Igrac: Toni_Leap | Tekst: IDEMO
30/11/2019 | 22:18:28 | Admin Pejca_Suarez -> Igrac: Toni_Leap | Tekst: IDEMO
30/11/2019 | 22:18:28 | Admin Pejca_Suarez -> Igrac: Toni_Leap | Tekst: IDEMO
30/11/2019 | 22:18:30 | Admin Pejca_Suarez -> Igrac: Kyrie_Irving | Tekst: IDEMO
30/11/2019 | 22:18:31 | Admin Pejca_Suarez -> Igrac: Kyrie_Irving | Tekst: IDEMO
30/11/2019 | 22:18:31 | Admin Pejca_Suarez -> Igrac: Kyrie_Irving | Tekst: IDEMO
30/11/2019 | 22:18:31 | Admin Pejca_Suarez -> Igrac: Kyrie_Irving | Tekst: IDEMO
30/11/2019 | 22:36:30 | Admin Danilo_Kaybrekovin -> Igrac: Mickey_Edwards | Tekst: Sledeci put skidanje vipa
30/11/2019 | 22:37:03 | Admin Pejca_Suarez -> Igrac: Kyrie_Irving | Tekst: cuti
30/11/2019 | 22:40:34 | Admin Pejca_Suarez -> Igrac: Toni_Leap | Tekst: izadji ispred
30/11/2019 | 22:42:12 | Admin Teodora_Tea -> Igrac: Starcevic_Barzini | Tekst: Ne treba
30/11/2019 | 22:42:30 | Admin Teodora_Tea -> Igrac: Bilan_Mitevski | Tekst: /help
30/11/2019 | 22:43:15 | Admin Teodora_Tea -> Igrac: Starcevic_Barzini | Tekst: Ne
30/11/2019 | 22:44:19 | Admin Teodora_Tea -> Igrac: Starcevic_Barzini | Tekst: Ne treba
30/11/2019 | 22:45:37 | Admin Mumitza_Ishtar -> Igrac: Bilan_Mitevski | Tekst: Vidis id i preko /gps > imovina
30/11/2019 | 22:45:48 | Admin Mumitza_Ishtar -> Igrac: Bilan_Mitevski | Tekst: a id imas na /imovina i pise ti
30/11/2019 | 22:47:18 | Admin Pejca_Suarez -> Igrac: Teodora_Tea | Tekst: mani ih, nisu normalni, moji drugari iz RLa
30/11/2019 | 22:49:28 | Admin Teodora_Tea -> Igrac: Starcevic_Barzini | Tekst: Ne treba mi 
30/11/2019 | 23:25:13 | Admin Mumitza_Ishtar -> Igrac: Teodora_Tea | Tekst: neka
30/11/2019 | 23:50:13 | Admin Pejca_Suarez -> Igrac: Kyrie_Irving | Tekst: izadji iz int
30/11/2019 | 23:52:14 | Admin Teodora_Tea -> Igrac: Kyrie_Irving | Tekst: Uzivaj, kad budes ts reci da ti setam lidera a na forumu cu ja to 
30/11/2019 | 23:53:25 | Admin Pejca_Suarez -> Igrac: Toni_Leap | Tekst: pisi sms kad skines
30/11/2019 | 23:53:28 | Admin Pejca_Suarez -> Igrac: Toni_Leap | Tekst: da te gethere
1/12/2019 | 00:03:06 | Admin Pejca_Suarez -> Igrac: Kyrie_Irving | Tekst: nmg
1/12/2019 | 00:03:16 | Admin Pejca_Suarez -> Igrac: Kyrie_Irving | Tekst: ne moz me inv u org zato sto sam u staff jbg
1/12/2019 | 00:03:24 | Admin Pejca_Suarez -> Igrac: Kyrie_Irving | Tekst: al mogu pratim vas chat 
1/12/2019 | 00:03:34 | Admin Pejca_Suarez -> Igrac: Kyrie_Irving | Tekst: aa ne moze 
1/12/2019 | 00:03:48 | Admin Pejca_Suarez -> Igrac: Kyrie_Irving | Tekst: tako je
1/12/2019 | 00:04:00 | Admin Pejca_Suarez -> Igrac: Kyrie_Irving | Tekst: da
1/12/2019 | 00:04:10 | Admin Pejca_Suarez -> Igrac: Kyrie_Irving | Tekst: lider ti bolje rokas se nonstop i ja cu s vama
1/12/2019 | 00:04:18 | Admin Pejca_Suarez -> Igrac: Kyrie_Irving | Tekst: nije brale pljacke svasta nesto
1/12/2019 | 00:04:40 | Admin Pejca_Suarez -> Igrac: Kyrie_Irving | Tekst: cu ti sredim vipa
1/12/2019 | 00:04:46 | Admin Pejca_Suarez -> Igrac: Kyrie_Irving | Tekst: kao urketu sto sam sredio
1/12/2019 | 00:05:18 | Admin Pejca_Suarez -> Igrac: Kyrie_Irving | Tekst: sredio sam ti
1/12/2019 | 00:05:22 | Admin Pejca_Suarez -> Igrac: Kyrie_Irving | Tekst: kad udje ce ti seta vip 1.
1/12/2019 | 00:05:48 | Admin Pejca_Suarez -> Igrac: Kyrie_Irving | Tekst: ce vidis
1/12/2019 | 00:06:06 | Admin Pejca_Suarez -> Igrac: Kyrie_Irving | Tekst: da
1/12/2019 | 00:06:31 | Admin Pejca_Suarez -> Igrac: Kyrie_Irving | Tekst: ce ga napunis polako
1/12/2019 | 00:06:37 | Admin Pejca_Suarez -> Igrac: Kyrie_Irving | Tekst: to sutra lagano ce trazite
1/12/2019 | 00:06:50 | Admin Pejca_Suarez -> Igrac: Kyrie_Irving | Tekst: pa da ja cu vam pomognem preko lazin acc
1/12/2019 | 00:07:24 | Admin Pejca_Suarez -> Igrac: Kyrie_Irving | Tekst: aj sad cu
1/12/2019 | 00:07:29 | Admin Pejca_Suarez -> Igrac: Kyrie_Irving | Tekst: a na moj afk da ostavim
1/12/2019 | 12:17:33 | Admin Pejca_Suarez -> Igrac: Toni_Leap | Tekst: na srecu pobedio
1/12/2019 | 12:17:37 | Admin Pejca_Suarez -> Igrac: Kyrie_Irving | Tekst: protiv denver
1/12/2019 | 12:17:59 | Admin Pejca_Suarez -> Igrac: Toni_Leap | Tekst: pisite vi na /f ja sve vidim
1/12/2019 | 12:18:04 | Admin Pejca_Suarez -> Igrac: Kyrie_Irving | Tekst: pisite vi na /f ja sve vidim
1/12/2019 | 12:18:21 | Admin Pejca_Suarez -> Igrac: Toni_Leap | Tekst: kazi nikoli da kupi mobilni i da stavlja oglasi za clanovi
1/12/2019 | 12:19:36 | Admin Pejca_Suarez -> Igrac: Kyrie_Irving | Tekst: imas aukciju veceras
1/12/2019 | 12:19:42 | Admin Pejca_Suarez -> Igrac: Kyrie_Irving | Tekst: ce bude na aukciju uzmi ga
1/12/2019 | 12:20:00 | Admin Pejca_Suarez -> Igrac: Kyrie_Irving | Tekst: samo te mozda nece kosta 1,7m nego 2m, 2,2m
1/12/2019 | 12:20:30 | Admin Pejca_Suarez -> Igrac: Toni_Leap | Tekst: evo ti turismoo
1/12/2019 | 12:21:03 | Admin Pejca_Suarez -> Igrac: Toni_Leap | Tekst: pisi na /f lakse ti
1/12/2019 | 12:21:09 | Admin Pejca_Suarez -> Igrac: Toni_Leap | Tekst: ili na /g
1/12/2019 | 12:23:21 | Admin Pejca_Suarez -> Igrac: Toni_Leap | Tekst: slabooo
1/12/2019 | 12:29:00 | Admin Pejca_Suarez -> Igrac: Kyrie_Irving | Tekst: skupite se
1/12/2019 | 12:29:08 | Admin Pejca_Suarez -> Igrac: Kyrie_Irving | Tekst: idite na zone ili u pljacku
1/12/2019 | 12:29:13 | Admin Pejca_Suarez -> Igrac: Kyrie_Irving | Tekst: ae
1/12/2019 | 12:30:22 | Admin Pejca_Suarez -> Igrac: Kyrie_Irving | Tekst: gde zivis u ciju kucu ?
1/12/2019 | 12:30:34 | Admin Pejca_Suarez -> Igrac: Kyrie_Irving | Tekst: opaaa
1/12/2019 | 12:30:48 | Admin Pejca_Suarez -> Igrac: Kyrie_Irving | Tekst: nabudzi dzipa
1/12/2019 | 12:31:06 | Admin Pejca_Suarez -> Igrac: Kyrie_Irving | Tekst: i huntleya obavezno
1/12/2019 | 12:31:24 | Admin Pejca_Suarez -> Igrac: Kyrie_Irving | Tekst: uros izaos
1/12/2019 | 12:31:26 | Admin Pejca_Suarez -> Igrac: Kyrie_Irving | Tekst: uros izaso
1/12/2019 | 12:31:33 | Admin Pejca_Suarez -> Igrac: Kyrie_Irving | Tekst: otiso rlg mozda
1/12/2019 | 12:40:41 | Admin Pejca_Suarez -> Igrac: Kyrie_Irving | Tekst: ides tamo
1/12/2019 | 12:40:45 | Admin Pejca_Suarez -> Igrac: Kyrie_Irving | Tekst: pise ti nesto /v
1/12/2019 | 12:43:33 | Admin Pejca_Suarez -> Igrac: Starcevic_Barzini | Tekst: sad cemo port sekunda
1/12/2019 | 13:02:57 | Admin Pejca_Suarez -> Igrac: Kristijan_Rage | Tekst: sad smes
1/12/2019 | 13:03:27 | Admin Pejca_Suarez -> Igrac: Toni_Leap | Tekst: POMAGAJ NIKOLI
1/12/2019 | 13:04:11 | Admin Pejca_Suarez -> Igrac: Toni_Leap | Tekst: goeree
1/12/2019 | 13:04:32 | Admin Pejca_Suarez -> Igrac: Toni_Leap | Tekst: pridji mu
1/12/2019 | 13:04:32 | Admin Pejca_Suarez -> Igrac: Toni_Leap | Tekst: pridji mu
1/12/2019 | 13:04:32 | Admin Pejca_Suarez -> Igrac: Toni_Leap | Tekst: pridji mu
1/12/2019 | 13:04:36 | Admin Pejca_Suarez -> Igrac: Toni_Leap | Tekst: i okniga
1/12/2019 | 13:04:40 | Admin Pejca_Suarez -> Igrac: Toni_Leap | Tekst: na njega
1/12/2019 | 13:04:40 | Admin Pejca_Suarez -> Igrac: Toni_Leap | Tekst: na njega
1/12/2019 | 13:05:06 | Admin Pejca_Suarez -> Igrac: Toni_Leap | Tekst: ce te apse
1/12/2019 | 13:05:07 | Admin Pejca_Suarez -> Igrac: Toni_Leap | Tekst: ce te apse
1/12/2019 | 13:05:16 | Admin Pejca_Suarez -> Igrac: Toni_Leap | Tekst: SA DGL
1/12/2019 | 13:05:16 | Admin Pejca_Suarez -> Igrac: Toni_Leap | Tekst: SA DGL
1/12/2019 | 13:05:17 | Admin Pejca_Suarez -> Igrac: Toni_Leap | Tekst: SA DGL
1/12/2019 | 13:10:16 | Admin Pejca_Suarez -> Igrac: Kyrie_Irving | Tekst: begaj oni ih 2 nema
1/12/2019 | 13:10:18 | Admin Pejca_Suarez -> Igrac: Kyrie_Irving | Tekst: begaj oni ih 2 nema
1/12/2019 | 13:19:00 | Admin Pejca_Suarez -> Igrac: Toni_Leap | Tekst: pustiga nek radi
1/12/2019 | 13:19:02 | Admin Pejca_Suarez -> Igrac: Toni_Leap | Tekst: gm je
1/12/2019 | 13:21:45 | Admin Pejca_Suarez -> Igrac: Kyrie_Irving | Tekst: za sta te zove pisi na f
1/12/2019 | 13:22:19 | Admin Pejca_Suarez -> Igrac: Toni_Leap | Tekst: ovaj za 2m oce da ti ga da hhahahaha
1/12/2019 | 13:22:23 | Admin Pejca_Suarez -> Igrac: Toni_Leap | Tekst: neeee
1/12/2019 | 13:22:23 | Admin Pejca_Suarez -> Igrac: Toni_Leap | Tekst: neeee
1/12/2019 | 13:22:24 | Admin Pejca_Suarez -> Igrac: Toni_Leap | Tekst: neeee
1/12/2019 | 13:22:24 | Admin Pejca_Suarez -> Igrac: Toni_Leap | Tekst: neeee
1/12/2019 | 13:22:25 | Admin Pejca_Suarez -> Igrac: Toni_Leap | Tekst: neeee
1/12/2019 | 13:22:26 | Admin Pejca_Suarez -> Igrac: Toni_Leap | Tekst: neeee
1/12/2019 | 13:22:33 | Admin Pejca_Suarez -> Igrac: Toni_Leap | Tekst: si prso da das 400k preko
1/12/2019 | 13:22:38 | Admin Pejca_Suarez -> Igrac: Toni_Leap | Tekst: ni mrtav
1/12/2019 | 13:25:15 | Admin Pejca_Suarez -> Igrac: Kyrie_Irving | Tekst: nema pumpe izbacen sistem
1/12/2019 | 13:25:31 | Admin Pejca_Suarez -> Igrac: Kyrie_Irving | Tekst: ja punim
1/12/2019 | 13:27:48 | Admin Pejca_Suarez -> Igrac: Toni_Leap | Tekst: urke
1/12/2019 | 13:27:54 | Admin Pejca_Suarez -> Igrac: Toni_Leap | Tekst: kazi mu 1,6m zadnja za turisma
1/12/2019 | 13:27:54 | Admin Pejca_Suarez -> Igrac: Toni_Leap | Tekst: kazi mu 1,6m zadnja za turisma
1/12/2019 | 13:28:02 | Admin Pejca_Suarez -> Igrac: Toni_Leap | Tekst: kazi mu 1,6m zadnja za turisma
1/12/2019 | 13:28:37 | Admin Pejca_Suarez -> Igrac: Kyrie_Irving | Tekst: u SF
1/12/2019 | 13:28:38 | Admin Pejca_Suarez -> Igrac: Kyrie_Irving | Tekst: u SF
1/12/2019 | 13:29:12 | Admin Pejca_Suarez -> Igrac: Kyrie_Irving | Tekst: os idemo u igraonicu da se rokamo
1/12/2019 | 13:29:13 | Admin Pejca_Suarez -> Igrac: Kyrie_Irving | Tekst: os idemo u igraonicu da se rokamo
1/12/2019 | 13:33:25 | Admin Pejca_Suarez -> Igrac: Toni_Leap | Tekst: ja cu te spec
1/12/2019 | 13:33:51 | Admin Pejca_Suarez -> Igrac: Kyrie_Irving | Tekst: urke bega od muriju
1/12/2019 | 13:34:01 | Admin Pejca_Suarez -> Igrac: Toni_Leap | Tekst: ide prema most u SF
1/12/2019 | 13:34:10 | Admin Pejca_Suarez -> Igrac: Toni_Leap | Tekst: idemo prema most u SF
1/12/2019 | 13:34:21 | Admin Pejca_Suarez -> Igrac: Kyrie_Irving | Tekst: sam je
1/12/2019 | 13:34:36 | Admin Pejca_Suarez -> Igrac: Toni_Leap | Tekst: okreni ga sad u konra smer
1/12/2019 | 13:35:06 | Admin Pejca_Suarez -> Igrac: Kyrie_Irving | Tekst: ce padne uros
1/12/2019 | 13:35:12 | Admin Pejca_Suarez -> Igrac: Kyrie_Irving | Tekst: ne zna da vozi :D
1/12/2019 | 13:35:30 | Admin Pejca_Suarez -> Igrac: Kyrie_Irving | Tekst: po LV ga tera
1/12/2019 | 13:37:59 | Admin Pejca_Suarez -> Igrac: Kyrie_Irving | Tekst: nidzo
1/12/2019 | 13:38:14 | Admin Pejca_Suarez -> Igrac: Kyrie_Irving | Tekst: na aerodrom u SF urke ne zna gde je garaza
1/12/2019 | 13:44:31 | Admin Pejca_Suarez -> Igrac: Toni_Leap | Tekst: zadnja
1/12/2019 | 13:44:34 | Admin Pejca_Suarez -> Igrac: Toni_Leap | Tekst: zadnja 1,6m
1/12/2019 | 13:44:55 | Admin Pejca_Suarez -> Igrac: Toni_Leap | Tekst: pa da al uzmi turisma
1/12/2019 | 13:44:57 | Admin Pejca_Suarez -> Igrac: Toni_Leap | Tekst: iz gas
1/12/2019 | 13:45:02 | Admin Pejca_Suarez -> Igrac: Toni_Leap | Tekst: kazi 1,6m
1/12/2019 | 13:45:03 | Admin Pejca_Suarez -> Igrac: Toni_Leap | Tekst: kazi 1,6m
1/12/2019 | 14:57:27 | Admin Pejca_Suarez -> Igrac: Kyrie_Irving | Tekst: cao picko
1/12/2019 | 14:57:57 | Admin Pejca_Suarez -> Igrac: Kyrie_Irving | Tekst: lider si
1/12/2019 | 15:00:11 | Admin Pejca_Suarez -> Igrac: Toni_Leap | Tekst: sta si radio
1/12/2019 | 15:00:33 | Admin Pejca_Suarez -> Igrac: Toni_Leap | Tekst: iza tebe pandur
1/12/2019 | 15:00:42 | Admin Pejca_Suarez -> Igrac: Toni_Leap | Tekst: gass
1/12/2019 | 15:02:31 | Admin Pejca_Suarez -> Igrac: Toni_Leap | Tekst: gas samo
1/12/2019 | 15:02:35 | Admin Pejca_Suarez -> Igrac: Toni_Leap | Tekst: on je spor
1/12/2019 | 15:03:54 | Admin Pejca_Suarez -> Igrac: Toni_Leap | Tekst: inf zivotinja 220 ide
1/12/2019 | 15:04:37 | Admin Pejca_Suarez -> Igrac: Toni_Leap | Tekst: za malo
1/12/2019 | 15:06:12 | Admin Pejca_Suarez -> Igrac: Toni_Leap | Tekst: jos kolko wla
1/12/2019 | 15:06:30 | Admin Pejca_Suarez -> Igrac: Toni_Leap | Tekst: sta si radio ti
1/12/2019 | 15:07:10 | Admin Pejca_Suarez -> Igrac: Toni_Leap | Tekst: rokni ga
1/12/2019 | 15:07:26 | Admin Pejca_Suarez -> Igrac: Toni_Leap | Tekst: izjbease te
1/12/2019 | 15:10:44 | Admin Pejca_Suarez -> Igrac: Toni_Leap | Tekst: e
1/12/2019 | 16:46:18 | Admin Mumitza_Ishtar -> Igrac: Djukii_Verssace | Tekst: Ne pisi gluposti na oglase
1/12/2019 | 16:59:09 | Admin Mumitza_Ishtar -> Igrac: Starcevic_Barzini | Tekst: nema ni 1 bulleta tkd ti nije nestao :)
1/12/2019 | 17:50:53 | Admin Mumitza_Ishtar -> Igrac: Djukii_Verssace | Tekst: Slikas i na forum, dobije warn i tjt
1/12/2019 | 17:58:02 | Admin Mumitza_Ishtar -> Igrac: Darko_Laporsek | Tekst: mmmmmmm
