30/11/2019 | 19:03:49 | AUKCIJA VOZILO SQLID: 409 | Prodano igracu Momenzi od admina Mumitza_Ishtar 
30/11/2019 | 19:20:35 | AUKCIJA VOZILO SQLID: 365 | Prodano igracu Nile_Castello od admina Mumitza_Ishtar 
30/11/2019 | 20:33:22 | AUKCIJA VOZILO SQLID: 295 | Prodano igracu Narko_Faithful od admina Mumitza_Ishtar 
30/11/2019 | 20:38:36 | AUKCIJA VOZILO SQLID: 408 | Prodano igracu Momenzi od admina Mumitza_Ishtar 
30/11/2019 | 23:05:35 | AUKCIJA VOZILO SQLID: 422 | Prodano igracu Teodora_Tea od admina Mumitza_Ishtar 
1/12/2019 | 16:49:14 | AUKCIJA VOZILO SQLID: 371 | Prodano igracu Mumitza_Ishtar od admina Mumitza_Ishtar 
1/12/2019 | 16:49:50 | AUKCIJA VOZILO SQLID: 334 | Prodano igracu Mumitza_Ishtar od admina Mumitza_Ishtar 
1/12/2019 | 16:50:12 | AUKCIJA VOZILO SQLID: 329 | Prodano igracu Mumitza_Ishtar od admina Mumitza_Ishtar 
1/12/2019 | 16:50:39 | AUKCIJA VOZILO SQLID: 399 | Prodano igracu Mumitza_Ishtar od admina Mumitza_Ishtar 
1/12/2019 | 16:51:19 | AUKCIJA VOZILO SQLID: 313 | Prodano igracu Mumitza_Ishtar od admina Mumitza_Ishtar 
1/12/2019 | 16:51:47 | AUKCIJA VOZILO SQLID: 328 | Prodano igracu Mumitza_Ishtar od admina Mumitza_Ishtar 
1/12/2019 | 16:52:14 | AUKCIJA VOZILO SQLID: 330 | Prodano igracu Mumitza_Ishtar od admina Mumitza_Ishtar 
1/12/2019 | 16:52:29 | AUKCIJA VOZILO SQLID: 331 | Prodano igracu Mumitza_Ishtar od admina Mumitza_Ishtar 
1/12/2019 | 16:52:54 | AUKCIJA VOZILO SQLID: 317 | Prodano igracu Mumitza_Ishtar od admina Mumitza_Ishtar 
1/12/2019 | 16:54:26 | AUKCIJA VOZILO SQLID: 312 | Prodano igracu Mumitza_Ishtar od admina Mumitza_Ishtar 
1/12/2019 | 16:56:55 | AUKCIJA VOZILO SQLID: 311 | Prodano igracu Mumitza_Ishtar od admina Mumitza_Ishtar 
1/12/2019 | 16:57:38 | AUKCIJA VOZILO SQLID: 319 | Prodano igracu Mumitza_Ishtar od admina Mumitza_Ishtar 
1/12/2019 | 16:57:55 | AUKCIJA VOZILO SQLID: 307 | Prodano igracu Mumitza_Ishtar od admina Mumitza_Ishtar 
1/12/2019 | 16:58:29 | AUKCIJA VOZILO SQLID: 299 | Prodano igracu Mumitza_Ishtar od admina Mumitza_Ishtar 
1/12/2019 | 16:59:38 | AUKCIJA VOZILO SQLID: 404 | Prodano igracu Mumitza_Ishtar od admina Mumitza_Ishtar 
1/12/2019 | 17:32:32 | AUKCIJA VOZILO SQLID: 414 | Prodano igracu Melaa_Mujkich od admina Mumitza_Ishtar 
1/12/2019 | 17:32:55 | AUKCIJA VOZILO SQLID: 428 | Prodano igracu Melaa_Mujkich od admina Mumitza_Ishtar 
1/12/2019 | 17:42:38 | AUKCIJA VOZILO SQLID: 426 | Prodano igracu Petar_Fererro od admina Mumitza_Ishtar 
