29/11/2019 | 13:40:19 | GAMEMASTER Milan_Vasquez -> Igrac: Karlo_Zakhaew | Tekst: Opa u pd si
29/11/2019 | 13:44:15 | GAMEMASTER Milan_Vasquez -> Igrac: Karlo_Zakhaew | Tekst: E ja cu sada peske preci granicu u LS posto ne zelim da vam s29/11/2019 | 13:58:50 | GAMEMASTER Milan_Vasquez -> Igrac: Karlo_Zakhaew | Tekst: Zelim vam lepo brak
29/11/2019 | 13:59:04 | GAMEMASTER Milan_Vasquez -> Igrac: Ana_Vujosevic | Tekst: Zelim vam lep brak
29/11/2019 | 14:14:31 | GAMEMASTER Ahmet_Castellano -> Igrac: Marko_Kuzmanovic | Tekst: sekundu sacekaj..
29/11/2019 | 14:25:33 | GAMEMASTER Ahmet_Castellano -> Igrac: Karlo_Zakhaew | Tekst: sace te testat...
29/11/2019 | 14:45:04 | GAMEMASTER Karlo_Zakhaew -> Igrac: Ana_Vujosevic | Tekst: a
29/11/2019 | 14:46:29 | GAMEMASTER Ahmet_Castellano -> Igrac: Pejca_Suarez | Tekst: nece ovaj moc pored Mustafe i mene :)
29/11/2019 | 14:47:11 | GAMEMASTER Ahmet_Castellano -> Igrac: Pejca_Suarez | Tekst: ok
29/11/2019 | 20:11:28 | GAMEMASTER Ahmet_Castellano -> Igrac: Cobra_Cappone | Tekst: ili UP Poeni..
29/11/2019 | 20:38:19 | GAMEMASTER Mustafa_Castellano -> Igrac: Dirrly_Bruthe | Tekst: /upppoeni
29/11/2019 | 21:17:17 | GAMEMASTER Ahmet_Castellano -> Igrac: Phoenix_Cappone | Tekst: u ovu nedjelju update :)
29/11/2019 | 21:35:46 | GAMEMASTER Ahmet_Castellano -> Igrac: Djukii_Verssace | Tekst: kasnije*
29/11/2019 | 21:39:07 | GAMEMASTER Mustafa_Castellano -> Igrac: Nemanja_Somax | Tekst: hvala brt <3
29/11/2019 | 21:59:43 | GAMEMASTER Ahmet_Castellano -> Igrac: Ema_Cappone | Tekst: izadji napolje 
29/11/2019 | 22:03:14 | GAMEMASTER Mustafa_Castellano -> Igrac: Bilan_Mitevski | Tekst: reci kad si spreman
29/11/2019 | 22:03:33 | GAMEMASTER Mustafa_Castellano -> Igrac: Bilan_Mitevski | Tekst: reci kad si spreman na /pitaj
29/11/2019 | 22:06:20 | GAMEMASTER Mustafa_Castellano -> Igrac: Bilan_Mitevski | Tekst: jesil koga naso
30/11/2019 | 11:22:54 | GAMEMASTER Ahmet_Castellano -> Igrac: Nemanja_Somax | Tekst: jel ti pomoc treba ili ?
30/11/2019 | 11:26:20 | GAMEMASTER Ahmet_Castellano -> Igrac: Djukii_Verssace | Tekst: salonska elegya je milion dvjesta hiljada
30/11/2019 | 12:41:32 | GAMEMASTER Milan_Vasquez -> Igrac: Karlo_Zakhaew | Tekst: Stvarno si dobar prijatelj
30/11/2019 | 12:41:47 | GAMEMASTER Milan_Vasquez -> Igrac: Karlo_Zakhaew | Tekst: Stvarno si dobar prijatelj
30/11/2019 | 12:41:59 | GAMEMASTER Karlo_Zakhaew -> Igrac: Milan_Vasquez | Tekst: ko
30/11/2019 | 12:42:06 | GAMEMASTER Milan_Vasquez -> Igrac: Karlo_Zakhaew | Tekst: Ti
30/11/2019 | 12:44:46 | GAMEMASTER Milan_Vasquez -> Igrac: Karlo_Zakhaew | Tekst: Koliko imas zlata ja imam 278g
30/11/2019 | 12:45:19 | GAMEMASTER Karlo_Zakhaew -> Igrac: Milan_Vasquez | Tekst: 443
30/11/2019 | 12:47:10 | GAMEMASTER Karlo_Zakhaew -> Igrac: Milan_Vasquez | Tekst: lvl 8
30/11/2019 | 12:48:10 | GAMEMASTER Milan_Vasquez -> Igrac: Karlo_Zakhaew | Tekst: sta bi s autom
30/11/2019 | 12:48:25 | GAMEMASTER Karlo_Zakhaew -> Igrac: Milan_Vasquez | Tekst: explosion
30/11/2019 | 12:48:52 | GAMEMASTER Milan_Vasquez -> Igrac: Karlo_Zakhaew | Tekst: primi moje saucesce
30/11/2019 | 12:49:10 | GAMEMASTER Karlo_Zakhaew -> Igrac: Milan_Vasquez | Tekst: ma bei xD
30/11/2019 | 12:49:30 | GAMEMASTER Milan_Vasquez -> Igrac: Karlo_Zakhaew | Tekst: imam 661g
30/11/2019 | 12:49:51 | GAMEMASTER Karlo_Zakhaew -> Igrac: Milan_Vasquez | Tekst: ja 640
30/11/2019 | 12:50:10 | GAMEMASTER Karlo_Zakhaew -> Igrac: Milan_Vasquez | Tekst: STAA imam vrazji broj od golda 666
30/11/2019 | 12:50:38 | GAMEMASTER Milan_Vasquez -> Igrac: Karlo_Zakhaew | Tekst: koliko ja puta imam 666$
30/11/2019 | 12:50:57 | GAMEMASTER Karlo_Zakhaew -> Igrac: Milan_Vasquez | Tekst: ajmo imam 731 gram zlata
30/11/2019 | 12:51:12 | GAMEMASTER Karlo_Zakhaew -> Igrac: Milan_Vasquez | Tekst: ti
30/11/2019 | 12:51:15 | GAMEMASTER Milan_Vasquez -> Igrac: Karlo_Zakhaew | Tekst: cekaj mene do 800
30/11/2019 | 12:51:22 | GAMEMASTER Milan_Vasquez -> Igrac: Karlo_Zakhaew | Tekst: 796
30/11/2019 | 13:04:29 | GAMEMASTER Ahmet_Castellano -> Igrac: Emrah_Coral | Tekst: Nisi ga registrovo brate :)
30/11/2019 | 15:30:33 | GAMEMASTER Milan_Vasquez -> Igrac: Karlo_Zakhaew | Tekst: Aj discord
30/11/2019 | 17:26:00 | GAMEMASTER Ahmet_Castellano -> Igrac: Nemanja_Somax | Tekst: test
30/11/2019 | 19:11:57 | GAMEMASTER Ahmet_Castellano -> Igrac: Bilan_Mitevski | Tekst: i onda popunis odgovore
30/11/2019 | 19:12:04 | GAMEMASTER Ahmet_Castellano -> Igrac: Bilan_Mitevski | Tekst: i ides post topic 
30/11/2019 | 19:24:05 | GAMEMASTER Ahmet_Castellano -> Igrac: Bilan_Mitevski | Tekst: jasno
30/11/2019 | 19:40:59 | GAMEMASTER Milan_Vasquez -> Igrac: Saiyan_Barzini | Tekst: Ja skinem onaj mod pack sto bude u tvoj strimovima i prebaci30/11/2019 | 19:41:31 | GAMEMASTER Milan_Vasquez -> Igrac: Saiyan_Barzini | Tekst: i ne radi mi? objasni mi ako mozes preko fb Milan Vasquez
30/11/2019 | 19:48:58 | GAMEMASTER Ahmet_Castellano -> Igrac: Nemanja_Markovic | Tekst: nema taksia
30/11/2019 | 19:54:28 | GAMEMASTER Eryk_Clark -> Igrac: Petar_Fererro | Tekst: event DM nagrada 75k u toku 
30/11/2019 | 20:00:53 | GAMEMASTER Eryk_Clark -> Igrac: Petar_Fererro | Tekst: 5 pardon 
30/11/2019 | 20:02:21 | GAMEMASTER Eryk_Clark -> Igrac: Richar_Anderson | Tekst: na mapi na nisani na neku lokaciju nac ces 
30/11/2019 | 20:02:32 | GAMEMASTER Eryk_Clark -> Igrac: Richar_Anderson | Tekst: dole kod Mehanicara tjst kod aedroma 
30/11/2019 | 20:05:21 | GAMEMASTER Milan_Vasquez -> Igrac: Saiyan_Barzini | Tekst: Shvatio sam sta trebam da uradim kasnije cu i hvala sto si m30/11/2019 | 20:57:14 | GAMEMASTER Ahmet_Castellano -> Igrac: Petar_Fererro | Tekst: imate forum sigurno,samo u google ukucajte nas forum /foru30/11/2019 | 21:21:41 | GAMEMASTER Ahmet_Castellano -> Igrac: Aphelios_Senpai | Tekst: NE KRADI AUTA !
30/11/2019 | 21:21:42 | GAMEMASTER Ahmet_Castellano -> Igrac: Aphelios_Senpai | Tekst: NE KRADI AUTA !
30/11/2019 | 22:07:18 | GAMEMASTER Nemanja_Somax -> Igrac: Kristijan_Rage | Tekst: jel te testala?
30/11/2019 | 22:52:56 | GAMEMASTER Nemanja_Somax -> Igrac: Filip_Miller | Tekst: stanite ispred vrata
30/11/2019 | 22:59:15 | GAMEMASTER Nemanja_Somax -> Igrac: Alex_Connelly | Tekst: sad samo na mapi prati crveni trokutic
1/12/2019 | 10:28:50 | GAMEMASTER Itachi_Uchiha -> Igrac: Richar_Anderson | Tekst: nonrp
1/12/2019 | 10:31:19 | GAMEMASTER Ahmet_Castellano -> Igrac: Emin_Columbo | Tekst: evo*
1/12/2019 | 11:08:45 | GAMEMASTER Itachi_Uchiha -> Igrac: Frank_Costello | Tekst: Nije ubagovana
1/12/2019 | 11:09:30 | GAMEMASTER Itachi_Uchiha -> Igrac: Richar_Anderson | Tekst: pa /oglas valjda
1/12/2019 | 11:10:07 | GAMEMASTER Itachi_Uchiha -> Igrac: Richar_Anderson | Tekst: /smsad
1/12/2019 | 12:35:24 | GAMEMASTER Ahmet_Castellano -> Igrac: Emin_Columbo | Tekst: onaj copet :)
1/12/2019 | 12:35:31 | GAMEMASTER Ahmet_Castellano -> Igrac: Emin_Columbo | Tekst: onaj coper :)
1/12/2019 | 12:40:14 | GAMEMASTER Ahmet_Castellano -> Igrac: Emin_Columbo | Tekst: dva miliona,nema manje :)
1/12/2019 | 17:51:50 | GAMEMASTER Tica_Wilson -> Igrac: Vedrox_Capone | Tekst: postovani imate sve na /help
1/12/2019 | 17:53:50 | GAMEMASTER Tica_Wilson -> Igrac: Marko_Kuzmanovic | Tekst: Postovani ja msm da nece
1/12/2019 | 17:54:45 | GAMEMASTER Tica_Wilson -> Igrac: Vedrox_Capone | Tekst: postovani afk je i mozete lagano skupiti
