29/11/2019 | 13:04:01 | Igrac Viktor_Vesic je kupio dozvolu za oruzje
29/11/2019 | 16:43:03 | Igrac Ilija_Ved je kupio dozvolu za oruzje
29/11/2019 | 17:52:41 | Igrac Ema_Cappone je kupio dozvolu za oruzje
29/11/2019 | 18:17:19 | Igrac Sandra_Legacy je kupio dozvolu za oruzje
30/11/2019 | 11:40:47 | Igrac Edward_Corleone je kupio dozvolu za oruzje
30/11/2019 | 11:59:46 | Igrac John_Suarez je kupio dozvolu za oruzje
30/11/2019 | 19:09:54 | Igrac Filip_Miller je kupio dozvolu za oruzje
30/11/2019 | 20:09:50 | Igrac Mitar_Zivanovic je kupio dozvolu za oruzje
30/11/2019 | 20:27:38 | Igrac Milan_Vasquez je kupio dozvolu za oruzje
30/11/2019 | 20:52:32 | Igrac Nejk_Malaz je kupio dozvolu za oruzje
30/11/2019 | 21:59:56 | Igrac Emin_Columbo je kupio dozvolu za oruzje
30/11/2019 | 22:51:47 | Igrac Richar_Anderson je kupio dozvolu za oruzje
30/11/2019 | 22:56:09 | Igrac Itachi_Uchiha je kupio dozvolu za oruzje
30/11/2019 | 22:57:01 | Igrac Kyrie_Irving je kupio dozvolu za oruzje
1/12/2019 | 09:25:24 | Igrac Marko_Escobar je kupio dozvolu za oruzje
1/12/2019 | 09:25:24 | Igrac Alex_Connelly je kupio dozvolu za oruzje
1/12/2019 | 09:45:56 | Igrac Arcy_Brat je kupio dozvolu za oruzje
1/12/2019 | 09:52:22 | Igrac Mateja_Zdravkovic je kupio dozvolu za oruzje
1/12/2019 | 10:13:39 | Igrac Tonio_Fortebracci je kupio dozvolu za oruzje
1/12/2019 | 10:35:30 | Igrac Erhad_Beganovic je kupio dozvolu za oruzje
1/12/2019 | 11:37:49 | Igrac Frank_Costello je kupio dozvolu za oruzje
1/12/2019 | 11:50:05 | Igrac Harley_Barzini je kupio dozvolu za oruzje
1/12/2019 | 13:33:48 | Igrac Johny_Cash je kupio dozvolu za oruzje
1/12/2019 | 14:43:07 | Igrac Vedrox_Capone je kupio dozvolu za oruzje
1/12/2019 | 16:06:56 | Igrac Semir_Kumbaric je kupio dozvolu za oruzje
1/12/2019 | 16:34:30 | Igrac Danijel_Tunicc je kupio dozvolu za oruzje
