29/11/2019 | 11:46:25 | Igrac Nemanja_Somax je kupio vozilo Beagle u salonu ID 4
30/11/2019 | 02:04:58 | Igrac Toni_Leap je kupio vozilo NRG-500 u salonu ID 3
30/11/2019 | 08:22:10 | Igrac Ilija_Ved je kupio vozilo Uranus u salonu ID 0
30/11/2019 | 08:36:31 | Igrac Karlo_Zakhaew je kupio vozilo Landstalker u salonu ID 0
30/11/2019 | 08:50:22 | Igrac Karlo_Zakhaew je kupio vozilo Marquis u salonu ID 6
30/11/2019 | 11:26:35 | Igrac Nemanja_Somax je kupio vozilo Beagle u salonu ID 4
30/11/2019 | 11:41:29 | Igrac Nemanja_Somax je kupio vozilo Faggio u salonu ID 3
30/11/2019 | 12:34:26 | Igrac Ahmet_Castellano je kupio vozilo Sparrow u salonu ID 5
30/11/2019 | 12:56:37 | Igrac Milan_Vasquez je kupio vozilo Dinghy u salonu ID 6
30/11/2019 | 15:30:51 | Igrac Luka_Djurkic je kupio vozilo Shamal u salonu ID 4
30/11/2019 | 19:35:27 | Igrac Kristijan_Rage je kupio vozilo Bullet u salonu ID 0
30/11/2019 | 19:45:34 | Igrac Luka_Djurkic je kupio vozilo Uranus u salonu ID 0
30/11/2019 | 20:30:53 | Igrac Luka_Djurkic je kupio vozilo Alpha u salonu ID 1
30/11/2019 | 20:38:48 | Igrac Milan_Vasquez je kupio vozilo Landstalker u salonu ID 0
30/11/2019 | 20:58:44 | Igrac Melaa_Mujkich je kupio vozilo Cheetah u salonu ID 0
30/11/2019 | 21:04:32 | Igrac Laroyce_Hawkins je kupio vozilo Admiral u salonu ID 0
30/11/2019 | 21:06:41 | Igrac Melaa_Mujkich je kupio vozilo Jester u salonu ID 0
30/11/2019 | 21:18:52 | Igrac Phoenix_Cappone je kupio vozilo FCR-900 u salonu ID 3
30/11/2019 | 21:22:07 | Igrac Phoenix_Cappone je kupio vozilo Maverick u salonu ID 5
30/11/2019 | 21:57:36 | Igrac Zevs_Barzini je kupio vozilo NRG-500 u salonu ID 3
30/11/2019 | 22:04:57 | Igrac Mickey_Edwards je kupio vozilo Cadrona u salonu ID 1
30/11/2019 | 22:25:03 | Igrac Starcevic_Barzini je kupio vozilo Admiral u salonu ID 0
1/12/2019 | 00:48:42 | Igrac Kyrie_Irving je kupio vozilo Huntley u salonu ID 0
1/12/2019 | 09:51:42 | Igrac Ahmet_Castellano je kupio vozilo Freeway u salonu ID 3
1/12/2019 | 09:54:32 | Igrac Ahmet_Castellano je kupio vozilo Sparrow u salonu ID 5
1/12/2019 | 10:42:46 | Igrac Petar_Fererro je kupio vozilo Super GT u salonu ID 0
1/12/2019 | 11:38:30 | Igrac Mustafa_Castellano je kupio vozilo Sparrow u salonu ID 5
1/12/2019 | 11:43:14 | Igrac Frank_Costello je kupio vozilo Jester u salonu ID 0
1/12/2019 | 14:35:41 | Igrac Laroyce_Hawkins je kupio vozilo Elegant u salonu ID 2
1/12/2019 | 17:47:47 | Igrac Bilan_Mitevski je kupio vozilo Landstalker u salonu ID 0
