30/11/2019 | 16:50:59 | Admin White | Igrac: White | Level Admina: 8
30/11/2019 | 16:51:04 | Admin White | Igrac: White | Level Admina: 7
30/11/2019 | 18:52:59 | Admin Ghetoven | Igrac: Mirza_Kelic | Level Admina: 1
30/11/2019 | 18:57:04 | Admin Ghetoven | Igrac: Mirza_Kelic | Level Admin: 0
30/11/2019 | 22:21:29 | Admin White | Igrac: White | Level Admina: 8
30/11/2019 | 22:21:40 | Admin White | Igrac: White | Level Admina: 7
30/11/2019 | 22:28:44 | Admin White | Igrac: White | Level Admina: 8
30/11/2019 | 22:29:08 | Admin White | Igrac: White | Level Admina: 7
30/11/2019 | 22:38:48 | Admin White | Igrac: White | Level Admina: 8
30/11/2019 | 22:39:03 | Admin White | Igrac: Ghetoven | Level Admin: 0
30/11/2019 | 22:39:08 | Admin White | Igrac: Ghetoven | Level Admina: 8
30/11/2019 | 22:39:17 | Admin White | Igrac: White | Level Admina: 7
30/11/2019 | 22:40:37 | Admin White | Igrac: Ghetoven | Level Admina: 1
30/11/2019 | 22:41:22 | Admin White | Igrac: Ghetoven | Level Admina: 8
30/11/2019 | 22:42:03 | Admin White | Igrac: White | Level Admina: 8
30/11/2019 | 22:42:12 | Admin White | Igrac: White | Level Admina: 7
1/12/2019 | 16:53:10 | Admin White | Igrac: White | Level Admina: 8
1/12/2019 | 16:58:25 | Admin White | Igrac: White | Level Admina: 7
1/12/2019 | 18:02:42 | Admin White | Igrac: Adox | Level Admina: 4
1/12/2019 | 18:02:46 | Admin White | Igrac: Adox | Level Admina: 5
1/12/2019 | 18:16:54 | Admin White | Igrac: Adox | Level Admina: 3
