30/11/2019 | 11:26:52 | Igrac Nemanja_Somax je prodao vozilo Beagle na aukciju
30/11/2019 | 11:38:58 | Igrac Nemanja_Somax je prodao vozilo Comet na aukciju
30/11/2019 | 11:57:27 | Igrac Humphrey_Lewrence je prodao vozilo Elegy igracu Djukii_Verssace za 680000
30/11/2019 | 16:16:04 | Igrac Melaa_Mujkich je prodao vozilo Comet na aukciju
30/11/2019 | 20:18:38 | Igrac Djukii_Verssace je prodao vozilo Elegy igracu Marko_Kuzmanovic za 2850000
30/11/2019 | 20:28:52 | Igrac Luka_Djurkic je prodao vozilo Uranus na aukciju
30/11/2019 | 20:46:34 | Igrac Phoenix_Cappone je prodao vozilo Uranus na aukciju
30/11/2019 | 21:22:59 | Igrac Ahmet_Castellano je prodao vozilo Sparrow na aukciju
30/11/2019 | 21:36:59 | Igrac Luka_Djurkic je prodao vozilo Alpha na aukciju
30/11/2019 | 21:53:56 | Igrac Adnan_Gotti je prodao vozilo Jester na aukciju
1/12/2019 | 08:53:26 | Igrac Djukii_Verssace je prodao vozilo Turismo igracu Ahmet_Castellano za 1900000
1/12/2019 | 08:55:20 | Igrac Djukii_Verssace je prodao vozilo Super GT igracu Mustafa_Castellano za 1000000
1/12/2019 | 08:57:04 | Igrac Mustafa_Castellano je prodao vozilo Launch na aukciju
1/12/2019 | 09:52:33 | Igrac Ahmet_Castellano je prodao vozilo Launch na aukciju
1/12/2019 | 11:12:16 | Igrac Kristijan_Rage je prodao vozilo Bullet igracu Djukii_Verssace za 750000
1/12/2019 | 12:25:44 | Igrac Mustafa_Castellano je prodao vozilo Super GT na aukciju
1/12/2019 | 12:29:05 | Igrac Adnan_Gotti je prodao vozilo Elegy igracu Djukii_Verssace za 1000000
1/12/2019 | 12:37:43 | Igrac Ahmet_Castellano je prodao vozilo Freeway igracu Emin_Columbo za 350000
1/12/2019 | 12:45:29 | Igrac Marko_Kuzmanovic je prodao vozilo Turismo igracu Mustafa_Castellano za 1000000
1/12/2019 | 12:46:08 | Igrac Mustafa_Castellano je prodao vozilo Sparrow igracu Marko_Kuzmanovic za 350000
1/12/2019 | 13:17:01 | Igrac Djukii_Verssace je prodao vozilo Elegy igracu Frank_Costello za 1600000
1/12/2019 | 13:29:42 | Igrac Frank_Costello je prodao vozilo Jester na aukciju
1/12/2019 | 13:45:15 | Igrac Ahmet_Castellano je prodao vozilo Turismo igracu Toni_Leap za 1600000
1/12/2019 | 15:36:33 | Igrac Nemanja_Nemanjic je prodao vozilo Bullet igracu Kyrie_Irving za 1500000
1/12/2019 | 16:55:54 | Igrac Kyrie_Irving je prodao vozilo Bullet igracu Mustafa_Castellano za 1000000
1/12/2019 | 16:56:19 | Igrac Mustafa_Castellano je prodao vozilo Turismo igracu Kyrie_Irving za 1000000
