29/11/2019 | 13:56:49 | Igrac Ana_Vujosevic -> Igrac: Karlo_Zakhaew | Novac: 5000
29/11/2019 | 13:56:51 | Igrac Ana_Vujosevic -> Igrac: Karlo_Zakhaew | Novac: 5000
29/11/2019 | 13:56:53 | Igrac Ana_Vujosevic -> Igrac: Karlo_Zakhaew | Novac: 5000
29/11/2019 | 14:05:26 | Igrac Mustafa_Castellano -> Igrac: Phoenix_Cappone | Novac: 5000
29/11/2019 | 14:05:27 | Igrac Mustafa_Castellano -> Igrac: Phoenix_Cappone | Novac: 5000
29/11/2019 | 14:05:28 | Igrac Mustafa_Castellano -> Igrac: Phoenix_Cappone | Novac: 5000
29/11/2019 | 14:05:29 | Igrac Mustafa_Castellano -> Igrac: Phoenix_Cappone | Novac: 5000
29/11/2019 | 14:05:30 | Igrac Mustafa_Castellano -> Igrac: Phoenix_Cappone | Novac: 5000
29/11/2019 | 14:05:31 | Igrac Mustafa_Castellano -> Igrac: Phoenix_Cappone | Novac: 5000
29/11/2019 | 14:05:31 | Igrac Mustafa_Castellano -> Igrac: Phoenix_Cappone | Novac: 5000
29/11/2019 | 14:05:32 | Igrac Mustafa_Castellano -> Igrac: Phoenix_Cappone | Novac: 5000
29/11/2019 | 14:05:33 | Igrac Mustafa_Castellano -> Igrac: Phoenix_Cappone | Novac: 5000
29/11/2019 | 14:05:34 | Igrac Mustafa_Castellano -> Igrac: Phoenix_Cappone | Novac: 5000
29/11/2019 | 18:07:44 | Igrac Mustafa_Castellano -> Igrac: Petar_Fererro | Novac: 5000
29/11/2019 | 18:08:04 | Igrac Mustafa_Castellano -> Igrac: Petar_Fererro | Novac: 5000
29/11/2019 | 18:22:21 | Igrac Djukii_Verssace -> Igrac: Ana_Vujosevic | Novac: 5000
29/11/2019 | 18:22:24 | Igrac Djukii_Verssace -> Igrac: Ana_Vujosevic | Novac: 5000
29/11/2019 | 18:22:27 | Igrac Djukii_Verssace -> Igrac: Ana_Vujosevic | Novac: 5000
29/11/2019 | 18:22:30 | Igrac Djukii_Verssace -> Igrac: Ana_Vujosevic | Novac: 5000
29/11/2019 | 18:22:32 | Igrac Djukii_Verssace -> Igrac: Ana_Vujosevic | Novac: 5000
29/11/2019 | 18:22:35 | Igrac Djukii_Verssace -> Igrac: Ana_Vujosevic | Novac: 5000
29/11/2019 | 18:22:37 | Igrac Djukii_Verssace -> Igrac: Ana_Vujosevic | Novac: 5000
29/11/2019 | 18:22:40 | Igrac Djukii_Verssace -> Igrac: Ana_Vujosevic | Novac: 5000
29/11/2019 | 18:22:42 | Igrac Djukii_Verssace -> Igrac: Ana_Vujosevic | Novac: 5000
29/11/2019 | 18:22:45 | Igrac Djukii_Verssace -> Igrac: Ana_Vujosevic | Novac: 5000
29/11/2019 | 18:22:48 | Igrac Djukii_Verssace -> Igrac: Ana_Vujosevic | Novac: 5000
29/11/2019 | 18:22:50 | Igrac Djukii_Verssace -> Igrac: Ana_Vujosevic | Novac: 5000
29/11/2019 | 18:22:52 | Igrac Djukii_Verssace -> Igrac: Ana_Vujosevic | Novac: 5000
29/11/2019 | 18:22:55 | Igrac Djukii_Verssace -> Igrac: Ana_Vujosevic | Novac: 5000
29/11/2019 | 18:22:57 | Igrac Djukii_Verssace -> Igrac: Ana_Vujosevic | Novac: 5000
29/11/2019 | 18:22:59 | Igrac Djukii_Verssace -> Igrac: Ana_Vujosevic | Novac: 5000
29/11/2019 | 18:23:01 | Igrac Djukii_Verssace -> Igrac: Ana_Vujosevic | Novac: 5000
29/11/2019 | 18:23:04 | Igrac Djukii_Verssace -> Igrac: Ana_Vujosevic | Novac: 5000
29/11/2019 | 18:23:06 | Igrac Djukii_Verssace -> Igrac: Ana_Vujosevic | Novac: 5000
29/11/2019 | 18:23:08 | Igrac Djukii_Verssace -> Igrac: Ana_Vujosevic | Novac: 5000
29/11/2019 | 18:23:13 | Igrac Djukii_Verssace -> Igrac: Ana_Vujosevic | Novac: 5000
29/11/2019 | 18:29:05 | Igrac Mustafa_Castellano -> Igrac: Saiyan_Barzini | Novac: 5000
29/11/2019 | 18:29:06 | Igrac Mustafa_Castellano -> Igrac: Saiyan_Barzini | Novac: 5000
29/11/2019 | 18:29:07 | Igrac Mustafa_Castellano -> Igrac: Saiyan_Barzini | Novac: 5000
29/11/2019 | 18:29:08 | Igrac Mustafa_Castellano -> Igrac: Saiyan_Barzini | Novac: 5000
29/11/2019 | 18:29:09 | Igrac Mustafa_Castellano -> Igrac: Saiyan_Barzini | Novac: 5000
29/11/2019 | 18:29:09 | Igrac Mustafa_Castellano -> Igrac: Saiyan_Barzini | Novac: 5000
29/11/2019 | 18:29:10 | Igrac Mustafa_Castellano -> Igrac: Saiyan_Barzini | Novac: 5000
29/11/2019 | 18:29:11 | Igrac Mustafa_Castellano -> Igrac: Saiyan_Barzini | Novac: 5000
29/11/2019 | 18:29:11 | Igrac Mustafa_Castellano -> Igrac: Saiyan_Barzini | Novac: 5000
29/11/2019 | 18:29:12 | Igrac Mustafa_Castellano -> Igrac: Saiyan_Barzini | Novac: 5000
29/11/2019 | 18:51:29 | Igrac Ana_Vujosevic -> Igrac: Karlo_Zakhaew | Novac: 1000
29/11/2019 | 18:51:34 | Igrac Ana_Vujosevic -> Igrac: Karlo_Zakhaew | Novac: 5000
29/11/2019 | 18:51:36 | Igrac Ana_Vujosevic -> Igrac: Karlo_Zakhaew | Novac: 5000
29/11/2019 | 18:51:38 | Igrac Ana_Vujosevic -> Igrac: Karlo_Zakhaew | Novac: 5000
29/11/2019 | 18:51:40 | Igrac Ana_Vujosevic -> Igrac: Karlo_Zakhaew | Novac: 5000
29/11/2019 | 18:51:42 | Igrac Ana_Vujosevic -> Igrac: Karlo_Zakhaew | Novac: 5000
29/11/2019 | 18:51:44 | Igrac Ana_Vujosevic -> Igrac: Karlo_Zakhaew | Novac: 5000
29/11/2019 | 18:51:46 | Igrac Ana_Vujosevic -> Igrac: Karlo_Zakhaew | Novac: 5000
29/11/2019 | 18:51:49 | Igrac Ana_Vujosevic -> Igrac: Karlo_Zakhaew | Novac: 5000
29/11/2019 | 18:51:51 | Igrac Ana_Vujosevic -> Igrac: Karlo_Zakhaew | Novac: 5000
29/11/2019 | 18:51:54 | Igrac Ana_Vujosevic -> Igrac: Karlo_Zakhaew | Novac: 5000
29/11/2019 | 18:51:57 | Igrac Ana_Vujosevic -> Igrac: Karlo_Zakhaew | Novac: 5000
29/11/2019 | 18:51:59 | Igrac Ana_Vujosevic -> Igrac: Karlo_Zakhaew | Novac: 5000
29/11/2019 | 18:52:01 | Igrac Ana_Vujosevic -> Igrac: Karlo_Zakhaew | Novac: 5000
29/11/2019 | 18:52:03 | Igrac Ana_Vujosevic -> Igrac: Karlo_Zakhaew | Novac: 5000
29/11/2019 | 18:52:05 | Igrac Ana_Vujosevic -> Igrac: Karlo_Zakhaew | Novac: 5000
29/11/2019 | 18:52:08 | Igrac Ana_Vujosevic -> Igrac: Karlo_Zakhaew | Novac: 5000
29/11/2019 | 18:52:10 | Igrac Ana_Vujosevic -> Igrac: Karlo_Zakhaew | Novac: 5000
29/11/2019 | 18:52:13 | Igrac Ana_Vujosevic -> Igrac: Karlo_Zakhaew | Novac: 5000
29/11/2019 | 18:52:38 | Igrac Ana_Vujosevic -> Igrac: Karlo_Zakhaew | Novac: 5000
29/11/2019 | 18:52:41 | Igrac Ana_Vujosevic -> Igrac: Karlo_Zakhaew | Novac: 5000
29/11/2019 | 18:52:43 | Igrac Ana_Vujosevic -> Igrac: Karlo_Zakhaew | Novac: 5000
29/11/2019 | 18:52:50 | Igrac Ana_Vujosevic -> Igrac: Karlo_Zakhaew | Novac: 5000
29/11/2019 | 18:52:52 | Igrac Ana_Vujosevic -> Igrac: Karlo_Zakhaew | Novac: 5000
29/11/2019 | 18:52:54 | Igrac Ana_Vujosevic -> Igrac: Karlo_Zakhaew | Novac: 5000
29/11/2019 | 18:52:57 | Igrac Ana_Vujosevic -> Igrac: Karlo_Zakhaew | Novac: 5000
29/11/2019 | 18:52:59 | Igrac Ana_Vujosevic -> Igrac: Karlo_Zakhaew | Novac: 5000
29/11/2019 | 18:53:03 | Igrac Ana_Vujosevic -> Igrac: Karlo_Zakhaew | Novac: 5000
29/11/2019 | 18:53:05 | Igrac Ana_Vujosevic -> Igrac: Karlo_Zakhaew | Novac: 5000
29/11/2019 | 18:53:07 | Igrac Ana_Vujosevic -> Igrac: Karlo_Zakhaew | Novac: 5000
29/11/2019 | 18:53:09 | Igrac Ana_Vujosevic -> Igrac: Karlo_Zakhaew | Novac: 5000
29/11/2019 | 18:53:11 | Igrac Ana_Vujosevic -> Igrac: Karlo_Zakhaew | Novac: 5000
29/11/2019 | 18:53:13 | Igrac Ana_Vujosevic -> Igrac: Karlo_Zakhaew | Novac: 5000
29/11/2019 | 18:53:15 | Igrac Ana_Vujosevic -> Igrac: Karlo_Zakhaew | Novac: 5000
29/11/2019 | 18:53:17 | Igrac Ana_Vujosevic -> Igrac: Karlo_Zakhaew | Novac: 5000
29/11/2019 | 18:53:19 | Igrac Ana_Vujosevic -> Igrac: Karlo_Zakhaew | Novac: 5000
29/11/2019 | 18:53:21 | Igrac Ana_Vujosevic -> Igrac: Karlo_Zakhaew | Novac: 5000
29/11/2019 | 18:53:23 | Igrac Ana_Vujosevic -> Igrac: Karlo_Zakhaew | Novac: 5000
29/11/2019 | 18:53:28 | Igrac Ana_Vujosevic -> Igrac: Karlo_Zakhaew | Novac: 5000
29/11/2019 | 18:53:30 | Igrac Ana_Vujosevic -> Igrac: Karlo_Zakhaew | Novac: 5000
29/11/2019 | 18:53:32 | Igrac Ana_Vujosevic -> Igrac: Karlo_Zakhaew | Novac: 5000
29/11/2019 | 18:53:34 | Igrac Ana_Vujosevic -> Igrac: Karlo_Zakhaew | Novac: 5000
29/11/2019 | 18:53:36 | Igrac Ana_Vujosevic -> Igrac: Karlo_Zakhaew | Novac: 5000
29/11/2019 | 18:53:38 | Igrac Ana_Vujosevic -> Igrac: Karlo_Zakhaew | Novac: 5000
29/11/2019 | 18:53:40 | Igrac Ana_Vujosevic -> Igrac: Karlo_Zakhaew | Novac: 5000
29/11/2019 | 18:53:42 | Igrac Ana_Vujosevic -> Igrac: Karlo_Zakhaew | Novac: 5000
29/11/2019 | 18:53:44 | Igrac Ana_Vujosevic -> Igrac: Karlo_Zakhaew | Novac: 5000
29/11/2019 | 18:53:46 | Igrac Ana_Vujosevic -> Igrac: Karlo_Zakhaew | Novac: 5000
29/11/2019 | 18:53:48 | Igrac Ana_Vujosevic -> Igrac: Karlo_Zakhaew | Novac: 5000
29/11/2019 | 18:53:50 | Igrac Ana_Vujosevic -> Igrac: Karlo_Zakhaew | Novac: 5000
29/11/2019 | 18:53:52 | Igrac Ana_Vujosevic -> Igrac: Karlo_Zakhaew | Novac: 5000
29/11/2019 | 18:53:54 | Igrac Ana_Vujosevic -> Igrac: Karlo_Zakhaew | Novac: 5000
29/11/2019 | 18:54:01 | Igrac Ana_Vujosevic -> Igrac: Karlo_Zakhaew | Novac: 3000
29/11/2019 | 18:54:06 | Igrac Ana_Vujosevic -> Igrac: Karlo_Zakhaew | Novac: 966
29/11/2019 | 19:58:37 | Igrac Marko_Kuzmanovic -> Igrac: Nemanja_Somax | Novac: 5000
29/11/2019 | 19:58:39 | Igrac Marko_Kuzmanovic -> Igrac: Nemanja_Somax | Novac: 5000
29/11/2019 | 20:00:35 | Igrac Hare_Escobar -> Igrac: Ana_Vujosevic | Novac: 5000
29/11/2019 | 20:00:38 | Igrac Karlo_Zakhaew -> Igrac: Ana_Vujosevic | Novac: 2000
29/11/2019 | 20:06:42 | Igrac Humphrey_Lewrence -> Igrac: Starcevic_Barzini | Novac: 2000
29/11/2019 | 20:06:44 | Igrac Humphrey_Lewrence -> Igrac: Starcevic_Barzini | Novac: 2000
29/11/2019 | 20:06:46 | Igrac Humphrey_Lewrence -> Igrac: Starcevic_Barzini | Novac: 2000
29/11/2019 | 20:06:48 | Igrac Humphrey_Lewrence -> Igrac: Starcevic_Barzini | Novac: 2000
29/11/2019 | 20:22:30 | Igrac Ahmet_Castellano -> Igrac: Phoenix_Cappone | Novac: 5000
29/11/2019 | 20:22:31 | Igrac Ahmet_Castellano -> Igrac: Phoenix_Cappone | Novac: 5000
29/11/2019 | 21:11:25 | Igrac Saiyan_Barzini -> Igrac: Marko_Kuzmanovic | Novac: 5000
29/11/2019 | 21:11:27 | Igrac Saiyan_Barzini -> Igrac: Marko_Kuzmanovic | Novac: 5000
29/11/2019 | 21:12:50 | Igrac Saiyan_Barzini -> Igrac: Marko_Kuzmanovic | Novac: 5000
29/11/2019 | 21:12:53 | Igrac Saiyan_Barzini -> Igrac: Marko_Kuzmanovic | Novac: 5000
29/11/2019 | 21:12:56 | Igrac Saiyan_Barzini -> Igrac: Marko_Kuzmanovic | Novac: 5000
29/11/2019 | 21:13:32 | Igrac Marko_Kuzmanovic -> Igrac: Saiyan_Barzini | Novac: 5000
29/11/2019 | 21:24:51 | Igrac Ahmet_Castellano -> Igrac: Nemanja_Somax | Novac: 5000
29/11/2019 | 21:24:52 | Igrac Ahmet_Castellano -> Igrac: Nemanja_Somax | Novac: 5000
29/11/2019 | 21:24:52 | Igrac Ahmet_Castellano -> Igrac: Nemanja_Somax | Novac: 5000
29/11/2019 | 21:24:53 | Igrac Ahmet_Castellano -> Igrac: Nemanja_Somax | Novac: 5000
29/11/2019 | 21:24:54 | Igrac Ahmet_Castellano -> Igrac: Nemanja_Somax | Novac: 5000
29/11/2019 | 21:24:54 | Igrac Ahmet_Castellano -> Igrac: Nemanja_Somax | Novac: 5000
29/11/2019 | 21:24:55 | Igrac Ahmet_Castellano -> Igrac: Nemanja_Somax | Novac: 5000
29/11/2019 | 21:24:55 | Igrac Ahmet_Castellano -> Igrac: Nemanja_Somax | Novac: 5000
29/11/2019 | 21:24:56 | Igrac Ahmet_Castellano -> Igrac: Nemanja_Somax | Novac: 5000
29/11/2019 | 21:24:57 | Igrac Ahmet_Castellano -> Igrac: Nemanja_Somax | Novac: 5000
29/11/2019 | 21:25:03 | Igrac Mustafa_Castellano -> Igrac: Nemanja_Somax | Novac: 5000
29/11/2019 | 21:25:04 | Igrac Mustafa_Castellano -> Igrac: Nemanja_Somax | Novac: 5000
29/11/2019 | 21:25:10 | Igrac Mustafa_Castellano -> Igrac: Nemanja_Somax | Novac: 5000
29/11/2019 | 21:25:10 | Igrac Mustafa_Castellano -> Igrac: Nemanja_Somax | Novac: 5000
29/11/2019 | 21:25:11 | Igrac Mustafa_Castellano -> Igrac: Nemanja_Somax | Novac: 5000
29/11/2019 | 21:25:13 | Igrac Mustafa_Castellano -> Igrac: Nemanja_Somax | Novac: 5000
29/11/2019 | 21:35:47 | Igrac Mustafa_Castellano -> Igrac: Nemanja_Somax | Novac: 5000
29/11/2019 | 21:35:48 | Igrac Mustafa_Castellano -> Igrac: Nemanja_Somax | Novac: 5000
29/11/2019 | 21:35:49 | Igrac Mustafa_Castellano -> Igrac: Nemanja_Somax | Novac: 5000
29/11/2019 | 21:35:49 | Igrac Mustafa_Castellano -> Igrac: Nemanja_Somax | Novac: 5000
29/11/2019 | 22:24:16 | Igrac Mustafa_Castellano -> Igrac: Bilan_Mitevski | Novac: 5000
29/11/2019 | 22:24:17 | Igrac Mustafa_Castellano -> Igrac: Bilan_Mitevski | Novac: 5000
29/11/2019 | 22:24:17 | Igrac Mustafa_Castellano -> Igrac: Bilan_Mitevski | Novac: 5000
29/11/2019 | 22:24:18 | Igrac Mustafa_Castellano -> Igrac: Bilan_Mitevski | Novac: 5000
29/11/2019 | 22:24:19 | Igrac Mustafa_Castellano -> Igrac: Bilan_Mitevski | Novac: 5000
29/11/2019 | 22:24:19 | Igrac Mustafa_Castellano -> Igrac: Bilan_Mitevski | Novac: 5000
29/11/2019 | 22:24:20 | Igrac Mustafa_Castellano -> Igrac: Bilan_Mitevski | Novac: 5000
29/11/2019 | 22:24:20 | Igrac Mustafa_Castellano -> Igrac: Bilan_Mitevski | Novac: 5000
29/11/2019 | 22:24:22 | Igrac Mustafa_Castellano -> Igrac: Bilan_Mitevski | Novac: 5000
29/11/2019 | 22:24:22 | Igrac Mustafa_Castellano -> Igrac: Bilan_Mitevski | Novac: 5000
29/11/2019 | 22:24:23 | Igrac Mustafa_Castellano -> Igrac: Bilan_Mitevski | Novac: 5000
29/11/2019 | 22:24:24 | Igrac Mustafa_Castellano -> Igrac: Bilan_Mitevski | Novac: 5000
29/11/2019 | 22:26:28 | Igrac Mustafa_Castellano -> Igrac: Phoenix_Cappone | Novac: 5000
29/11/2019 | 22:26:29 | Igrac Mustafa_Castellano -> Igrac: Phoenix_Cappone | Novac: 5000
29/11/2019 | 22:26:35 | Igrac Mustafa_Castellano -> Igrac: Phoenix_Cappone | Novac: 60
30/11/2019 | 09:11:25 | Igrac Karlo_Zakhaew -> Igrac: Petar_Castello | Novac: 1000
30/11/2019 | 10:09:03 | Igrac Milan_Vasquez -> Igrac: Karlo_Zakhaew | Novac: 5000
30/11/2019 | 10:09:03 | Igrac Milan_Vasquez -> Igrac: Karlo_Zakhaew | Novac: 5000
30/11/2019 | 10:09:04 | Igrac Milan_Vasquez -> Igrac: Karlo_Zakhaew | Novac: 5000
30/11/2019 | 10:09:06 | Igrac Milan_Vasquez -> Igrac: Karlo_Zakhaew | Novac: 5000
30/11/2019 | 10:09:06 | Igrac Milan_Vasquez -> Igrac: Karlo_Zakhaew | Novac: 5000
30/11/2019 | 10:09:07 | Igrac Milan_Vasquez -> Igrac: Karlo_Zakhaew | Novac: 5000
30/11/2019 | 10:09:07 | Igrac Milan_Vasquez -> Igrac: Karlo_Zakhaew | Novac: 5000
30/11/2019 | 10:09:08 | Igrac Milan_Vasquez -> Igrac: Karlo_Zakhaew | Novac: 5000
30/11/2019 | 10:09:08 | Igrac Milan_Vasquez -> Igrac: Karlo_Zakhaew | Novac: 5000
30/11/2019 | 10:09:09 | Igrac Milan_Vasquez -> Igrac: Karlo_Zakhaew | Novac: 5000
30/11/2019 | 10:09:10 | Igrac Milan_Vasquez -> Igrac: Karlo_Zakhaew | Novac: 5000
30/11/2019 | 10:09:10 | Igrac Milan_Vasquez -> Igrac: Karlo_Zakhaew | Novac: 5000
30/11/2019 | 10:09:11 | Igrac Milan_Vasquez -> Igrac: Karlo_Zakhaew | Novac: 5000
30/11/2019 | 11:43:50 | Igrac Hare_Escobar -> Igrac: Edward_Corleone | Novac: 5000
30/11/2019 | 11:43:50 | Igrac Hare_Escobar -> Igrac: Edward_Corleone | Novac: 5000
30/11/2019 | 11:43:51 | Igrac Hare_Escobar -> Igrac: Edward_Corleone | Novac: 5000
30/11/2019 | 11:43:52 | Igrac Hare_Escobar -> Igrac: Edward_Corleone | Novac: 5000
30/11/2019 | 11:43:52 | Igrac Hare_Escobar -> Igrac: Edward_Corleone | Novac: 5000
30/11/2019 | 11:43:53 | Igrac Hare_Escobar -> Igrac: Edward_Corleone | Novac: 5000
30/11/2019 | 11:43:53 | Igrac Hare_Escobar -> Igrac: Edward_Corleone | Novac: 5000
30/11/2019 | 11:43:54 | Igrac Hare_Escobar -> Igrac: Edward_Corleone | Novac: 5000
30/11/2019 | 11:43:54 | Igrac Hare_Escobar -> Igrac: Edward_Corleone | Novac: 5000
30/11/2019 | 11:43:54 | Igrac Hare_Escobar -> Igrac: Edward_Corleone | Novac: 5000
30/11/2019 | 11:43:55 | Igrac Hare_Escobar -> Igrac: Edward_Corleone | Novac: 5000
30/11/2019 | 11:43:55 | Igrac Hare_Escobar -> Igrac: Edward_Corleone | Novac: 5000
30/11/2019 | 11:43:56 | Igrac Hare_Escobar -> Igrac: Edward_Corleone | Novac: 5000
30/11/2019 | 11:43:56 | Igrac Hare_Escobar -> Igrac: Edward_Corleone | Novac: 5000
30/11/2019 | 11:43:57 | Igrac Hare_Escobar -> Igrac: Edward_Corleone | Novac: 5000
30/11/2019 | 11:43:57 | Igrac Hare_Escobar -> Igrac: Edward_Corleone | Novac: 5000
30/11/2019 | 11:43:57 | Igrac Hare_Escobar -> Igrac: Edward_Corleone | Novac: 5000
30/11/2019 | 11:43:58 | Igrac Hare_Escobar -> Igrac: Edward_Corleone | Novac: 5000
30/11/2019 | 13:41:29 | Igrac Milan_Vasquez -> Igrac: Starcevic_Barzini | Novac: 1000
30/11/2019 | 13:41:37 | Igrac Milan_Vasquez -> Igrac: Starcevic_Barzini | Novac: 5000
30/11/2019 | 13:41:45 | Igrac Milan_Vasquez -> Igrac: Starcevic_Barzini | Novac: 5000
30/11/2019 | 13:41:46 | Igrac Starcevic_Barzini -> Igrac: Milan_Vasquez | Novac: 5000
30/11/2019 | 13:41:53 | Igrac Starcevic_Barzini -> Igrac: Milan_Vasquez | Novac: 5000
30/11/2019 | 13:41:53 | Igrac Milan_Vasquez -> Igrac: Starcevic_Barzini | Novac: 5000
30/11/2019 | 13:41:56 | Igrac Milan_Vasquez -> Igrac: Starcevic_Barzini | Novac: 5000
30/11/2019 | 13:41:57 | Igrac Milan_Vasquez -> Igrac: Starcevic_Barzini | Novac: 5000
30/11/2019 | 15:06:33 | Igrac Saiyan_Barzini -> Igrac: Luka_Djurkic | Novac: 5000
30/11/2019 | 15:06:35 | Igrac Saiyan_Barzini -> Igrac: Luka_Djurkic | Novac: 5000
30/11/2019 | 15:27:18 | Igrac Karlo_Zakhaew -> Igrac: Alko_Escobar | Novac: 1000
30/11/2019 | 15:27:19 | Igrac Karlo_Zakhaew -> Igrac: Alko_Escobar | Novac: 1000
30/11/2019 | 16:04:24 | Igrac Djukii_Verssace -> Igrac: Petar_Fererro | Novac: 5000
30/11/2019 | 16:04:30 | Igrac Djukii_Verssace -> Igrac: Petar_Fererro | Novac: 5000
30/11/2019 | 16:08:21 | Igrac Djukii_Verssace -> Igrac: Petar_Fererro | Novac: 2159
30/11/2019 | 17:18:56 | Igrac Djukii_Verssace -> Igrac: Laroyce_Hawkins | Novac: 5000
30/11/2019 | 17:58:59 | Igrac Mustafa_Castellano -> Igrac: Phoenix_Cappone | Novac: 5000
30/11/2019 | 17:59:01 | Igrac Mustafa_Castellano -> Igrac: Phoenix_Cappone | Novac: 5000
30/11/2019 | 17:59:03 | Igrac Mustafa_Castellano -> Igrac: Phoenix_Cappone | Novac: 5000
30/11/2019 | 17:59:05 | Igrac Mustafa_Castellano -> Igrac: Phoenix_Cappone | Novac: 5000
30/11/2019 | 17:59:07 | Igrac Mustafa_Castellano -> Igrac: Phoenix_Cappone | Novac: 5000
30/11/2019 | 18:43:50 | Igrac Luka_Djurkic -> Igrac: Starcevic_Barzini | Novac: 1300
30/11/2019 | 18:49:00 | Igrac Ahmet_Castellano -> Igrac: Marko_Kuzmanovic | Novac: 5
30/11/2019 | 18:49:01 | Igrac Ahmet_Castellano -> Igrac: Marko_Kuzmanovic | Novac: 5
30/11/2019 | 18:49:02 | Igrac Ahmet_Castellano -> Igrac: Marko_Kuzmanovic | Novac: 5000
30/11/2019 | 18:49:03 | Igrac Ahmet_Castellano -> Igrac: Marko_Kuzmanovic | Novac: 5000
30/11/2019 | 18:51:31 | Igrac Starcevic_Barzini -> Igrac: Luka_Djurkic | Novac: 2000
30/11/2019 | 18:52:40 | Igrac Saiyan_Barzini -> Igrac: Ivona_Atwood | Novac: 1
30/11/2019 | 18:53:12 | Igrac Saiyan_Barzini -> Igrac: Ivona_Atwood | Novac: 1
30/11/2019 | 18:58:05 | Igrac Ghetoven -> Igrac: Starcevic_Barzini | Novac: 1379
30/11/2019 | 19:11:47 | Igrac Zeka_Barzini -> Igrac: Nile_Castello | Novac: 1
30/11/2019 | 19:12:00 | Igrac Zeka_Barzini -> Igrac: Djukii_Verssace | Novac: 1
30/11/2019 | 19:12:09 | Igrac Zeka_Barzini -> Igrac: Marko_Kuzmanovic | Novac: 1
30/11/2019 | 19:12:17 | Igrac Zeka_Barzini -> Igrac: Phoenix_Cappone | Novac: 1
30/11/2019 | 19:12:51 | Igrac Zeka_Barzini -> Igrac: Ivona_Atwood | Novac: 5000
30/11/2019 | 19:12:53 | Igrac Zeka_Barzini -> Igrac: Ivona_Atwood | Novac: 5000
30/11/2019 | 19:13:45 | Igrac Zeka_Barzini -> Igrac: Ivona_Atwood | Novac: 500
30/11/2019 | 19:34:11 | Igrac Zeka_Barzini -> Igrac: Ivona_Atwood | Novac: 5000
30/11/2019 | 19:34:13 | Igrac Zeka_Barzini -> Igrac: Ivona_Atwood | Novac: 5000
30/11/2019 | 19:34:17 | Igrac Zeka_Barzini -> Igrac: Ivona_Atwood | Novac: 5000
30/11/2019 | 19:34:21 | Igrac Zeka_Barzini -> Igrac: Ivona_Atwood | Novac: 5000
30/11/2019 | 19:34:25 | Igrac Zeka_Barzini -> Igrac: Ivona_Atwood | Novac: 5000
30/11/2019 | 19:34:41 | Igrac Zeka_Barzini -> Igrac: Ivona_Atwood | Novac: 5000
30/11/2019 | 19:34:44 | Igrac Zeka_Barzini -> Igrac: Ivona_Atwood | Novac: 5000
30/11/2019 | 19:34:48 | Igrac Zeka_Barzini -> Igrac: Ivona_Atwood | Novac: 5000
30/11/2019 | 19:34:50 | Igrac Zeka_Barzini -> Igrac: Ivona_Atwood | Novac: 5000
30/11/2019 | 19:34:53 | Igrac Zeka_Barzini -> Igrac: Ivona_Atwood | Novac: 5000
30/11/2019 | 19:38:25 | Igrac Humphrey_Lewrence -> Igrac: Mickey_Edwards | Novac: 1
30/11/2019 | 19:41:17 | Igrac Fetzy -> Igrac: Richar_Anderson | Novac: 5000
30/11/2019 | 19:41:18 | Igrac Fetzy -> Igrac: Richar_Anderson | Novac: 5000
30/11/2019 | 19:41:18 | Igrac Fetzy -> Igrac: Richar_Anderson | Novac: 5000
30/11/2019 | 19:41:19 | Igrac Fetzy -> Igrac: Richar_Anderson | Novac: 5000
30/11/2019 | 19:41:19 | Igrac Fetzy -> Igrac: Richar_Anderson | Novac: 5000
30/11/2019 | 19:41:20 | Igrac Fetzy -> Igrac: Richar_Anderson | Novac: 5000
30/11/2019 | 19:41:20 | Igrac Fetzy -> Igrac: Richar_Anderson | Novac: 5000
30/11/2019 | 19:41:21 | Igrac Fetzy -> Igrac: Richar_Anderson | Novac: 5000
30/11/2019 | 19:41:23 | Igrac Fetzy -> Igrac: Richar_Anderson | Novac: 5000
30/11/2019 | 19:41:23 | Igrac Fetzy -> Igrac: Richar_Anderson | Novac: 5000
30/11/2019 | 19:41:24 | Igrac Fetzy -> Igrac: Richar_Anderson | Novac: 5000
30/11/2019 | 19:41:24 | Igrac Fetzy -> Igrac: Richar_Anderson | Novac: 5000
30/11/2019 | 19:41:25 | Igrac Fetzy -> Igrac: Richar_Anderson | Novac: 5000
30/11/2019 | 19:41:25 | Igrac Fetzy -> Igrac: Richar_Anderson | Novac: 5000
30/11/2019 | 19:41:25 | Igrac Fetzy -> Igrac: Richar_Anderson | Novac: 5000
30/11/2019 | 19:41:26 | Igrac Fetzy -> Igrac: Richar_Anderson | Novac: 5000
30/11/2019 | 19:41:26 | Igrac Fetzy -> Igrac: Richar_Anderson | Novac: 5000
30/11/2019 | 19:41:26 | Igrac Fetzy -> Igrac: Richar_Anderson | Novac: 5000
30/11/2019 | 19:41:27 | Igrac Fetzy -> Igrac: Richar_Anderson | Novac: 5000
30/11/2019 | 19:41:27 | Igrac Fetzy -> Igrac: Richar_Anderson | Novac: 5000
30/11/2019 | 19:46:22 | Igrac Ivona_Atwood -> Igrac: Saiyan_Barzini | Novac: 1
30/11/2019 | 19:51:30 | Igrac Bilan_Mitevski -> Igrac: Phoenix_Cappone | Novac: 500
30/11/2019 | 19:58:43 | Igrac Mumitza_Ishtar -> Igrac: Momenzi | Novac: 5000
30/11/2019 | 19:58:43 | Igrac Mumitza_Ishtar -> Igrac: Momenzi | Novac: 5000
30/11/2019 | 19:58:43 | Igrac Mumitza_Ishtar -> Igrac: Momenzi | Novac: 5000
30/11/2019 | 19:58:44 | Igrac Mumitza_Ishtar -> Igrac: Momenzi | Novac: 5000
30/11/2019 | 19:58:44 | Igrac Mumitza_Ishtar -> Igrac: Momenzi | Novac: 5000
30/11/2019 | 19:58:44 | Igrac Mumitza_Ishtar -> Igrac: Momenzi | Novac: 5000
30/11/2019 | 19:58:45 | Igrac Mumitza_Ishtar -> Igrac: Momenzi | Novac: 5000
30/11/2019 | 19:58:45 | Igrac Mumitza_Ishtar -> Igrac: Momenzi | Novac: 5000
30/11/2019 | 19:58:45 | Igrac Mumitza_Ishtar -> Igrac: Momenzi | Novac: 5000
30/11/2019 | 19:58:46 | Igrac Mumitza_Ishtar -> Igrac: Momenzi | Novac: 5000
30/11/2019 | 19:58:46 | Igrac Mumitza_Ishtar -> Igrac: Momenzi | Novac: 5000
30/11/2019 | 19:58:46 | Igrac Mumitza_Ishtar -> Igrac: Momenzi | Novac: 5000
30/11/2019 | 19:58:47 | Igrac Mumitza_Ishtar -> Igrac: Momenzi | Novac: 5000
30/11/2019 | 19:58:47 | Igrac Mumitza_Ishtar -> Igrac: Momenzi | Novac: 5000
30/11/2019 | 19:58:47 | Igrac Mumitza_Ishtar -> Igrac: Momenzi | Novac: 5000
30/11/2019 | 19:58:48 | Igrac Mumitza_Ishtar -> Igrac: Momenzi | Novac: 5000
30/11/2019 | 19:58:48 | Igrac Mumitza_Ishtar -> Igrac: Momenzi | Novac: 5000
30/11/2019 | 19:58:48 | Igrac Mumitza_Ishtar -> Igrac: Momenzi | Novac: 5000
30/11/2019 | 19:58:49 | Igrac Mumitza_Ishtar -> Igrac: Momenzi | Novac: 5000
30/11/2019 | 20:06:11 | Igrac Zeka_Barzini -> Igrac: Darko_Adkins | Novac: 5000
30/11/2019 | 20:06:14 | Igrac Zeka_Barzini -> Igrac: Darko_Adkins | Novac: 5000
30/11/2019 | 20:06:18 | Igrac Zeka_Barzini -> Igrac: Darko_Adkins | Novac: 5000
30/11/2019 | 20:06:21 | Igrac Zeka_Barzini -> Igrac: Darko_Adkins | Novac: 5000
30/11/2019 | 20:37:06 | Igrac Ahmet_Castellano -> Igrac: Starcevic_Barzini | Novac: 5000
30/11/2019 | 20:37:31 | Igrac Ahmet_Castellano -> Igrac: Starcevic_Barzini | Novac: 5000
30/11/2019 | 20:37:32 | Igrac Ahmet_Castellano -> Igrac: Starcevic_Barzini | Novac: 5000
30/11/2019 | 20:37:32 | Igrac Ahmet_Castellano -> Igrac: Starcevic_Barzini | Novac: 5000
30/11/2019 | 20:37:33 | Igrac Ahmet_Castellano -> Igrac: Starcevic_Barzini | Novac: 5000
30/11/2019 | 20:37:33 | Igrac Ahmet_Castellano -> Igrac: Starcevic_Barzini | Novac: 5000
30/11/2019 | 20:37:34 | Igrac Ahmet_Castellano -> Igrac: Starcevic_Barzini | Novac: 5000
30/11/2019 | 20:37:34 | Igrac Ahmet_Castellano -> Igrac: Starcevic_Barzini | Novac: 5000
30/11/2019 | 20:37:35 | Igrac Ahmet_Castellano -> Igrac: Starcevic_Barzini | Novac: 5000
30/11/2019 | 20:37:35 | Igrac Ahmet_Castellano -> Igrac: Starcevic_Barzini | Novac: 5000
30/11/2019 | 20:37:36 | Igrac Ahmet_Castellano -> Igrac: Starcevic_Barzini | Novac: 5000
30/11/2019 | 20:37:36 | Igrac Ahmet_Castellano -> Igrac: Starcevic_Barzini | Novac: 5000
30/11/2019 | 20:37:36 | Igrac Ahmet_Castellano -> Igrac: Starcevic_Barzini | Novac: 5000
30/11/2019 | 20:37:37 | Igrac Ahmet_Castellano -> Igrac: Starcevic_Barzini | Novac: 5000
30/11/2019 | 20:37:37 | Igrac Ahmet_Castellano -> Igrac: Starcevic_Barzini | Novac: 5000
30/11/2019 | 20:37:38 | Igrac Ahmet_Castellano -> Igrac: Starcevic_Barzini | Novac: 5000
30/11/2019 | 20:41:23 | Igrac Melaa_Mujkich -> Igrac: Eldar_Pavic | Novac: 5000
30/11/2019 | 20:41:24 | Igrac Melaa_Mujkich -> Igrac: Eldar_Pavic | Novac: 5000
30/11/2019 | 20:41:25 | Igrac Melaa_Mujkich -> Igrac: Eldar_Pavic | Novac: 5000
30/11/2019 | 20:41:30 | Igrac Melaa_Mujkich -> Igrac: Eldar_Pavic | Novac: 500
30/11/2019 | 20:44:34 | Igrac Melaa_Mujkich -> Igrac: Eldar_Pavic | Novac: 5000
30/11/2019 | 20:44:35 | Igrac Melaa_Mujkich -> Igrac: Eldar_Pavic | Novac: 5000
30/11/2019 | 20:44:35 | Igrac Melaa_Mujkich -> Igrac: Eldar_Pavic | Novac: 5000
30/11/2019 | 20:44:38 | Igrac Melaa_Mujkich -> Igrac: Eldar_Pavic | Novac: 5000
30/11/2019 | 20:51:59 | Igrac Zeka_Barzini -> Igrac: Narko_Faithful | Novac: 1000
30/11/2019 | 20:52:03 | Igrac Zeka_Barzini -> Igrac: Narko_Faithful | Novac: 5000
30/11/2019 | 20:52:05 | Igrac Zeka_Barzini -> Igrac: Narko_Faithful | Novac: 5000
30/11/2019 | 20:52:07 | Igrac Zeka_Barzini -> Igrac: Narko_Faithful | Novac: 5000
30/11/2019 | 20:52:09 | Igrac Zeka_Barzini -> Igrac: Narko_Faithful | Novac: 5000
30/11/2019 | 20:52:11 | Igrac Zeka_Barzini -> Igrac: Narko_Faithful | Novac: 5000
30/11/2019 | 21:00:05 | Igrac Zeka_Barzini -> Igrac: Nejk_Malaz | Novac: 5000
30/11/2019 | 21:00:57 | Igrac Zeka_Barzini -> Igrac: Petar_Fererro | Novac: 5000
30/11/2019 | 21:01:03 | Igrac Zeka_Barzini -> Igrac: Laroyce_Hawkins | Novac: 5000
30/11/2019 | 21:01:06 | Igrac Zeka_Barzini -> Igrac: Laroyce_Hawkins | Novac: 5000
30/11/2019 | 21:01:09 | Igrac Zeka_Barzini -> Igrac: Petar_Fererro | Novac: 5000
30/11/2019 | 21:28:49 | Igrac Melaa_Mujkich -> Igrac: Starcevic_Barzini | Novac: 5000
30/11/2019 | 21:28:50 | Igrac Melaa_Mujkich -> Igrac: Starcevic_Barzini | Novac: 5000
30/11/2019 | 21:28:51 | Igrac Melaa_Mujkich -> Igrac: Starcevic_Barzini | Novac: 5000
30/11/2019 | 21:28:51 | Igrac Melaa_Mujkich -> Igrac: Starcevic_Barzini | Novac: 5000
30/11/2019 | 21:28:52 | Igrac Melaa_Mujkich -> Igrac: Starcevic_Barzini | Novac: 5000
30/11/2019 | 21:28:52 | Igrac Melaa_Mujkich -> Igrac: Starcevic_Barzini | Novac: 5000
30/11/2019 | 21:28:53 | Igrac Melaa_Mujkich -> Igrac: Starcevic_Barzini | Novac: 5000
30/11/2019 | 21:28:55 | Igrac Melaa_Mujkich -> Igrac: Starcevic_Barzini | Novac: 5000
30/11/2019 | 21:28:56 | Igrac Melaa_Mujkich -> Igrac: Starcevic_Barzini | Novac: 5000
30/11/2019 | 21:44:37 | Igrac Hare_Escobar -> Igrac: Edward_Corleone | Novac: 5000
30/11/2019 | 21:44:40 | Igrac Hare_Escobar -> Igrac: Edward_Corleone | Novac: 5000
30/11/2019 | 21:49:36 | Igrac Radovan_Vuk -> Igrac: Zevs_Barzini | Novac: 5000
30/11/2019 | 22:24:34 | Igrac Hare_Escobar -> Igrac: Edward_Corleone | Novac: 5000
30/11/2019 | 22:24:35 | Igrac Hare_Escobar -> Igrac: Edward_Corleone | Novac: 5000
30/11/2019 | 22:24:36 | Igrac Hare_Escobar -> Igrac: Edward_Corleone | Novac: 5000
30/11/2019 | 22:24:36 | Igrac Hare_Escobar -> Igrac: Edward_Corleone | Novac: 5000
30/11/2019 | 22:24:37 | Igrac Hare_Escobar -> Igrac: Edward_Corleone | Novac: 5000
30/11/2019 | 22:24:38 | Igrac Hare_Escobar -> Igrac: Edward_Corleone | Novac: 5000
30/11/2019 | 22:24:38 | Igrac Hare_Escobar -> Igrac: Edward_Corleone | Novac: 5000
30/11/2019 | 22:24:38 | Igrac Hare_Escobar -> Igrac: Edward_Corleone | Novac: 5000
30/11/2019 | 22:24:39 | Igrac Hare_Escobar -> Igrac: Edward_Corleone | Novac: 5000
30/11/2019 | 22:24:39 | Igrac Hare_Escobar -> Igrac: Edward_Corleone | Novac: 5000
30/11/2019 | 22:24:40 | Igrac Hare_Escobar -> Igrac: Edward_Corleone | Novac: 5000
30/11/2019 | 22:24:40 | Igrac Hare_Escobar -> Igrac: Edward_Corleone | Novac: 5000
30/11/2019 | 22:24:41 | Igrac Hare_Escobar -> Igrac: Edward_Corleone | Novac: 5000
30/11/2019 | 22:24:41 | Igrac Hare_Escobar -> Igrac: Edward_Corleone | Novac: 5000
30/11/2019 | 22:24:41 | Igrac Hare_Escobar -> Igrac: Edward_Corleone | Novac: 5000
30/11/2019 | 22:24:42 | Igrac Hare_Escobar -> Igrac: Edward_Corleone | Novac: 5000
30/11/2019 | 22:24:42 | Igrac Hare_Escobar -> Igrac: Edward_Corleone | Novac: 5000
30/11/2019 | 22:29:52 | Igrac Momenzi -> Igrac: Richar_Anderson | Novac: 5000
30/11/2019 | 22:29:53 | Igrac Zeka_Barzini -> Igrac: Richar_Anderson | Novac: 1
30/11/2019 | 22:29:55 | Igrac Momenzi -> Igrac: Richar_Anderson | Novac: 5000
30/11/2019 | 22:29:55 | Igrac Zeka_Barzini -> Igrac: Richar_Anderson | Novac: 2
30/11/2019 | 22:29:58 | Igrac Zeka_Barzini -> Igrac: Richar_Anderson | Novac: 500
30/11/2019 | 22:29:58 | Igrac Momenzi -> Igrac: Richar_Anderson | Novac: 5000
30/11/2019 | 22:30:00 | Igrac Momenzi -> Igrac: Richar_Anderson | Novac: 5000
30/11/2019 | 22:30:00 | Igrac Zeka_Barzini -> Igrac: Richar_Anderson | Novac: 500
30/11/2019 | 22:30:02 | Igrac Momenzi -> Igrac: Richar_Anderson | Novac: 5000
30/11/2019 | 22:30:03 | Igrac Zeka_Barzini -> Igrac: Richar_Anderson | Novac: 5000
30/11/2019 | 22:30:04 | Igrac Momenzi -> Igrac: Richar_Anderson | Novac: 5000
30/11/2019 | 22:30:06 | Igrac Zeka_Barzini -> Igrac: Richar_Anderson | Novac: 5000
30/11/2019 | 22:30:06 | Igrac Momenzi -> Igrac: Richar_Anderson | Novac: 5000
30/11/2019 | 22:30:08 | Igrac Momenzi -> Igrac: Richar_Anderson | Novac: 5000
30/11/2019 | 22:30:10 | Igrac Momenzi -> Igrac: Richar_Anderson | Novac: 5000
30/11/2019 | 22:30:12 | Igrac Zeka_Barzini -> Igrac: Richar_Anderson | Novac: 5000
30/11/2019 | 22:30:15 | Igrac Zeka_Barzini -> Igrac: Richar_Anderson | Novac: 5000
30/11/2019 | 22:30:16 | Igrac Momenzi -> Igrac: Richar_Anderson | Novac: 5000
30/11/2019 | 22:30:19 | Igrac Momenzi -> Igrac: Richar_Anderson | Novac: 5000
30/11/2019 | 22:30:28 | Igrac Zeka_Barzini -> Igrac: Richar_Anderson | Novac: 5000
30/11/2019 | 22:30:31 | Igrac Zeka_Barzini -> Igrac: Richar_Anderson | Novac: 5000
30/11/2019 | 22:30:39 | Igrac Zeka_Barzini -> Igrac: Momenzi | Novac: 5000
30/11/2019 | 22:30:41 | Igrac Zeka_Barzini -> Igrac: Momenzi | Novac: 5000
30/11/2019 | 22:30:44 | Igrac Zeka_Barzini -> Igrac: Momenzi | Novac: 5000
30/11/2019 | 22:30:48 | Igrac Zeka_Barzini -> Igrac: Momenzi | Novac: 5000
30/11/2019 | 22:30:51 | Igrac Momenzi -> Igrac: Richar_Anderson | Novac: 5000
30/11/2019 | 22:30:53 | Igrac Momenzi -> Igrac: Richar_Anderson | Novac: 5000
30/11/2019 | 22:30:55 | Igrac Momenzi -> Igrac: Richar_Anderson | Novac: 5000
30/11/2019 | 22:30:56 | Igrac Zeka_Barzini -> Igrac: Richar_Anderson | Novac: 5000
30/11/2019 | 22:30:58 | Igrac Momenzi -> Igrac: Richar_Anderson | Novac: 5000
30/11/2019 | 22:30:58 | Igrac Zeka_Barzini -> Igrac: Richar_Anderson | Novac: 5000
30/11/2019 | 22:31:00 | Igrac Momenzi -> Igrac: Richar_Anderson | Novac: 5000
30/11/2019 | 22:31:02 | Igrac Momenzi -> Igrac: Richar_Anderson | Novac: 5000
30/11/2019 | 22:31:07 | Igrac Zeka_Barzini -> Igrac: Richar_Anderson | Novac: 2901
30/11/2019 | 22:31:08 | Igrac Momenzi -> Igrac: Richar_Anderson | Novac: 5000
30/11/2019 | 22:31:11 | Igrac Momenzi -> Igrac: Richar_Anderson | Novac: 5000
30/11/2019 | 22:31:13 | Igrac Momenzi -> Igrac: Richar_Anderson | Novac: 5000
30/11/2019 | 22:31:16 | Igrac Momenzi -> Igrac: Richar_Anderson | Novac: 5000
30/11/2019 | 22:31:18 | Igrac Momenzi -> Igrac: Richar_Anderson | Novac: 5000
30/11/2019 | 22:31:26 | Igrac White -> Igrac: Phoenix_Cappone | Novac: 5000
30/11/2019 | 22:31:27 | Igrac White -> Igrac: Phoenix_Cappone | Novac: 5000
30/11/2019 | 22:31:28 | Igrac White -> Igrac: Phoenix_Cappone | Novac: 5000
30/11/2019 | 22:31:28 | Igrac White -> Igrac: Phoenix_Cappone | Novac: 5000
30/11/2019 | 22:31:29 | Igrac White -> Igrac: Phoenix_Cappone | Novac: 5000
30/11/2019 | 22:31:29 | Igrac White -> Igrac: Phoenix_Cappone | Novac: 5000
30/11/2019 | 22:31:30 | Igrac White -> Igrac: Phoenix_Cappone | Novac: 5000
30/11/2019 | 22:31:30 | Igrac White -> Igrac: Phoenix_Cappone | Novac: 5000
30/11/2019 | 22:31:31 | Igrac White -> Igrac: Phoenix_Cappone | Novac: 5000
30/11/2019 | 22:31:31 | Igrac White -> Igrac: Phoenix_Cappone | Novac: 5000
30/11/2019 | 22:31:32 | Igrac White -> Igrac: Phoenix_Cappone | Novac: 5000
30/11/2019 | 22:31:32 | Igrac White -> Igrac: Phoenix_Cappone | Novac: 5000
30/11/2019 | 22:31:33 | Igrac White -> Igrac: Phoenix_Cappone | Novac: 5000
30/11/2019 | 22:31:33 | Igrac White -> Igrac: Phoenix_Cappone | Novac: 5000
30/11/2019 | 22:31:44 | Igrac White -> Igrac: Phoenix_Cappone | Novac: 5000
30/11/2019 | 22:31:44 | Igrac White -> Igrac: Phoenix_Cappone | Novac: 5000
30/11/2019 | 22:31:45 | Igrac White -> Igrac: Phoenix_Cappone | Novac: 5000
30/11/2019 | 22:31:45 | Igrac White -> Igrac: Phoenix_Cappone | Novac: 5000
30/11/2019 | 22:31:45 | Igrac White -> Igrac: Phoenix_Cappone | Novac: 5000
30/11/2019 | 22:31:46 | Igrac White -> Igrac: Phoenix_Cappone | Novac: 5000
30/11/2019 | 22:31:46 | Igrac White -> Igrac: Phoenix_Cappone | Novac: 5000
30/11/2019 | 22:31:47 | Igrac White -> Igrac: Phoenix_Cappone | Novac: 5000
30/11/2019 | 22:31:47 | Igrac White -> Igrac: Phoenix_Cappone | Novac: 5000
30/11/2019 | 22:31:47 | Igrac White -> Igrac: Phoenix_Cappone | Novac: 5000
30/11/2019 | 22:31:48 | Igrac White -> Igrac: Phoenix_Cappone | Novac: 5000
30/11/2019 | 22:31:48 | Igrac White -> Igrac: Phoenix_Cappone | Novac: 5000
30/11/2019 | 22:31:48 | Igrac White -> Igrac: Phoenix_Cappone | Novac: 5000
30/11/2019 | 22:31:49 | Igrac White -> Igrac: Phoenix_Cappone | Novac: 5000
30/11/2019 | 22:32:37 | Igrac Zeka_Barzini -> Igrac: Richar_Anderson | Novac: 5000
30/11/2019 | 22:32:40 | Igrac Zeka_Barzini -> Igrac: Richar_Anderson | Novac: 5000
30/11/2019 | 22:32:42 | Igrac Zeka_Barzini -> Igrac: Richar_Anderson | Novac: 5000
30/11/2019 | 22:32:44 | Igrac Zeka_Barzini -> Igrac: Richar_Anderson | Novac: 5000
30/11/2019 | 22:32:46 | Igrac Zeka_Barzini -> Igrac: Richar_Anderson | Novac: 5000
30/11/2019 | 22:32:48 | Igrac Zeka_Barzini -> Igrac: Richar_Anderson | Novac: 5000
30/11/2019 | 22:32:50 | Igrac Zeka_Barzini -> Igrac: Richar_Anderson | Novac: 5000
30/11/2019 | 22:32:52 | Igrac Zeka_Barzini -> Igrac: Richar_Anderson | Novac: 5000
30/11/2019 | 22:32:54 | Igrac Zeka_Barzini -> Igrac: Richar_Anderson | Novac: 5000
30/11/2019 | 22:32:56 | Igrac Zeka_Barzini -> Igrac: Richar_Anderson | Novac: 5000
30/11/2019 | 22:32:58 | Igrac Zeka_Barzini -> Igrac: Richar_Anderson | Novac: 5000
30/11/2019 | 22:33:00 | Igrac Zeka_Barzini -> Igrac: Richar_Anderson | Novac: 5000
30/11/2019 | 22:56:48 | Igrac Pejca_Suarez -> Igrac: Kyrie_Irving | Novac: 5000
30/11/2019 | 22:56:49 | Igrac Pejca_Suarez -> Igrac: Kyrie_Irving | Novac: 5000
30/11/2019 | 22:59:04 | Igrac Toni_Leap -> Igrac: Kyrie_Irving | Novac: 5000
30/11/2019 | 22:59:06 | Igrac Toni_Leap -> Igrac: Kyrie_Irving | Novac: 5000
30/11/2019 | 22:59:08 | Igrac Toni_Leap -> Igrac: Kyrie_Irving | Novac: 5000
30/11/2019 | 22:59:10 | Igrac Toni_Leap -> Igrac: Kyrie_Irving | Novac: 5000
30/11/2019 | 22:59:12 | Igrac Toni_Leap -> Igrac: Kyrie_Irving | Novac: 5000
30/11/2019 | 22:59:14 | Igrac Toni_Leap -> Igrac: Kyrie_Irving | Novac: 5000
30/11/2019 | 23:32:37 | Igrac Zeka_Barzini -> Igrac: Richar_Anderson | Novac: 950
30/11/2019 | 23:32:47 | Igrac Zeka_Barzini -> Igrac: Richar_Anderson | Novac: 500
30/11/2019 | 23:32:49 | Igrac Zeka_Barzini -> Igrac: Richar_Anderson | Novac: 5000
30/11/2019 | 23:32:56 | Igrac Zeka_Barzini -> Igrac: Richar_Anderson | Novac: 3000
30/11/2019 | 23:33:02 | Igrac Zeka_Barzini -> Igrac: Richar_Anderson | Novac: 50
1/12/2019 | 10:10:28 | Igrac Karlo_Zakhaew -> Igrac: Ana_Vujosevic | Novac: 5000
1/12/2019 | 10:10:33 | Igrac Karlo_Zakhaew -> Igrac: Petar_Fererro | Novac: 5000
1/12/2019 | 10:10:46 | Igrac Karlo_Zakhaew -> Igrac: Marko_Escobar | Novac: 5000
1/12/2019 | 10:10:54 | Igrac Karlo_Zakhaew -> Igrac: Mateja_Zdravkovic | Novac: 5000
1/12/2019 | 10:21:28 | Igrac Itachi_Uchiha -> Igrac: Ahmet_Castellano | Novac: 5000
1/12/2019 | 10:21:29 | Igrac Itachi_Uchiha -> Igrac: Ahmet_Castellano | Novac: 5000
1/12/2019 | 10:21:29 | Igrac Itachi_Uchiha -> Igrac: Ahmet_Castellano | Novac: 5000
1/12/2019 | 10:22:04 | Igrac Itachi_Uchiha -> Igrac: Ahmet_Castellano | Novac: 5000
1/12/2019 | 10:22:06 | Igrac Itachi_Uchiha -> Igrac: Ahmet_Castellano | Novac: 5000
1/12/2019 | 10:33:03 | Igrac Karlo_Zakhaew -> Igrac: Richar_Anderson | Novac: 1000
1/12/2019 | 10:33:17 | Igrac Karlo_Zakhaew -> Igrac: Richar_Anderson | Novac: 5000
1/12/2019 | 10:33:21 | Igrac Karlo_Zakhaew -> Igrac: Richar_Anderson | Novac: 4000
1/12/2019 | 10:56:39 | Igrac Petar_Fererro -> Igrac: Djukii_Verssace | Novac: 1
1/12/2019 | 10:56:42 | Igrac Petar_Fererro -> Igrac: Ana_Vujosevic | Novac: 1
1/12/2019 | 11:03:24 | Igrac Petar_Fererro -> Igrac: Kristijan_Rage | Novac: 2
1/12/2019 | 11:23:10 | Igrac Kristijan_Rage -> Igrac: Mateja_Zdravkovic | Novac: 5000
1/12/2019 | 11:23:12 | Igrac Kristijan_Rage -> Igrac: Mateja_Zdravkovic | Novac: 5000
1/12/2019 | 11:23:14 | Igrac Kristijan_Rage -> Igrac: Mateja_Zdravkovic | Novac: 5000
1/12/2019 | 11:23:16 | Igrac Kristijan_Rage -> Igrac: Mateja_Zdravkovic | Novac: 5000
1/12/2019 | 11:23:18 | Igrac Kristijan_Rage -> Igrac: Mateja_Zdravkovic | Novac: 5000
1/12/2019 | 11:23:20 | Igrac Kristijan_Rage -> Igrac: Mateja_Zdravkovic | Novac: 5000
1/12/2019 | 11:23:22 | Igrac Kristijan_Rage -> Igrac: Mateja_Zdravkovic | Novac: 5000
1/12/2019 | 11:23:24 | Igrac Kristijan_Rage -> Igrac: Mateja_Zdravkovic | Novac: 5000
1/12/2019 | 11:23:26 | Igrac Kristijan_Rage -> Igrac: Mateja_Zdravkovic | Novac: 5000
1/12/2019 | 11:23:28 | Igrac Kristijan_Rage -> Igrac: Mateja_Zdravkovic | Novac: 5000
1/12/2019 | 11:23:30 | Igrac Kristijan_Rage -> Igrac: Mateja_Zdravkovic | Novac: 5000
1/12/2019 | 11:23:32 | Igrac Kristijan_Rage -> Igrac: Mateja_Zdravkovic | Novac: 5000
1/12/2019 | 11:23:34 | Igrac Kristijan_Rage -> Igrac: Mateja_Zdravkovic | Novac: 5000
1/12/2019 | 11:23:37 | Igrac Kristijan_Rage -> Igrac: Mateja_Zdravkovic | Novac: 5000
1/12/2019 | 11:23:39 | Igrac Kristijan_Rage -> Igrac: Mateja_Zdravkovic | Novac: 5000
1/12/2019 | 11:23:41 | Igrac Kristijan_Rage -> Igrac: Mateja_Zdravkovic | Novac: 5000
1/12/2019 | 11:23:43 | Igrac Kristijan_Rage -> Igrac: Mateja_Zdravkovic | Novac: 5000
1/12/2019 | 11:23:45 | Igrac Kristijan_Rage -> Igrac: Mateja_Zdravkovic | Novac: 5000
1/12/2019 | 11:23:47 | Igrac Kristijan_Rage -> Igrac: Mateja_Zdravkovic | Novac: 5000
1/12/2019 | 11:31:26 | Igrac Ana_Vujosevic -> Igrac: Mateja_Zdravkovic | Novac: 5000
1/12/2019 | 11:31:29 | Igrac Ana_Vujosevic -> Igrac: Mateja_Zdravkovic | Novac: 5000
1/12/2019 | 11:31:31 | Igrac Ana_Vujosevic -> Igrac: Mateja_Zdravkovic | Novac: 5000
1/12/2019 | 11:31:33 | Igrac Ana_Vujosevic -> Igrac: Mateja_Zdravkovic | Novac: 5000
1/12/2019 | 11:31:40 | Igrac Ana_Vujosevic -> Igrac: Djukii_Verssace | Novac: 5000
1/12/2019 | 11:31:42 | Igrac Ana_Vujosevic -> Igrac: Djukii_Verssace | Novac: 5000
1/12/2019 | 11:31:45 | Igrac Ana_Vujosevic -> Igrac: Djukii_Verssace | Novac: 5000
1/12/2019 | 11:31:49 | Igrac Ana_Vujosevic -> Igrac: Djukii_Verssace | Novac: 5000
1/12/2019 | 11:32:01 | Igrac Ana_Vujosevic -> Igrac: Kristijan_Rage | Novac: 5000
1/12/2019 | 11:32:04 | Igrac Ana_Vujosevic -> Igrac: Kristijan_Rage | Novac: 5000
1/12/2019 | 11:32:07 | Igrac Ana_Vujosevic -> Igrac: Kristijan_Rage | Novac: 5000
1/12/2019 | 11:32:09 | Igrac Ana_Vujosevic -> Igrac: Kristijan_Rage | Novac: 5000
1/12/2019 | 11:32:13 | Igrac Ana_Vujosevic -> Igrac: Marko_Escobar | Novac: 5000
1/12/2019 | 11:32:16 | Igrac Ana_Vujosevic -> Igrac: Marko_Escobar | Novac: 5000
1/12/2019 | 11:32:18 | Igrac Ana_Vujosevic -> Igrac: Marko_Escobar | Novac: 5000
1/12/2019 | 11:32:21 | Igrac Ana_Vujosevic -> Igrac: Marko_Escobar | Novac: 5000
1/12/2019 | 11:34:53 | Igrac Humphrey_Lewrence -> Igrac: Adnan_Gotti | Novac: 5000
1/12/2019 | 11:34:56 | Igrac Humphrey_Lewrence -> Igrac: Adnan_Gotti | Novac: 5000
1/12/2019 | 11:37:36 | Igrac Ana_Vujosevic -> Igrac: Alex_Connelly | Novac: 5000
1/12/2019 | 11:37:38 | Igrac Ana_Vujosevic -> Igrac: Alex_Connelly | Novac: 5000
1/12/2019 | 11:37:40 | Igrac Ana_Vujosevic -> Igrac: Alex_Connelly | Novac: 5000
1/12/2019 | 11:37:42 | Igrac Ana_Vujosevic -> Igrac: Alex_Connelly | Novac: 5000
1/12/2019 | 11:52:41 | Igrac Humphrey_Lewrence -> Igrac: Adnan_Gotti | Novac: 5000
1/12/2019 | 11:52:43 | Igrac Humphrey_Lewrence -> Igrac: Adnan_Gotti | Novac: 5000
1/12/2019 | 12:18:44 | Igrac Djukii_Verssace -> Igrac: Marko_Kuzmanovic | Novac: 5000
1/12/2019 | 12:18:46 | Igrac Djukii_Verssace -> Igrac: Marko_Kuzmanovic | Novac: 5000
1/12/2019 | 12:53:02 | Igrac Emin_Columbo -> Igrac: Ognjen_Miticc | Novac: 5000
1/12/2019 | 12:53:04 | Igrac Emin_Columbo -> Igrac: Ognjen_Miticc | Novac: 5000
1/12/2019 | 12:53:06 | Igrac Emin_Columbo -> Igrac: Ognjen_Miticc | Novac: 5000
1/12/2019 | 12:53:10 | Igrac Emin_Columbo -> Igrac: Ognjen_Miticc | Novac: 5000
1/12/2019 | 12:53:18 | Igrac Emin_Columbo -> Igrac: Ognjen_Miticc | Novac: 5000
1/12/2019 | 12:59:28 | Igrac Ana_Vujosevic -> Igrac: Kristijan_Rage | Novac: 5000
1/12/2019 | 12:59:30 | Igrac Ana_Vujosevic -> Igrac: Kristijan_Rage | Novac: 5000
1/12/2019 | 12:59:34 | Igrac Ana_Vujosevic -> Igrac: Kristijan_Rage | Novac: 5000
1/12/2019 | 13:00:06 | Igrac Mustafa_Castellano -> Igrac: Marko_Kuzmanovic | Novac: 5000
1/12/2019 | 13:00:06 | Igrac Mustafa_Castellano -> Igrac: Marko_Kuzmanovic | Novac: 5000
1/12/2019 | 15:40:02 | Igrac Toni_Leap -> Igrac: Laza_Obradovic | Novac: 5000
1/12/2019 | 15:40:04 | Igrac Toni_Leap -> Igrac: Laza_Obradovic | Novac: 5000
1/12/2019 | 15:40:07 | Igrac Toni_Leap -> Igrac: Laza_Obradovic | Novac: 5000
1/12/2019 | 15:40:09 | Igrac Toni_Leap -> Igrac: Laza_Obradovic | Novac: 5000
1/12/2019 | 15:40:11 | Igrac Toni_Leap -> Igrac: Laza_Obradovic | Novac: 5000
1/12/2019 | 15:40:13 | Igrac Toni_Leap -> Igrac: Laza_Obradovic | Novac: 5000
1/12/2019 | 15:40:16 | Igrac Toni_Leap -> Igrac: Laza_Obradovic | Novac: 5000
1/12/2019 | 15:40:18 | Igrac Toni_Leap -> Igrac: Laza_Obradovic | Novac: 5000
1/12/2019 | 15:40:20 | Igrac Toni_Leap -> Igrac: Laza_Obradovic | Novac: 5000
1/12/2019 | 15:40:22 | Igrac Toni_Leap -> Igrac: Laza_Obradovic | Novac: 5000
1/12/2019 | 15:40:24 | Igrac Toni_Leap -> Igrac: Laza_Obradovic | Novac: 5000
1/12/2019 | 15:40:26 | Igrac Toni_Leap -> Igrac: Laza_Obradovic | Novac: 5000
1/12/2019 | 15:40:28 | Igrac Toni_Leap -> Igrac: Laza_Obradovic | Novac: 5000
1/12/2019 | 15:40:30 | Igrac Toni_Leap -> Igrac: Laza_Obradovic | Novac: 5000
1/12/2019 | 15:40:32 | Igrac Toni_Leap -> Igrac: Laza_Obradovic | Novac: 5000
1/12/2019 | 15:40:34 | Igrac Toni_Leap -> Igrac: Laza_Obradovic | Novac: 5000
1/12/2019 | 15:40:36 | Igrac Toni_Leap -> Igrac: Laza_Obradovic | Novac: 5000
1/12/2019 | 15:40:38 | Igrac Toni_Leap -> Igrac: Laza_Obradovic | Novac: 5000
1/12/2019 | 15:40:40 | Igrac Toni_Leap -> Igrac: Laza_Obradovic | Novac: 5000
1/12/2019 | 15:40:42 | Igrac Toni_Leap -> Igrac: Laza_Obradovic | Novac: 5000
1/12/2019 | 15:40:44 | Igrac Toni_Leap -> Igrac: Laza_Obradovic | Novac: 5000
1/12/2019 | 15:40:46 | Igrac Toni_Leap -> Igrac: Laza_Obradovic | Novac: 5000
1/12/2019 | 16:27:59 | Igrac Saiyan_Barzini -> Igrac: Harley_Barzini | Novac: 5000
1/12/2019 | 16:28:01 | Igrac Saiyan_Barzini -> Igrac: Harley_Barzini | Novac: 5000
1/12/2019 | 16:28:09 | Igrac Saiyan_Barzini -> Igrac: Harley_Barzini | Novac: 5000
1/12/2019 | 16:58:12 | Igrac Antonio_Capone -> Igrac: Mateja_Zdravkovic | Novac: 5000
1/12/2019 | 16:58:20 | Igrac Antonio_Capone -> Igrac: Mateja_Zdravkovic | Novac: 5000
1/12/2019 | 16:58:22 | Igrac Antonio_Capone -> Igrac: Mateja_Zdravkovic | Novac: 5000
1/12/2019 | 16:58:24 | Igrac Antonio_Capone -> Igrac: Mateja_Zdravkovic | Novac: 5000
1/12/2019 | 16:58:26 | Igrac Antonio_Capone -> Igrac: Mateja_Zdravkovic | Novac: 5000
1/12/2019 | 16:58:30 | Igrac Antonio_Capone -> Igrac: Mateja_Zdravkovic | Novac: 5000
1/12/2019 | 16:58:33 | Igrac Antonio_Capone -> Igrac: Mateja_Zdravkovic | Novac: 5000
1/12/2019 | 16:58:37 | Igrac Antonio_Capone -> Igrac: Mateja_Zdravkovic | Novac: 5000
1/12/2019 | 16:58:45 | Igrac Antonio_Capone -> Igrac: Mateja_Zdravkovic | Novac: 5000
1/12/2019 | 16:58:49 | Igrac Antonio_Capone -> Igrac: Mateja_Zdravkovic | Novac: 5000
1/12/2019 | 16:58:59 | Igrac Antonio_Capone -> Igrac: Mateja_Zdravkovic | Novac: 5000
1/12/2019 | 16:59:02 | Igrac Antonio_Capone -> Igrac: Mateja_Zdravkovic | Novac: 5000
1/12/2019 | 16:59:04 | Igrac Antonio_Capone -> Igrac: Mateja_Zdravkovic | Novac: 5000
1/12/2019 | 16:59:06 | Igrac Antonio_Capone -> Igrac: Mateja_Zdravkovic | Novac: 5000
1/12/2019 | 16:59:08 | Igrac Antonio_Capone -> Igrac: Mateja_Zdravkovic | Novac: 5000
1/12/2019 | 16:59:10 | Igrac Antonio_Capone -> Igrac: Mateja_Zdravkovic | Novac: 5000
1/12/2019 | 16:59:13 | Igrac Antonio_Capone -> Igrac: Mateja_Zdravkovic | Novac: 5000
1/12/2019 | 16:59:16 | Igrac Antonio_Capone -> Igrac: Mateja_Zdravkovic | Novac: 5000
1/12/2019 | 16:59:18 | Igrac Antonio_Capone -> Igrac: Mateja_Zdravkovic | Novac: 5000
1/12/2019 | 16:59:21 | Igrac Antonio_Capone -> Igrac: Mateja_Zdravkovic | Novac: 5000
1/12/2019 | 16:59:24 | Igrac Antonio_Capone -> Igrac: Mateja_Zdravkovic | Novac: 5000
1/12/2019 | 16:59:27 | Igrac Antonio_Capone -> Igrac: Mateja_Zdravkovic | Novac: 5000
1/12/2019 | 16:59:30 | Igrac Antonio_Capone -> Igrac: Mateja_Zdravkovic | Novac: 5000
1/12/2019 | 16:59:33 | Igrac Antonio_Capone -> Igrac: Mateja_Zdravkovic | Novac: 5000
1/12/2019 | 16:59:36 | Igrac Antonio_Capone -> Igrac: Mateja_Zdravkovic | Novac: 5000
1/12/2019 | 17:00:16 | Igrac Antonio_Capone -> Igrac: Mateja_Zdravkovic | Novac: 5000
1/12/2019 | 17:00:33 | Igrac Antonio_Capone -> Igrac: Mateja_Zdravkovic | Novac: 5000
1/12/2019 | 17:00:35 | Igrac Antonio_Capone -> Igrac: Mateja_Zdravkovic | Novac: 5000
1/12/2019 | 17:00:37 | Igrac Antonio_Capone -> Igrac: Mateja_Zdravkovic | Novac: 5000
1/12/2019 | 17:00:39 | Igrac Antonio_Capone -> Igrac: Mateja_Zdravkovic | Novac: 5000
1/12/2019 | 17:00:41 | Igrac Antonio_Capone -> Igrac: Mateja_Zdravkovic | Novac: 5000
1/12/2019 | 17:01:00 | Igrac Antonio_Capone -> Igrac: Mateja_Zdravkovic | Novac: 5000
1/12/2019 | 17:02:34 | Igrac Antonio_Capone -> Igrac: Haris_Barzini | Novac: 5000
1/12/2019 | 17:02:36 | Igrac Antonio_Capone -> Igrac: Haris_Barzini | Novac: 5000
1/12/2019 | 17:02:38 | Igrac Antonio_Capone -> Igrac: Haris_Barzini | Novac: 5000
1/12/2019 | 17:02:40 | Igrac Antonio_Capone -> Igrac: Haris_Barzini | Novac: 5000
1/12/2019 | 17:02:42 | Igrac Antonio_Capone -> Igrac: Haris_Barzini | Novac: 5000
1/12/2019 | 17:02:44 | Igrac Antonio_Capone -> Igrac: Haris_Barzini | Novac: 5000
1/12/2019 | 17:02:46 | Igrac Antonio_Capone -> Igrac: Haris_Barzini | Novac: 5000
1/12/2019 | 17:02:48 | Igrac Antonio_Capone -> Igrac: Haris_Barzini | Novac: 5000
1/12/2019 | 17:02:50 | Igrac Antonio_Capone -> Igrac: Haris_Barzini | Novac: 5000
1/12/2019 | 17:02:52 | Igrac Antonio_Capone -> Igrac: Haris_Barzini | Novac: 5000
1/12/2019 | 17:02:54 | Igrac Antonio_Capone -> Igrac: Haris_Barzini | Novac: 5000
1/12/2019 | 17:46:07 | Igrac White -> Igrac: Adox | Novac: 5000
1/12/2019 | 17:46:08 | Igrac White -> Igrac: Adox | Novac: 5000
1/12/2019 | 17:46:08 | Igrac White -> Igrac: Adox | Novac: 5000
1/12/2019 | 17:46:09 | Igrac White -> Igrac: Adox | Novac: 5000
1/12/2019 | 17:46:09 | Igrac White -> Igrac: Adox | Novac: 5000
1/12/2019 | 17:46:10 | Igrac White -> Igrac: Adox | Novac: 5000
1/12/2019 | 17:46:10 | Igrac White -> Igrac: Adox | Novac: 5000
1/12/2019 | 17:46:11 | Igrac White -> Igrac: Adox | Novac: 5000
1/12/2019 | 17:46:17 | Igrac White -> Igrac: Adox | Novac: 5000
1/12/2019 | 17:46:17 | Igrac White -> Igrac: Adox | Novac: 5000
1/12/2019 | 17:46:18 | Igrac White -> Igrac: Adox | Novac: 5000
1/12/2019 | 17:46:18 | Igrac White -> Igrac: Adox | Novac: 5000
1/12/2019 | 17:46:19 | Igrac White -> Igrac: Adox | Novac: 5000
1/12/2019 | 17:46:19 | Igrac White -> Igrac: Adox | Novac: 5000
1/12/2019 | 17:46:19 | Igrac White -> Igrac: Adox | Novac: 5000
1/12/2019 | 17:46:20 | Igrac White -> Igrac: Adox | Novac: 5000
1/12/2019 | 17:46:20 | Igrac White -> Igrac: Adox | Novac: 5000
1/12/2019 | 17:46:21 | Igrac White -> Igrac: Adox | Novac: 5000
1/12/2019 | 17:46:21 | Igrac White -> Igrac: Adox | Novac: 5000
1/12/2019 | 17:46:22 | Igrac White -> Igrac: Adox | Novac: 5000
1/12/2019 | 17:46:22 | Igrac White -> Igrac: Adox | Novac: 5000
1/12/2019 | 17:46:23 | Igrac White -> Igrac: Adox | Novac: 5000
1/12/2019 | 17:46:23 | Igrac White -> Igrac: Adox | Novac: 5000
1/12/2019 | 17:46:24 | Igrac White -> Igrac: Adox | Novac: 5000
1/12/2019 | 17:46:24 | Igrac White -> Igrac: Adox | Novac: 5000
1/12/2019 | 17:46:25 | Igrac White -> Igrac: Adox | Novac: 5000
1/12/2019 | 17:46:25 | Igrac White -> Igrac: Adox | Novac: 5000
1/12/2019 | 17:46:26 | Igrac White -> Igrac: Adox | Novac: 5000
1/12/2019 | 17:46:26 | Igrac White -> Igrac: Adox | Novac: 5000
1/12/2019 | 17:46:27 | Igrac White -> Igrac: Adox | Novac: 5000
1/12/2019 | 17:46:27 | Igrac White -> Igrac: Adox | Novac: 5000
1/12/2019 | 17:46:27 | Igrac White -> Igrac: Adox | Novac: 5000
1/12/2019 | 17:46:28 | Igrac White -> Igrac: Adox | Novac: 5000
1/12/2019 | 17:46:28 | Igrac White -> Igrac: Adox | Novac: 5000
1/12/2019 | 17:46:29 | Igrac White -> Igrac: Adox | Novac: 5000
1/12/2019 | 17:46:29 | Igrac White -> Igrac: Adox | Novac: 5000
1/12/2019 | 17:46:30 | Igrac White -> Igrac: Adox | Novac: 5000
1/12/2019 | 17:46:30 | Igrac White -> Igrac: Adox | Novac: 5000
1/12/2019 | 17:46:31 | Igrac White -> Igrac: Adox | Novac: 5000
1/12/2019 | 17:46:32 | Igrac White -> Igrac: Adox | Novac: 5000
1/12/2019 | 17:46:32 | Igrac White -> Igrac: Adox | Novac: 5000
1/12/2019 | 17:46:33 | Igrac White -> Igrac: Adox | Novac: 5000
1/12/2019 | 17:46:34 | Igrac White -> Igrac: Adox | Novac: 5000
1/12/2019 | 17:46:37 | Igrac White -> Igrac: Adox | Novac: 5000
1/12/2019 | 17:46:37 | Igrac White -> Igrac: Adox | Novac: 5000
1/12/2019 | 17:46:39 | Igrac White -> Igrac: Adox | Novac: 5000
1/12/2019 | 17:46:40 | Igrac White -> Igrac: Adox | Novac: 5000
1/12/2019 | 17:46:41 | Igrac White -> Igrac: Adox | Novac: 5000
1/12/2019 | 17:46:41 | Igrac White -> Igrac: Adox | Novac: 5000
1/12/2019 | 17:46:42 | Igrac White -> Igrac: Adox | Novac: 5000
1/12/2019 | 17:46:42 | Igrac White -> Igrac: Adox | Novac: 5000
1/12/2019 | 17:46:44 | Igrac White -> Igrac: Adox | Novac: 5000
1/12/2019 | 17:46:44 | Igrac White -> Igrac: Adox | Novac: 5000
1/12/2019 | 17:46:45 | Igrac White -> Igrac: Adox | Novac: 5000
1/12/2019 | 17:46:46 | Igrac White -> Igrac: Adox | Novac: 5000
1/12/2019 | 17:46:46 | Igrac White -> Igrac: Adox | Novac: 5000
1/12/2019 | 17:46:47 | Igrac White -> Igrac: Adox | Novac: 5000
1/12/2019 | 17:46:48 | Igrac White -> Igrac: Adox | Novac: 5000
1/12/2019 | 17:46:49 | Igrac White -> Igrac: Adox | Novac: 5000
1/12/2019 | 17:46:50 | Igrac White -> Igrac: Adox | Novac: 5000
1/12/2019 | 17:46:54 | Igrac White -> Igrac: Adox | Novac: 5000
1/12/2019 | 17:46:57 | Igrac White -> Igrac: Adox | Novac: 5000
1/12/2019 | 17:46:58 | Igrac White -> Igrac: Adox | Novac: 5000
1/12/2019 | 17:46:58 | Igrac White -> Igrac: Adox | Novac: 5000
1/12/2019 | 17:47:06 | Igrac White -> Igrac: Adox | Novac: 5000
1/12/2019 | 17:47:07 | Igrac White -> Igrac: Adox | Novac: 5000
1/12/2019 | 17:47:08 | Igrac White -> Igrac: Adox | Novac: 5000
1/12/2019 | 17:47:09 | Igrac White -> Igrac: Adox | Novac: 5000
1/12/2019 | 17:47:10 | Igrac White -> Igrac: Adox | Novac: 5000
1/12/2019 | 17:47:11 | Igrac White -> Igrac: Adox | Novac: 5000
1/12/2019 | 17:47:11 | Igrac White -> Igrac: Adox | Novac: 5000
1/12/2019 | 17:47:17 | Igrac White -> Igrac: Adox | Novac: 5000
1/12/2019 | 17:47:18 | Igrac White -> Igrac: Adox | Novac: 5000
1/12/2019 | 17:47:18 | Igrac White -> Igrac: Adox | Novac: 5000
1/12/2019 | 17:47:19 | Igrac White -> Igrac: Adox | Novac: 5000
1/12/2019 | 17:47:19 | Igrac White -> Igrac: Adox | Novac: 5000
1/12/2019 | 17:47:19 | Igrac White -> Igrac: Adox | Novac: 5000
1/12/2019 | 17:47:20 | Igrac White -> Igrac: Adox | Novac: 5000
1/12/2019 | 17:47:20 | Igrac White -> Igrac: Adox | Novac: 5000
1/12/2019 | 17:47:21 | Igrac White -> Igrac: Adox | Novac: 5000
1/12/2019 | 17:47:21 | Igrac White -> Igrac: Adox | Novac: 5000
1/12/2019 | 17:47:21 | Igrac White -> Igrac: Adox | Novac: 5000
1/12/2019 | 17:47:22 | Igrac White -> Igrac: Adox | Novac: 5000
1/12/2019 | 17:47:22 | Igrac White -> Igrac: Adox | Novac: 5000
1/12/2019 | 17:47:23 | Igrac White -> Igrac: Adox | Novac: 5000
1/12/2019 | 17:47:23 | Igrac White -> Igrac: Adox | Novac: 5000
1/12/2019 | 17:47:24 | Igrac White -> Igrac: Adox | Novac: 5000
1/12/2019 | 17:47:24 | Igrac White -> Igrac: Adox | Novac: 5000
1/12/2019 | 17:47:24 | Igrac White -> Igrac: Adox | Novac: 5000
1/12/2019 | 17:47:25 | Igrac White -> Igrac: Adox | Novac: 5000
1/12/2019 | 17:47:25 | Igrac White -> Igrac: Adox | Novac: 5000
1/12/2019 | 17:47:25 | Igrac White -> Igrac: Adox | Novac: 5000
1/12/2019 | 17:47:28 | Igrac White -> Igrac: Adox | Novac: 5000
1/12/2019 | 17:47:28 | Igrac White -> Igrac: Adox | Novac: 5000
1/12/2019 | 17:47:29 | Igrac White -> Igrac: Adox | Novac: 5000
1/12/2019 | 17:47:29 | Igrac White -> Igrac: Adox | Novac: 5000
1/12/2019 | 17:47:29 | Igrac White -> Igrac: Adox | Novac: 5000
1/12/2019 | 17:47:30 | Igrac White -> Igrac: Adox | Novac: 5000
1/12/2019 | 17:47:30 | Igrac White -> Igrac: Adox | Novac: 5000
1/12/2019 | 17:47:30 | Igrac White -> Igrac: Adox | Novac: 5000
1/12/2019 | 17:47:31 | Igrac White -> Igrac: Adox | Novac: 5000
1/12/2019 | 17:47:31 | Igrac White -> Igrac: Adox | Novac: 5000
1/12/2019 | 17:47:33 | Igrac White -> Igrac: Adox | Novac: 5000
1/12/2019 | 17:47:36 | Igrac White -> Igrac: Adox | Novac: 5000
1/12/2019 | 17:47:36 | Igrac White -> Igrac: Adox | Novac: 5000
1/12/2019 | 17:47:37 | Igrac White -> Igrac: Adox | Novac: 5000
1/12/2019 | 17:47:37 | Igrac White -> Igrac: Adox | Novac: 5000
1/12/2019 | 17:47:38 | Igrac White -> Igrac: Adox | Novac: 5000
1/12/2019 | 17:47:38 | Igrac White -> Igrac: Adox | Novac: 5000
1/12/2019 | 17:47:39 | Igrac White -> Igrac: Adox | Novac: 5000
1/12/2019 | 17:47:39 | Igrac White -> Igrac: Adox | Novac: 5000
1/12/2019 | 17:47:40 | Igrac White -> Igrac: Adox | Novac: 5000
1/12/2019 | 17:47:40 | Igrac White -> Igrac: Adox | Novac: 5000
1/12/2019 | 17:47:41 | Igrac White -> Igrac: Adox | Novac: 5000
1/12/2019 | 17:47:41 | Igrac White -> Igrac: Adox | Novac: 5000
1/12/2019 | 17:47:41 | Igrac White -> Igrac: Adox | Novac: 5000
1/12/2019 | 17:47:42 | Igrac White -> Igrac: Adox | Novac: 5000
1/12/2019 | 17:47:42 | Igrac White -> Igrac: Adox | Novac: 5000
1/12/2019 | 17:47:43 | Igrac White -> Igrac: Adox | Novac: 5000
1/12/2019 | 17:47:43 | Igrac White -> Igrac: Adox | Novac: 5000
1/12/2019 | 17:47:43 | Igrac White -> Igrac: Adox | Novac: 5000
1/12/2019 | 17:47:44 | Igrac White -> Igrac: Adox | Novac: 5000
1/12/2019 | 17:47:44 | Igrac White -> Igrac: Adox | Novac: 5000
