29/11/2019 | 12:34:05 | Igrac Jewik_Texas je prodao imovinu ID 361 na buy
29/11/2019 | 14:24:59 | Igrac Ana_Vujosevic je prodao imovinu ID 318 na buy
29/11/2019 | 20:04:23 | Igrac Ana_Vujosevic je prodao imovinu ID 408 igracu Karlo_Zakhaew za 200000
30/11/2019 | 09:01:34 | Igrac Karlo_Zakhaew je prodao imovinu ID 408 igracu Djukii_Verssace za 580000
30/11/2019 | 09:14:51 | Igrac Error_Torwil je prodao firmu ID 15 na buy
30/11/2019 | 11:57:09 | Igrac Djukii_Verssace je prodao imovinu ID 408 igracu Humphrey_Lewrence za 1
30/11/2019 | 12:07:33 | Igrac Humphrey_Lewrence je prodao imovinu ID 408 na buy
30/11/2019 | 12:27:24 | Igrac Milan_Vasquez je prodao imovinu ID 102 na buy
30/11/2019 | 12:59:19 | Igrac Luka_Djurkic je prodao firmu ID 15 igracu Djukii_Verssace za 850000
30/11/2019 | 15:52:29 | Igrac Starcevic_Barzini je prodao imovinu ID 171 igracu Djukii_Verssace za 1
30/11/2019 | 15:58:05 | Igrac Djukii_Verssace je prodao imovinu ID 171 igracu Starcevic_Barzini za 1
30/11/2019 | 16:12:00 | Igrac Melaa_Mujkich je prodao imovinu ID 228 na buy
30/11/2019 | 16:12:44 | Igrac Melaa_Mujkich je prodao imovinu ID 163 na buy
30/11/2019 | 20:34:41 | Igrac Djukii_Verssace je prodao imovinu ID 363 igracu Melaa_Mujkich za 1200000
30/11/2019 | 21:36:38 | Igrac Luka_Djurkic je prodao imovinu ID 233 na buy
30/11/2019 | 22:59:40 | Igrac Phoenix_Cappone je prodao imovinu ID 180 na buy
1/12/2019 | 08:57:01 | Igrac Djukii_Verssace je prodao firmu ID 15 igracu Ahmet_Castellano za 1000000
1/12/2019 | 10:45:24 | Igrac Starcevic_Barzini je prodao imovinu ID 171 igracu Ahmet_Castellano za 1
1/12/2019 | 12:25:14 | Igrac Mustafa_Castellano je prodao imovinu ID 64 na buy
1/12/2019 | 13:01:32 | Igrac Starcevic_Barzini je prodao imovinu ID 332 na buy
1/12/2019 | 13:06:12 | Igrac Ahmet_Castellano je prodao imovinu ID 186 igracu Starcevic_Barzini za 800000
