29/11/2019 | 20:29:16 | Igrac Phoenix_Cappone -> Igrac: Saiyan_Barzini | Novac: 1
29/11/2019 | 20:29:41 | Igrac Phoenix_Cappone -> Igrac: Saiyan_Barzini | Novac: 2
30/11/2019 | 13:00:34 | Igrac Saiyan_Barzini -> Igrac: Luka_Djurkic | Novac: 100000
30/11/2019 | 16:05:38 | Igrac Djukii_Verssace -> Igrac: Ana_Vujosevic | Novac: 200000
30/11/2019 | 18:05:50 | Igrac Saiyan_Barzini -> Igrac: Luka_Djurkic | Novac: 100000
30/11/2019 | 18:59:57 | Igrac Ivona_Atwood -> Igrac: Saiyan_Barzini | Novac: 1
30/11/2019 | 19:08:03 | Igrac Luka_Djurkic -> Igrac: Saiyan_Barzini | Novac: 704000
30/11/2019 | 19:15:57 | Igrac Saiyan_Barzini -> Igrac: Djukii_Verssace | Novac: 150000
30/11/2019 | 19:16:18 | Igrac Saiyan_Barzini -> Igrac: Phoenix_Cappone | Novac: 100000
30/11/2019 | 19:16:30 | Igrac Saiyan_Barzini -> Igrac: Zeka_Barzini | Novac: 50000
30/11/2019 | 19:23:32 | Igrac Momenzi -> Igrac: Ivona_Atwood | Novac: 200000
30/11/2019 | 19:33:24 | Igrac Saiyan_Barzini -> Igrac: Bilan_Mitevski | Novac: 500000
30/11/2019 | 21:07:35 | Igrac Antonio_Capone -> Igrac: Antonio_Capone | Novac: 1
30/11/2019 | 21:52:08 | Igrac Radovan_Vuk -> Igrac: Zevs_Barzini | Novac: 1500000
30/11/2019 | 22:47:06 | Igrac Hare_Escobar -> Igrac: Pejca_Suarez | Novac: 200000
30/11/2019 | 23:06:33 | Igrac Radovan_Vuk -> Igrac: Zevs_Barzini | Novac: 2500000
1/12/2019 | 11:16:08 | Igrac Kristijan_Rage -> Igrac: Ana_Vujosevic | Novac: 1000000
1/12/2019 | 11:19:55 | Igrac Kristijan_Rage -> Igrac: Djukii_Verssace | Novac: 1000000
1/12/2019 | 12:05:21 | Igrac Zeka_Barzini -> Igrac: Miki_Speed | Novac: 1
1/12/2019 | 12:05:43 | Igrac Zeka_Barzini -> Igrac: Saiyan_Barzini | Novac: 1
1/12/2019 | 12:05:50 | Igrac Zeka_Barzini -> Igrac: Saiyan_Barzini | Novac: 1
1/12/2019 | 12:05:52 | Igrac Zeka_Barzini -> Igrac: Saiyan_Barzini | Novac: 1
1/12/2019 | 12:05:54 | Igrac Zeka_Barzini -> Igrac: Saiyan_Barzini | Novac: 1
1/12/2019 | 12:05:59 | Igrac Zeka_Barzini -> Igrac: Saiyan_Barzini | Novac: 1
1/12/2019 | 12:06:03 | Igrac Zeka_Barzini -> Igrac: Saiyan_Barzini | Novac: 1
1/12/2019 | 12:06:05 | Igrac Zeka_Barzini -> Igrac: Saiyan_Barzini | Novac: 1
1/12/2019 | 12:06:07 | Igrac Zeka_Barzini -> Igrac: Saiyan_Barzini | Novac: 1
1/12/2019 | 12:06:10 | Igrac Zeka_Barzini -> Igrac: Saiyan_Barzini | Novac: 1
1/12/2019 | 12:48:12 | Igrac Marko_Kuzmanovic -> Igrac: Mustafa_Castellano | Novac: 650000
1/12/2019 | 14:55:10 | Igrac Antonio_Capone -> Igrac: Ana_Vujosevic | Novac: 1
1/12/2019 | 14:55:14 | Igrac Antonio_Capone -> Igrac: Ana_Vujosevic | Novac: 500000
