24/11/2019 | 21:16:34 | [DAO] Lazar_Maradona je dao rep+ igracu Ino42O. Razlog: zato
24/11/2019 | 21:17:20 | [DAO] Lazar_Maradona je dao rep+ igracu Ino42O. Razlog: zato
24/11/2019 | 21:17:24 | [DAO] Lazar_Maradona je dao rep+ igracu Ino42O. Razlog: zato
24/11/2019 | 21:17:45 | [DAO] Lazar_Maradona je dao rep+ igracu Kristijan. Razlog: neznam sta je ovo
24/11/2019 | 21:17:49 | [DAO] Lazar_Maradona je dao rep+ igracu Kristijan. Razlog: neznam sta je ovo
24/11/2019 | 21:17:51 | [DAO] Lazar_Maradona je dao rep+ igracu Kristijan. Razlog: neznam sta je ovo
24/11/2019 | 21:17:54 | [DAO] Lazar_Maradona je dao rep+ igracu Kristijan. Razlog: neznam sta je ovo
24/11/2019 | 21:17:59 | [DAO] Lazar_Maradona je dao rep+ igracu Kristijan. Razlog: neznam sta je ovo
24/11/2019 | 21:18:24 | [DAO] Lazar_Maradona je dao rep+ igracu Kristijan. Razlog: neznam sta je ovo
24/11/2019 | 21:18:30 | [DAO] Lazar_Maradona je dao rep+ igracu Kristijan. Razlog: neznam sta je ovo
24/11/2019 | 21:18:32 | [DAO] Lazar_Maradona je dao rep+ igracu Kristijan. Razlog: neznam sta je ovo
24/11/2019 | 21:18:35 | [DAO] Lazar_Maradona je dao rep+ igracu Kristijan. Razlog: neznam sta je ovo
24/11/2019 | 21:18:40 | [DAO] Lazar_Maradona je dao rep+ igracu Kristijan. Razlog: neznam sta je ovo
24/11/2019 | 21:18:45 | [DAO] Lazar_Maradona je dao rep+ igracu Kristijan. Razlog: neznam sta je ovo
24/11/2019 | 21:18:48 | [DAO] Lazar_Maradona je dao rep+ igracu Kristijan. Razlog: neznam sta je ovo
24/11/2019 | 21:18:50 | [DAO] Lazar_Maradona je dao rep+ igracu Kristijan. Razlog: neznam sta je ovo
24/11/2019 | 21:18:52 | [DAO] Lazar_Maradona je dao rep+ igracu Kristijan. Razlog: neznam sta je ovo
24/11/2019 | 21:18:55 | [DAO] Lazar_Maradona je dao rep+ igracu Kristijan. Razlog: neznam sta je ovo
24/11/2019 | 21:20:04 | [DAO] Lazar_Maradona je dao rep+ igracu White. Razlog: neznam sta je ovo
24/11/2019 | 21:20:06 | [DAO] Lazar_Maradona je dao rep+ igracu White. Razlog: neznam sta je ovo
24/11/2019 | 21:20:10 | [DAO] Lazar_Maradona je dao rep+ igracu White. Razlog: neznam sta je ovo
24/11/2019 | 21:45:12 | [DAO] Lazar_Maradona je dao rep+ igracu Pejca_Suarez. Razlog: cemu sluzi ovo ba 
24/11/2019 | 21:45:14 | [DAO] Lazar_Maradona je dao rep+ igracu Pejca_Suarez. Razlog: cemu sluzi ovo ba 
24/11/2019 | 21:45:16 | [DAO] Lazar_Maradona je dao rep+ igracu Pejca_Suarez. Razlog: cemu sluzi ovo ba 
24/11/2019 | 21:45:19 | [DAO] Lazar_Maradona je dao rep+ igracu Pejca_Suarez. Razlog: cemu sluzi ovo ba 
24/11/2019 | 21:45:22 | [DAO] Lazar_Maradona je dao rep+ igracu Pejca_Suarez. Razlog: cemu sluzi ovo ba 
24/11/2019 | 21:45:40 | [DAO] Lazar_Maradona je dao rep- igracu Pejca_Suarez. Razlog: cemu sluzi ovo ba 
24/11/2019 | 21:45:43 | [DAO] Lazar_Maradona je dao rep- igracu Pejca_Suarez. Razlog: cemu sluzi ovo ba 
24/11/2019 | 21:45:48 | [DAO] Lazar_Maradona je dao rep- igracu Pejca_Suarez. Razlog: cemu sluzi ovo ba 
24/11/2019 | 22:26:44 | [DAO] Lazar_Maradona je dao rep+ igracu Kafa_Atwood. Razlog: zato
24/11/2019 | 22:26:52 | [DAO] Lazar_Maradona je dao rep+ igracu Kafa_Atwood. Razlog: zato
24/11/2019 | 22:26:54 | [DAO] Lazar_Maradona je dao rep+ igracu Kafa_Atwood. Razlog: zato
24/11/2019 | 22:26:57 | [DAO] Lazar_Maradona je dao rep+ igracu Kafa_Atwood. Razlog: zato
24/11/2019 | 22:27:00 | [DAO] Lazar_Maradona je dao rep+ igracu Kafa_Atwood. Razlog: zato
