24/11/2019 | 18:55:26 | [DOBIO] Saiyan_Barzini je dobio rep+ od igraca Richz_Voohunt. Razlog: Ugledan lider
25/11/2019 | 12:48:12 | [DOBIO] Saiyan_Barzini je dobio rep+ od igraca Richz_Voohunt. Razlog: Yt ;)
25/11/2019 | 12:48:14 | [DOBIO] Saiyan_Barzini je dobio rep+ od igraca Richz_Voohunt. Razlog: Yt ;)
25/11/2019 | 12:48:16 | [DOBIO] Saiyan_Barzini je dobio rep+ od igraca Richz_Voohunt. Razlog: Yt ;)
25/11/2019 | 12:48:18 | [DOBIO] Saiyan_Barzini je dobio rep+ od igraca Richz_Voohunt. Razlog: Yt ;)
25/11/2019 | 12:48:20 | [DOBIO] Saiyan_Barzini je dobio rep+ od igraca Richz_Voohunt. Razlog: Yt ;)
25/11/2019 | 13:22:18 | [DOBIO] Saiyan_Barzini je dobio rep+ od igraca Richz_Voohunt. Razlog: OCEMO LAJV
25/11/2019 | 13:22:20 | [DOBIO] Saiyan_Barzini je dobio rep+ od igraca Richz_Voohunt. Razlog: OCEMO LAJV
25/11/2019 | 13:22:22 | [DOBIO] Saiyan_Barzini je dobio rep+ od igraca Richz_Voohunt. Razlog: OCEMO LAJV
25/11/2019 | 13:22:24 | [DOBIO] Saiyan_Barzini je dobio rep+ od igraca Richz_Voohunt. Razlog: OCEMO LAJV
25/11/2019 | 13:22:26 | [DOBIO] Saiyan_Barzini je dobio rep+ od igraca Richz_Voohunt. Razlog: OCEMO LAJV
25/11/2019 | 13:22:28 | [DOBIO] Saiyan_Barzini je dobio rep+ od igraca Richz_Voohunt. Razlog: OCEMO LAJV
25/11/2019 | 13:22:30 | [DOBIO] Saiyan_Barzini je dobio rep+ od igraca Richz_Voohunt. Razlog: OCEMO LAJV
25/11/2019 | 13:22:32 | [DOBIO] Saiyan_Barzini je dobio rep+ od igraca Richz_Voohunt. Razlog: OCEMO LAJV
25/11/2019 | 13:58:33 | [DOBIO] Saiyan_Barzini je dobio rep+ od igraca Richz_Voohunt. Razlog: LAJV GGRMI
25/11/2019 | 13:58:38 | [DOBIO] Saiyan_Barzini je dobio rep+ od igraca Richz_Voohunt. Razlog: LAJV GGRMI
25/11/2019 | 13:58:40 | [DOBIO] Saiyan_Barzini je dobio rep+ od igraca Richz_Voohunt. Razlog: LAJV GGRMI
25/11/2019 | 14:02:33 | [DOBIO] Saiyan_Barzini je dobio rep- od igraca Richz_Voohunt. Razlog: Neda UPPCoin.
25/11/2019 | 15:00:05 | [DOBIO] Saiyan_Barzini je dobio rep+ od igraca Richz_Voohunt. Razlog: poz me
25/11/2019 | 16:21:25 | [DOBIO] Saiyan_Barzini je dobio rep+ od igraca Richz_Voohunt. Razlog: Slabo GS jarane.
25/11/2019 | 16:21:45 | [DOBIO] Saiyan_Barzini je dobio rep+ od igraca Richz_Voohunt. Razlog: aim se.
